[    0.000000] Initializing cgroup subsys cpuset
[    0.000000] Initializing cgroup subsys cpu
[    0.000000] Initializing cgroup subsys cpuacct
[    0.000000] Linux version 4.4.0-210-generic (buildd@lgw01-amd64-009) (gcc version 5.4.0 20160609 (Ubuntu 5.4.0-6ubuntu1~16.04.12) ) #242-Ubuntu SMP Fri Apr 16 09:57:56 UTC 2021 (Ubuntu 4.4.0-210.242-generic 4.4.262)
[    0.000000] Command line: BOOT_IMAGE=/boot/vmlinuz-4.4.0-210-generic root=LABEL=cloudimg-rootfs ro console=tty1 console=ttyS0
[    0.000000] KERNEL supported cpus:
[    0.000000]   Intel GenuineIntel
[    0.000000]   AMD AuthenticAMD
[    0.000000]   Centaur CentaurHauls
[    0.000000] x86/fpu: Legacy x87 FPU detected.
[    0.000000] e820: BIOS-provided physical RAM map:
[    0.000000] BIOS-e820: [mem 0x0000000000000000-0x000000000009fbff] usable
[    0.000000] BIOS-e820: [mem 0x000000000009fc00-0x000000000009ffff] reserved
[    0.000000] BIOS-e820: [mem 0x00000000000f0000-0x00000000000fffff] reserved
[    0.000000] BIOS-e820: [mem 0x0000000000100000-0x000000001ffeffff] usable
[    0.000000] BIOS-e820: [mem 0x000000001fff0000-0x000000001fffffff] ACPI data
[    0.000000] BIOS-e820: [mem 0x00000000fec00000-0x00000000fec00fff] reserved
[    0.000000] BIOS-e820: [mem 0x00000000fee00000-0x00000000fee00fff] reserved
[    0.000000] BIOS-e820: [mem 0x00000000fffc0000-0x00000000ffffffff] reserved
[    0.000000] NX (Execute Disable) protection: active
[    0.000000] SMBIOS 2.5 present.
[    0.000000] Hypervisor detected: KVM
[    0.000000] e820: last_pfn = 0x1fff0 max_arch_pfn = 0x400000000
[    0.000000] MTRR: Disabled
[    0.000000] x86/PAT: MTRRs disabled, skipping PAT initialization too.
[    0.000000] CPU MTRRs all blank - virtualized system.
[    0.000000] x86/PAT: Configuration [0-7]: WB  WT  UC- UC  WB  WT  UC- UC  
[    0.000000] found SMP MP-table at [mem 0x0009fff0-0x0009ffff] mapped at [ffff88000009fff0]
[    0.000000] Scanning 1 areas for low memory corruption
[    0.000000] RAMDISK: [mem 0x1e8c2000-0x1f74bfff]
[    0.000000] ACPI: Early table checksum verification disabled
[    0.000000] ACPI: RSDP 0x00000000000E0000 000024 (v02 VBOX  )
[    0.000000] ACPI: XSDT 0x000000001FFF0030 00003C (v01 VBOX   VBOXXSDT 00000001 ASL  00000061)
[    0.000000] ACPI: FACP 0x000000001FFF00F0 0000F4 (v04 VBOX   VBOXFACP 00000001 ASL  00000061)
[    0.000000] ACPI: DSDT 0x000000001FFF0610 002353 (v02 VBOX   VBOXBIOS 00000002 INTL 20100528)
[    0.000000] ACPI: FACS 0x000000001FFF0200 000040
[    0.000000] ACPI: FACS 0x000000001FFF0200 000040
[    0.000000] ACPI: APIC 0x000000001FFF0240 00005C (v02 VBOX   VBOXAPIC 00000001 ASL  00000061)
[    0.000000] ACPI: SSDT 0x000000001FFF02A0 00036C (v01 VBOX   VBOXCPUT 00000002 INTL 20100528)
[    0.000000] No NUMA configuration found
[    0.000000] Faking a node at [mem 0x0000000000000000-0x000000001ffeffff]
[    0.000000] NODE_DATA(0) allocated [mem 0x1ffeb000-0x1ffeffff]
[    0.000000] kvm-clock: Using msrs 4b564d01 and 4b564d00
[    0.000000] kvm-clock: cpu 0, msr 0:1ffe3001, primary cpu clock
[    0.000000] kvm-clock: using sched offset of 3615543807 cycles
[    0.000000] clocksource: kvm-clock: mask: 0xffffffffffffffff max_cycles: 0x1cd42e4dffb, max_idle_ns: 881590591483 ns
[    0.000000] Zone ranges:
[    0.000000]   DMA      [mem 0x0000000000001000-0x0000000000ffffff]
[    0.000000]   DMA32    [mem 0x0000000001000000-0x000000001ffeffff]
[    0.000000]   Normal   empty
[    0.000000]   Device   empty
[    0.000000] Movable zone start for each node
[    0.000000] Early memory node ranges
[    0.000000]   node   0: [mem 0x0000000000001000-0x000000000009efff]
[    0.000000]   node   0: [mem 0x0000000000100000-0x000000001ffeffff]
[    0.000000] Initmem setup node 0 [mem 0x0000000000001000-0x000000001ffeffff]
[    0.000000] ACPI: PM-Timer IO Port: 0x4008
[    0.000000] IOAPIC[0]: apic_id 2, version 32, address 0xfec00000, GSI 0-23
[    0.000000] ACPI: INT_SRC_OVR (bus 0 bus_irq 0 global_irq 2 dfl dfl)
[    0.000000] ACPI: INT_SRC_OVR (bus 0 bus_irq 9 global_irq 9 low level)
[    0.000000] Using ACPI (MADT) for SMP configuration information
[    0.000000] smpboot: Allowing 2 CPUs, 0 hotplug CPUs
[    0.000000] PM: Registered nosave memory: [mem 0x00000000-0x00000fff]
[    0.000000] PM: Registered nosave memory: [mem 0x0009f000-0x0009ffff]
[    0.000000] PM: Registered nosave memory: [mem 0x000a0000-0x000effff]
[    0.000000] PM: Registered nosave memory: [mem 0x000f0000-0x000fffff]
[    0.000000] e820: [mem 0x20000000-0xfebfffff] available for PCI devices
[    0.000000] Booting paravirtualized kernel on KVM
[    0.000000] clocksource: refined-jiffies: mask: 0xffffffff max_cycles: 0xffffffff, max_idle_ns: 7645519600211568 ns
[    0.000000] setup_percpu: NR_CPUS:512 nr_cpumask_bits:512 nr_cpu_ids:2 nr_node_ids:1
[    0.000000] PERCPU: Embedded 33 pages/cpu @ffff88001fc00000 s95192 r8192 d31784 u1048576
[    0.000000] Built 1 zonelists in Node order, mobility grouping on.  Total pages: 128888
[    0.000000] Policy zone: DMA32
[    0.000000] Kernel command line: BOOT_IMAGE=/boot/vmlinuz-4.4.0-210-generic root=LABEL=cloudimg-rootfs ro console=tty1 console=ttyS0
[    0.000000] PID hash table entries: 2048 (order: 2, 16384 bytes)
[    0.000000] Memory: 481712K/523832K available (8644K kernel code, 1332K rwdata, 4044K rodata, 1492K init, 1164K bss, 42120K reserved, 0K cma-reserved)
[    0.000000] SLUB: HWalign=64, Order=0-3, MinObjects=0, CPUs=2, Nodes=1
[    0.000000] Kernel/User page tables isolation: enabled
[    0.000000] Hierarchical RCU implementation.
[    0.000000] 	Build-time adjustment of leaf fanout to 64.
[    0.000000] 	RCU restricting CPUs from NR_CPUS=512 to nr_cpu_ids=2.
[    0.000000] RCU: Adjusting geometry for rcu_fanout_leaf=64, nr_cpu_ids=2
[    0.000000] NR_IRQS:33024 nr_irqs:440 16
[    0.000000] Console: colour VGA+ 80x25
[    0.000000] console [tty1] enabled
[    0.000000] console [ttyS0] enabled
[    0.000000] tsc: Detected 2592.004 MHz processor
[    0.607488] Calibrating delay loop (skipped) preset value.. 5184.00 BogoMIPS (lpj=10368016)
[    0.618885] pid_max: default: 32768 minimum: 301
[    0.624034] ACPI: Core revision 20150930
[    0.629390] ACPI: 2 ACPI AML tables successfully acquired and loaded
[    0.638004] Security Framework initialized
[    0.644161] Yama: becoming mindful.
[    0.648005] AppArmor: AppArmor initialized
[    0.653398] Dentry cache hash table entries: 65536 (order: 7, 524288 bytes)
[    0.662957] Inode-cache hash table entries: 32768 (order: 6, 262144 bytes)
[    0.673338] Mount-cache hash table entries: 1024 (order: 1, 8192 bytes)
[    0.680435] Mountpoint-cache hash table entries: 1024 (order: 1, 8192 bytes)
[    0.691154] Initializing cgroup subsys io
[    0.695578] Initializing cgroup subsys memory
[    0.700443] Initializing cgroup subsys devices
[    0.706750] Initializing cgroup subsys freezer
[    0.711870] Initializing cgroup subsys net_cls
[    0.717757] Initializing cgroup subsys perf_event
[    0.725037] Initializing cgroup subsys net_prio
[    0.730926] Initializing cgroup subsys hugetlb
[    0.735887] Initializing cgroup subsys pids
[    0.753826] mce: CPU supports 0 MCE banks
[    0.758870] Last level iTLB entries: 4KB 64, 2MB 8, 4MB 8
[    0.766179] Last level dTLB entries: 4KB 64, 2MB 0, 4MB 0, 1GB 4
[    0.773533] Spectre V1 : Mitigation: usercopy/swapgs barriers and __user pointer sanitization
[    0.783564] Spectre V2 : Mitigation: Full generic retpoline
[    0.792142] Spectre V2 : Spectre v2 / SpectreRSB mitigation: Filling RSB on context switch
[    0.805209] Speculative Store Bypass: Vulnerable
[    0.810546] SRBDS: Unknown: Dependent on hypervisor status
[    0.818130] MDS: Mitigation: Clear CPU buffers
[    0.868655] Freeing SMP alternatives memory: 36K
[    0.970072] ftrace: allocating 32380 entries in 127 pages
[    1.606933] smpboot: APIC(0) Converting physical 0 to logical package 0
[    1.617449] smpboot: Max logical packages: 1
[    1.638014] ..TIMER: vector=0x30 apic1=0 pin1=2 apic2=-1 pin2=-1
[    1.753237] APIC calibration not consistent with PM-Timer: 105ms instead of 100ms
[    1.761528] APIC delta adjusted to PM-Timer: 6267998 (6582524)
[    1.768511] smpboot: CPU0: Intel(R) Core(TM) i7-9750H CPU @ 2.60GHz (family: 0x6, model: 0x9e, stepping: 0xa)
[    1.779969] Performance Events: unsupported p6 CPU model 158 no PMU driver, software events only.
[    1.885808] KVM setup paravirtual spinlock
[    1.891159] x86: Booting SMP configuration:
[    1.895485] .... node  #0, CPUs:      #1
[    1.901619] kvm-clock: cpu 1, msr 0:1ffe3041, secondary cpu clock
[    1.919442] mce: CPU supports 0 MCE banks
[    1.923829] TSC synchronization [CPU#0 -> CPU#1]:
[    1.928387] Measured 47714 cycles TSC warp between CPUs, turning off TSC clock.
[    1.935230] tsc: Marking TSC unstable due to check_tsc_sync_source failed
[    0.614457] x86: Booted up 1 node, 2 CPUs
[    0.616003] smpboot: Total of 2 processors activated (10368.01 BogoMIPS)
[    0.624244] devtmpfs: initialized
[    0.629362] evm: security.selinux
[    0.632004] evm: security.SMACK64
[    0.636002] evm: security.SMACK64EXEC
[    0.640002] evm: security.SMACK64TRANSMUTE
[    0.644002] evm: security.SMACK64MMAP
[    0.648003] evm: security.ima
[    0.652005] evm: security.capability
[    0.656531] clocksource: jiffies: mask: 0xffffffff max_cycles: 0xffffffff, max_idle_ns: 7645041785100000 ns
[    0.660019] futex hash table entries: 512 (order: 3, 32768 bytes)
[    0.664287] pinctrl core: initialized pinctrl subsystem
[    0.672359] RTC time: 13:05:30, date: 03/06/23
[    0.677101] NET: Registered protocol family 16
[    0.692007] cpuidle: using governor ladder
[    0.708005] cpuidle: using governor menu
[    0.712116] PCCT header not found.
[    0.716109] ACPI: bus type PCI registered
[    0.720003] acpiphp: ACPI Hot Plug PCI Controller Driver version: 0.5
[    0.724518] PCI: Using configuration type 1 for base access
[    0.744645] ACPI: Added _OSI(Module Device)
[    0.748118] ACPI: Added _OSI(Processor Device)
[    0.752002] ACPI: Added _OSI(3.0 _SCP Extensions)
[    0.756002] ACPI: Added _OSI(Processor Aggregator Device)
[    0.764397] ACPI: Executed 1 blocks of module-level executable AML code
[    0.775298] ACPI: Interpreter enabled
[    0.776010] ACPI: (supports S0 S5)
[    0.779479] ACPI: Using IOAPIC for interrupt routing
[    0.780338] PCI: Using host bridge windows from ACPI; if necessary, use "pci=nocrs" and report a bug
[    0.796103] ACPI: PCI Root Bridge [PCI0] (domain 0000 [bus 00-ff])
[    0.808006] acpi PNP0A03:00: _OSC: OS supports [ASPM ClockPM Segments MSI]
[    0.820728] acpi PNP0A03:00: _OSC: not requesting OS control; OS requires [ExtendedConfig ASPM ClockPM MSI]
[    0.840013] acpi PNP0A03:00: fail to add MMCONFIG information, can't access extended PCI configuration space under this bridge.
[    0.856573] PCI host bridge to bus 0000:00
[    0.864004] pci_bus 0000:00: root bus resource [io  0x0000-0x0cf7 window]
[    0.872003] pci_bus 0000:00: root bus resource [io  0x0d00-0xffff window]
[    0.880003] pci_bus 0000:00: root bus resource [mem 0x000a0000-0x000bffff window]
[    0.892005] pci_bus 0000:00: root bus resource [mem 0x20000000-0xfdffffff window]
[    0.900004] pci_bus 0000:00: root bus resource [bus 00-ff]
[    0.915106] pci 0000:00:01.1: legacy IDE quirk: reg 0x10: [io  0x01f0-0x01f7]
[    0.924003] pci 0000:00:01.1: legacy IDE quirk: reg 0x14: [io  0x03f6]
[    0.928003] pci 0000:00:01.1: legacy IDE quirk: reg 0x18: [io  0x0170-0x0177]
[    0.936003] pci 0000:00:01.1: legacy IDE quirk: reg 0x1c: [io  0x0376]
[    0.990937] pci 0000:00:07.0: quirk: [io  0x4000-0x403f] claimed by PIIX4 ACPI
[    1.000042] pci 0000:00:07.0: quirk: [io  0x4100-0x410f] claimed by PIIX4 SMB
[    1.014540] ACPI: PCI Interrupt Link [LNKA] (IRQs 5 9 10 *11)
[    1.026329] ACPI: PCI Interrupt Link [LNKB] (IRQs 5 9 *10 11)
[    1.038097] ACPI: PCI Interrupt Link [LNKC] (IRQs 5 *9 10 11)
[    1.050096] ACPI: PCI Interrupt Link [LNKD] (IRQs 5 9 10 *11)
[    1.061305] ACPI: Enabled 2 GPEs in block 00 to 07
[    1.068356] vgaarb: setting as boot device: PCI:0000:00:02.0
[    1.072000] vgaarb: device added: PCI:0000:00:02.0,decodes=io+mem,owns=io+mem,locks=none
[    1.084003] vgaarb: loaded
[    1.088002] vgaarb: bridge control possible 0000:00:02.0
[    1.092442] SCSI subsystem initialized
[    1.100369] ACPI: bus type USB registered
[    1.104052] usbcore: registered new interface driver usbfs
[    1.112040] usbcore: registered new interface driver hub
[    1.116013] usbcore: registered new device driver usb
[    1.124303] PCI: Using ACPI for IRQ routing
[    1.132382] NetLabel: Initializing
[    1.136002] NetLabel:  domain hash size = 128
[    1.140002] NetLabel:  protocols = UNLABELED CIPSOv4
[    1.148013] NetLabel:  unlabeled traffic allowed by default
[    1.152134] amd_nb: Cannot enumerate AMD northbridges
[    1.160292] clocksource: Switched to clocksource kvm-clock
[    1.194678] AppArmor: AppArmor Filesystem Enabled
[    1.200462] pnp: PnP ACPI init
[    1.206742] pnp: PnP ACPI: found 3 devices
[    1.257363] clocksource: acpi_pm: mask: 0xffffff max_cycles: 0xffffff, max_idle_ns: 2085701024 ns
[    1.267534] NET: Registered protocol family 2
[    1.272637] TCP established hash table entries: 4096 (order: 3, 32768 bytes)
[    1.275989] TCP bind hash table entries: 4096 (order: 4, 65536 bytes)
[    1.275989] TCP: Hash tables configured (established 4096 bind 4096)
[    1.275989] UDP hash table entries: 256 (order: 1, 8192 bytes)
[    1.275989] UDP-Lite hash table entries: 256 (order: 1, 8192 bytes)
[    1.275989] NET: Registered protocol family 1
[    1.275989] pci 0000:00:00.0: Limiting direct PCI/PCI transfers
[    1.275989] pci 0000:00:01.0: Activating ISA DMA hang workarounds
[    1.275989] Unpacking initramfs...
[    1.275989] Freeing initrd memory: 14888K
[    1.275989] clocksource: tsc: mask: 0xffffffffffffffff max_cycles: 0x255cbae350f, max_idle_ns: 440795327587 ns
[    1.275989] platform rtc_cmos: registered platform RTC device (no PNP device found)
[    1.275989] Scanning for low memory corruption every 60 seconds
[    1.275989] audit: initializing netlink subsys (disabled)
[    1.275989] audit: type=2000 audit(1678107934.539:1): initialized
[    1.275989] Initialise system trusted keyring
[    1.275989] HugeTLB registered 2 MB page size, pre-allocated 0 pages
[    1.275989] zbud: loaded
[    1.275989] VFS: Disk quotas dquot_6.6.0
[    1.275989] VFS: Dquot-cache hash table entries: 512 (order 0, 4096 bytes)
[    1.275989] squashfs: version 4.0 (2009/01/31) Phillip Lougher
[    1.275989] fuse init (API version 7.23)
[    1.275989] Key type big_key registered
[    1.275989] Allocating IMA MOK and blacklist keyrings.
[    1.275989] Key type asymmetric registered
[    1.275989] Asymmetric key parser 'x509' registered
[    1.275989] Block layer SCSI generic (bsg) driver version 0.4 loaded (major 249)
[    1.275989] io scheduler noop registered
[    1.275989] io scheduler deadline registered (default)
[    1.275989] io scheduler cfq registered
[    1.275989] pci_hotplug: PCI Hot Plug PCI Core version: 0.5
[    1.275989] pciehp: PCI Express Hot Plug Controller Driver version: 0.4
[    1.275989] ACPI: AC Adapter [AC] (on-line)
[    1.275989] input: Power Button as /devices/LNXSYSTM:00/LNXPWRBN:00/input/input0
[    1.275989] ACPI: Power Button [PWRF]
[    1.275989] input: Sleep Button as /devices/LNXSYSTM:00/LNXSLPBN:00/input/input1
[    1.275989] ACPI: Sleep Button [SLPF]
[    1.275989] GHES: HEST is not enabled!
[    1.275989] ACPI: Battery Slot [BAT0] (battery present)
[    1.275989] Serial: 8250/16550 driver, 32 ports, IRQ sharing enabled
[    1.902324] 00:02: ttyS0 at I/O 0x3f8 (irq = 4, base_baud = 115200) is a 16550A
[    1.911992] Linux agpgart interface v0.103
[    1.922419] loop: module loaded
[    1.928119] scsi host0: ata_piix
[    1.932025] scsi host1: ata_piix
[    1.935629] ata1: PATA max UDMA/33 cmd 0x1f0 ctl 0x3f6 bmdma 0xd000 irq 14
[    1.943274] ata2: PATA max UDMA/33 cmd 0x170 ctl 0x376 bmdma 0xd008 irq 15
[    1.951808] libphy: Fixed MDIO Bus: probed
[    1.958187] tun: Universal TUN/TAP device driver, 1.6
[    1.963536] tun: (C) 1999-2004 Max Krasnyansky <maxk@qualcomm.com>
[    1.969909] PPP generic driver version 2.4.2
[    1.975054] ehci_hcd: USB 2.0 'Enhanced' Host Controller (EHCI) Driver
[    1.982046] ehci-pci: EHCI PCI platform driver
[    1.987336] ehci-platform: EHCI generic platform driver
[    1.992729] ohci_hcd: USB 1.1 'Open' Host Controller (OHCI) Driver
[    1.998977] ohci-pci: OHCI PCI platform driver
[    2.003874] ohci-platform: OHCI generic platform driver
[    2.019208] uhci_hcd: USB Universal Host Controller Interface driver
[    2.026198] i8042: PNP: PS/2 Controller [PNP0303:PS2K,PNP0f03:PS2M] at 0x60,0x64 irq 1,12
[    2.038962] serio: i8042 KBD port at 0x60,0x64 irq 1
[    2.045045] serio: i8042 AUX port at 0x60,0x64 irq 12
[    2.050346] mousedev: PS/2 mouse device common for all mice
[    2.058921] rtc_cmos rtc_cmos: rtc core: registered rtc_cmos as rtc0
[    2.067061] rtc_cmos rtc_cmos: alarms up to one day, 114 bytes nvram
[    2.074113] i2c /dev entries driver
[    2.078563] input: AT Translated Set 2 keyboard as /devices/platform/i8042/serio0/input/input2
[    2.088290] device-mapper: uevent: version 1.0.3
[    2.094219] device-mapper: ioctl: 4.34.0-ioctl (2015-10-28) initialised: dm-devel@redhat.com
[    2.103770] ledtrig-cpu: registered to indicate activity on CPUs
[    2.110998] NET: Registered protocol family 10
[    2.116682] NET: Registered protocol family 17
[    2.122052] Key type dns_resolver registered
[    2.127549] registered taskstats version 1
[    2.133358] Loading compiled-in X.509 certificates
[    2.139744] Loaded X.509 cert 'Build time autogenerated kernel key: cf00e047681d67edb2720680708b7d9498083038'
[    2.150514] zswap: loaded using pool lzo/zbud
[    2.157998] Key type trusted registered
[    2.172268] Key type encrypted registered
[    2.177324] AppArmor: AppArmor sha1 policy hashing enabled
[    2.183644] ima: No TPM chip found, activating TPM-bypass!
[    2.189991] ima: Allocated hash algorithm: sha1
[    2.195293] evm: HMAC attrs: 0x1
[    2.200633]   Magic number: 15:322:78
[    2.205586] rtc_cmos rtc_cmos: setting system clock to 2023-03-06 13:05:32 UTC (1678107932)
[    2.215199] BIOS EDD facility v0.16 2004-Jun-25, 0 devices found
[    2.221931] EDD information not available.
[    2.229692] Freeing unused kernel memory: 1492K
[    2.235287] Write protecting the kernel read-only data: 14336k
[    2.243302] Freeing unused kernel memory: 1584K
[    2.249523] Freeing unused kernel memory: 52K
Loading, please wait...
starting version 229
[    2.282250] random: systemd-udevd: uninitialized urandom read (16 bytes read, 9 bits of entropy available)
[    2.282306] random: udevadm: uninitialized urandom read (16 bytes read, 9 bits of entropy available)
[    2.282329] random: udevadm: uninitialized urandom read (16 bytes read, 9 bits of entropy available)
[    2.293716] random: udevadm: uninitialized urandom read (16 bytes read, 9 bits of entropy available)
[    2.293772] random: udevadm: uninitialized urandom read (16 bytes read, 9 bits of entropy available)
[    2.293954] random: udevadm: uninitialized urandom read (16 bytes read, 9 bits of entropy available)
[    2.294039] random: udevadm: uninitialized urandom read (16 bytes read, 9 bits of entropy available)
[    2.294146] random: udevadm: uninitialized urandom read (16 bytes read, 9 bits of entropy available)
[    2.294204] random: udevadm: uninitialized urandom read (16 bytes read, 9 bits of entropy available)
[    2.294253] random: udevadm: uninitialized urandom read (16 bytes read, 9 bits of entropy available)
[    2.436242] Fusion MPT base driver 3.04.20
[    2.440155] Copyright (c) 1999-2008 LSI Corporation
[    2.458335] e1000: Intel(R) PRO/1000 Network Driver - version 7.3.21-k8-NAPI
[    2.460345] e1000: Copyright (c) 1999-2006 Intel Corporation.
[    2.515982] Fusion MPT SPI Host driver 3.04.20
[    2.541418] SSE version of gcm_enc/dec engaged.
[    2.748282] input: ImExPS/2 Generic Explorer Mouse as /devices/platform/i8042/serio1/input/input4
[    3.189548] e1000 0000:00:03.0 eth0: (PCI:33MHz:32-bit) 02:be:82:6b:cc:1d
[    3.196686] e1000 0000:00:03.0 eth0: Intel(R) PRO/1000 Network Connection
[    3.205416] e1000 0000:00:03.0 enp0s3: renamed from eth0
[    3.212574] mptbase: ioc0: Initiating bringup
[    3.290668] ioc0: LSI53C1030 A0: Capabilities={Initiator}
[    3.470457] scsi host2: ioc0: LSI53C1030 A0, FwRev=00000000h, Ports=1, MaxQ=256, IRQ=20
[    3.589843] scsi 2:0:0:0: Direct-Access     VBOX     HARDDISK         1.0  PQ: 0 ANSI: 5
[    3.597714] scsi target2:0:0: Beginning Domain Validation
[    3.609489] scsi target2:0:0: Domain Validation skipping write tests
[    3.616262] scsi target2:0:0: Ending Domain Validation
[    3.621855] scsi target2:0:0: asynchronous
[    3.630117] scsi 2:0:1:0: Direct-Access     VBOX     HARDDISK         1.0  PQ: 0 ANSI: 5
[    3.638311] scsi target2:0:1: Beginning Domain Validation
[    3.652008] scsi target2:0:1: Domain Validation skipping write tests
[    3.658223] scsi target2:0:1: Ending Domain Validation
[    3.663693] scsi target2:0:1: asynchronous
[    3.694635] sd 2:0:0:0: Attached scsi generic sg0 type 0
[    3.704015] sd 2:0:0:0: [sda] 83886080 512-byte logical blocks: (42.9 GB/40.0 GiB)
[    3.712522] sd 2:0:1:0: Attached scsi generic sg1 type 0
[    3.713373] sd 2:0:0:0: [sda] Write Protect is off
[    3.713942] sd 2:0:0:0: [sda] Incomplete mode parameter data
[    3.713943] sd 2:0:0:0: [sda] Assuming drive cache: write through
[    3.725653]  sda: sda1
[    3.726656] sd 2:0:1:0: [sdb] 20480 512-byte logical blocks: (10.5 MB/10.0 MiB)
[    3.728411] sd 2:0:1:0: [sdb] Write Protect is off
[    3.729101] sd 2:0:1:0: [sdb] Incomplete mode parameter data
[    3.729102] sd 2:0:1:0: [sdb] Assuming drive cache: write through
[    3.730117] sd 2:0:0:0: [sda] Attached SCSI disk
[    3.736164] sd 2:0:1:0: [sdb] Attached SCSI disk
Begin: Loading essential drivers ... [    5.402319] md: linear personality registered for level -1
[    5.412468] md: multipath personality registered for level -4
[    5.422043] md: raid0 personality registered for level 0
[    5.443114] md: raid1 personality registered for level 1
[    5.521455] raid6: sse2x1   gen() 13062 MB/s
[    5.592270] raid6: sse2x1   xor()  9376 MB/s
[    5.664405] raid6: sse2x2   gen() 16256 MB/s
[    5.736315] raid6: sse2x2   xor() 11361 MB/s
[    5.808441] raid6: sse2x4   gen() 18510 MB/s
[    5.880562] raid6: sse2x4   xor() 12070 MB/s
[    5.885436] raid6: using algorithm sse2x4 gen() 18510 MB/s
[    5.891035] raid6: .... xor() 12070 MB/s, rmw enabled
[    5.896545] raid6: using ssse3x2 recovery algorithm
[    5.904809] xor: measuring software checksum speed
[   10.088326]    prefetch64-sse: 357847.704 MB/sec
[   11.161719]    generic_sse: 46644.000 MB/sec
[   11.166666] xor: using function: prefetch64-sse (357847.704 MB/sec)
[   11.175516] async_tx: api initialized (async)
[   11.220723] md: raid6 personality registered for level 6
[   11.226272] md: raid5 personality registered for level 5
[   11.231814] md: raid4 personality registered for level 4
[   11.258180] md: raid10 personality registered for level 10
done.
Begin: Running /scripts/init-premount ... done.
Begin: Mounting root file system ... Begin: Running /scripts/local-top ... done.
Begin: Running /scripts/local-premount ... [   11.346468] Btrfs loaded
Scanning for Btrfs filesystems
done.
Warning: fsck not present, so skipping root file system
[   11.415399] EXT4-fs (sda1): mounted filesystem with ordered data mode. Opts: (null)
done.
Begin: Running /scripts/local-bottom ... done.
Begin: Running /scripts/init-bottom ... done.
[   11.604197] systemd[1]: systemd 229 running in system mode. (+PAM +AUDIT +SELINUX +IMA +APPARMOR +SMACK +SYSVINIT +UTMP +LIBCRYPTSETUP +GCRYPT +GNUTLS +ACL +XZ -LZ4 +SECCOMP +BLKID +ELFUTILS +KMOD -IDN)
[   11.621989] systemd[1]: Detected virtualization oracle.
[   11.628018] systemd[1]: Detected architecture x86-64.

Welcome to [1mUbuntu 16.04.7 LTS[0m!

[   11.645802] systemd[1]: Set hostname to <ubuntu>.
[   11.657500] systemd[1]: Initializing machine ID from random generator.
[   11.664028] systemd[1]: Installed transient /etc/machine-id file.
[   11.890222] systemd[1]: Listening on LVM2 metadata daemon socket.
[[0;32m  OK  [0m] Listening on LVM2 metadata daemon socket.
[   11.902511] systemd[1]: Reached target Swap.
[[0;32m  OK  [0m] Reached target Swap.
[   11.912433] systemd[1]: Reached target Encrypted Volumes.
[[0;32m  OK  [0m] Reached target Encrypted Volumes.
[   11.924505] systemd[1]: Listening on udev Kernel Socket.
[[0;32m  OK  [0m] Listening on udev Kernel Socket.
[   11.935491] systemd[1]: Listening on fsck to fsckd communication Socket.
[[0;32m  OK  [0m] Listening on fsck to fsckd communication Socket.
[   11.948296] systemd[1]: Reached target System Time Synchronized.
[[0;32m  OK  [0m] Reached target System Time Synchronized.
[   11.959827] systemd[1]: Listening on udev Control Socket.
[[0;32m  OK  [0m] Listening on udev Control Socket.
[   11.971044] systemd[1]: Listening on /dev/initctl Compatibility Named Pipe.
[[0;32m  OK  [0m] Listening on /dev/initctl Compatibility Named Pipe.
[   11.983811] systemd[1]: Listening on LVM2 poll daemon socket.
[[0;32m  OK  [0m] Listening on LVM2 poll daemon socket.
[   11.995360] systemd[1]: Started Trigger resolvconf update for networkd DNS.
[[0;32m  OK  [0m] Started Trigger resolvconf update for networkd DNS.
[   12.008759] systemd[1]: Listening on Device-mapper event daemon FIFOs.
[[0;32m  OK  [0m] Listening on Device-mapper event daemon FIFOs.
[   12.021554] systemd[1]: Created slice User and Session Slice.
[[0;32m  OK  [0m] Created slice User and Session Slice.
[   12.033686] systemd[1]: Set up automount Arbitrary Executable File Formats File System Automount Point.
[[0;32m  OK  [0m] Set up automount Arbitrary Executab...ats File System Automount Point.
[   12.050716] systemd[1]: Listening on Journal Socket (/dev/log).
[[0;32m  OK  [0m] Listening on Journal Socket (/dev/log).
[   12.062489] systemd[1]: Reached target User and Group Name Lookups.
[[0;32m  OK  [0m] Reached target User and Group Name Lookups.
[   12.075201] systemd[1]: Listening on Journal Audit Socket.
[[0;32m  OK  [0m] Listening on Journal Audit Socket.
[   12.087550] systemd[1]: Listening on Journal Socket.
[[0;32m  OK  [0m] Listening on Journal Socket.
[   12.098511] systemd[1]: Created slice System Slice.
[[0;32m  OK  [0m] Created slice System Slice.
[   12.121768] systemd[1]: Starting Monitoring of LVM2 mirrors, snapshots etc. using dmeventd or progress polling...
         Starting Monitoring of LVM2 mirrors... dmeventd or progress polling...
[   12.143109] systemd[1]: Starting Load Kernel Modules...
[   12.149028] random: nonblocking pool is initialized
         Starting Load Kernel Modules...
[   12.169397] systemd[1]: Mounting Huge Pages File System...
         Mounting Huge Pages File System...
[   12.181249] Loading iSCSI transport class v2.0-870.
[   12.185230] systemd[1]: Reached target Slices.
[[0;32m  OK  [0m] Reached target Slices.
[   12.206940] iscsi: registered transport (tcp)
[   12.214020] systemd[1]: Starting Create list of required static device nodes for the current kernel...
         Starting Create list of required st... nodes for the current kernel...
[   12.232827] systemd[1]: Mounting Debug File System...
         Mounting Debug File System...
[   12.246104] systemd[1]: Created slice system-serial\x2dgetty.slice.
[[0;32m  OK  [0m] Created slice system-serial\x2dgetty.slice.
[   12.262599] systemd[1]: Mounting POSIX Message Queue File System...
         Mounting POSIX Message Queue File System...
[   12.280810] systemd[1]: Starting File System Check on Root Device...
         Starting File System Check on Root Device...
[   12.300762] systemd[1]: Starting Uncomplicated firewall...
         Starting Uncomplicated firewall...
[   12.314490] systemd[1]: Started Forward Password Requests to Wall Directory Watch.
[[0;32m  OK  [0m] Started Forward Password Requests to Wall Directory Watch.
[   12.332895] systemd[1]: Listening on Syslog Socket.
[[0;32m  OK  [0m] Listening on Syslog Socket.
[   12.350428] systemd[1]: Starting Journal Service...
[   12.357751] iscsi: registered transport (iser)
         Starting Journal Service...
[   12.370634] systemd[1]: Starting Nameserver information manager...
         Starting Nameserver information manager...
[   12.385223] systemd[1]: Starting Set console keymap...
         Starting Set console keymap...
[   12.399262] systemd[1]: Mounted Huge Pages File System.
[[0;32m  OK  [0m] Mounted Huge Pages File System.
[   12.410321] systemd[1]: Mounted POSIX Message Queue File System.
[[0;32m  OK  [0m] Mounted POSIX Message Queue File System.
[   12.421890] systemd[1]: Mounted Debug File System.
[[0;32m  OK  [0m] Mounted Debug File System.
[   12.431670] systemd[1]: Started Journal Service.
[[0;32m  OK  [0m] Started Journal Service.
[[0;32m  OK  [0m] Started Load Kernel Modules.
[[0;32m  OK  [0m] Started Create list of required sta...ce nodes for the current kernel.
[[0;32m  OK  [0m] Started File System Check on Root Device.
[[0;32m  OK  [0m] Started Uncomplicated firewall.
[[0;32m  OK  [0m] Started Set console keymap.
[[0;32m  OK  [0m] Started Nameserver information manager.
[[0;32m  OK  [0m] Started File System Check Daemon to report status.
[[0;32m  OK  [0m] Started LVM2 metadata daemon.
         Starting Remount Root and Kernel File Systems...
[   12.523710] EXT4-fs (sda1): re-mounted. Opts: (null)
         Starting Create Static Device Nodes in /dev...
         Starting Apply Kernel Variables...
         Mounting FUSE Control File System...
[[0;32m  OK  [0m] Mounted FUSE Control File System.
[[0;32m  OK  [0m] Started Remount Root and Kernel File Systems.
[[0;32m  OK  [0m] Started Create Static Device Nodes in /dev.
[[0;32m  OK  [0m] Started Apply Kernel Variables.
         Starting udev Kernel Device Manager...
         Starting Load/Save Random Seed...
         Starting Flush Journal to Persistent Storage...
         Starting udev Coldplug all Devices...
[[0;32m  OK  [0m] Started Load/Save Random Seed.
[[0;32m  OK  [0m] Started Flush Journal to Persistent Storage.
[[0;32m  OK  [0m] Started udev Kernel Device Manager.
[[0;32m  OK  [0m] Started udev Coldplug all Devices.
[[0;32m  OK  [0m] Started Dispatch Password Requests to Console Directory Watch.
[[0;32m  OK  [0m] Found device /dev/ttyS0.
[[0;32m  OK  [0m] Listening on Load/Save RF Kill Switch Status /dev/rfkill Watch.
[[0;32m  OK  [0m] Started Monitoring of LVM2 mirrors,...ng dmeventd or progress polling.
[[0;32m  OK  [0m] Reached target Local File Systems (Pre).
[[0;32m  OK  [0m] Reached target Local File Systems.
         Starting Commit a transient machine-id on disk...
         Starting Create Volatile Files and Directories...
         Starting Set console font and keymap...
         Starting Initial cloud-init job (pre-networking)...
         Starting LSB: AppArmor initialization...
         Starting Tell Plymouth To Write Out Runtime Data...
[[0;32m  OK  [0m] Started Commit a transient machine-id on disk.
[[0;32m  OK  [0m] Started Create Volatile Files and Directories.
[[0;32m  OK  [0m] Started Tell Plymouth To Write Out Runtime Data.
         Starting Update UTMP about System Boot/Shutdown...
[[0;32m  OK  [0m] Started Update UTMP about System Boot/Shutdown.
[[0;32m  OK  [0m] Started Set console font and keymap.
[[0;32m  OK  [0m] Created slice system-getty.slice.
[   15.163079] cloud-init[611]: Cloud-init v. 21.1-19-gbad84ad4-0ubuntu1~16.04.2 running 'init-local' at Mon, 06 Mar 2023 13:05:45 +0000. Up 14.72 seconds.
[[0;32m  OK  [0m] Started LSB: AppArmor initialization.
         Starting Load AppArmor profiles managed internally by snapd...
[[0;32m  OK  [0m] Started Initial cloud-init job (pre-networking).
[[0;32m  OK  [0m] Reached target Network (Pre).
         Starting Raise network interfaces...
[[0;32m  OK  [0m] Started Load AppArmor profiles managed internally by snapd.
[[0;32m  OK  [0m] Started Raise network interfaces.
         Starting Initial cloud-init job (metadata service crawler)...
[[0;32m  OK  [0m] Reached target Network.
[   16.271786] cloud-init[944]: Cloud-init v. 21.1-19-gbad84ad4-0ubuntu1~16.04.2 running 'init' at Mon, 06 Mar 2023 13:05:46 +0000. Up 15.79 seconds.
[   16.281011] cloud-init[944]: ci-info: ++++++++++++++++++++++++++++++++++++++Net device info++++++++++++++++++++++++++++++++++++++
[   16.289228] cloud-init[944]: ci-info: +--------+------+----------------------------+---------------+--------+-------------------+
[   16.298415] cloud-init[944]: [[0;32m  OK  [0m] Started Initial cloud-init job (metadata service crawler).
[[0;32m  OK  [0m] Reached target System Initialization.
ci-info: | Device |  Up  |          Address           |      Mask     | Scope  |     Hw-Address    |
[   16.312574] [[0;32m  OK  [0m] Started ACPI Events Check.
[[0;32m  OK  [0m] Reached target Paths.
[[0;32m  OK  [0m] Started Message of the Day.
[[0;32m  OK  [0m] Started Ubuntu Advantage update messaging.
[[0;32m  OK  [0m] Started Daily apt download activities.
[[0;32m  OK  [0m] Started Daily apt upgrade and clean activities.
[[0;32m  OK  [0m] Listening on ACPID Listen Socket.
cloud-init[944]: ci-info: +--------+------+----------------------------+---------------+--------+-------------------+
         Starting LXD - unix socket.
[[0;32m  OK  [0m] Listening on UUID daemon activation socket.
[[0;32m  OK  [0m] Started Daily Cleanup of Temporary Directories.
[[0;32m  OK  [0m] Reached target Timers.
         Starting Socket activation for snappy daemon.
[[0;32m  OK  [0m] Listening on D-Bus System Message Bus Socket.
[[0;32m  OK  [0m] Reached target Network is Online.
[   16.331670] cloud-init[944]: ci-info: | enp0s3 | True |         10.0.2.15          | 255.255.255.0 | global | 02:be:82:6b:cc:1d |
[   16.350158] cloud-init[944]: ci-info: | enp0s3 | True | fe80::be:82ff:fe6b:cc1d/64 |       .       |  link  | 02:be:82:6b:cc:1d |         Starting iSCSI initiator daemon (iscsid)...
[[0;32m  OK  [0m] Reached target Cloud-config availability.
[[0;32m  OK  [0m] Listening on LXD - unix socket.
[[0;32m  OK  [0m] Listening on Socket activation for snappy daemon.
[[0;32m  OK  [0m] Reached target Sockets.
[[0;32m  OK  [0m] Reached target Basic System.

[[0;32m  OK  [0m] Started Regular background program processing daemon.
[   16.371290]          Starting Pollinate to seed the pseudo random number generator...
         Starting System Logging Service...
cloud-init         Starting LXD - container startup/shutdown...
[944]: [[0;32m  OK  [0m] Started D-Bus System Message Bus.
ci-info: |   lo   | True |         127.0.0.1          |   255.0.0.0   |  host  |         .         |
[   16.407717] cloud-init[944]: ci-info: |   lo   | True |          ::1/128           |       .       |  host  |         .         |
[   16.416020] cloud-init[944]: ci-info: +--------+------+----------------------------+---------------+--------+-------------------+
[   16.424696] cloud-init[944]: ci-info: +++++++++++++++++++++++++++Route IPv4 info++++++++++++++++++++++++++++
[   16.434272] cloud-init[944]: ci-info: +-------+-------------+----------+---------------+-----------+-------+
[   16.445465] cloud-init[944]: ci-info: | Route | Destination | Gateway  |    Genmask    | Interface | Flags |
[   16.451652] cloud-init[944]: ci-info: +-------+-------------+----------+---------------+-----------+-------+
[   16.459736] cloud-init[944]: ci-info: |   0   |   0.0.0.0   | 10.0.2.2 |    0.0.0.0    |   enp0s3  |   UG  |
[   16.466063] cloud-init[944]: ci-info: |   1   |   10.0.2.0  | 0.0.0.0  | 255.255.255.0 |   enp0s3  |   U   |
[   16.475343] cloud-init[944]: ci-info: +-------+-------------+----------+---------------+-----------+-------+
[   16.480759] cloud-init[944]: ci-info: +++++++++++++++++++Route IPv6 info+++++++++++++++++++
[   16.490112] cloud-init[944]: ci-info: +-------+-------------+---------+-----------+-------+
[   16.504360] cloud-init         Starting LSB: MD monitoring daemon...
         Starting /etc/rc.local Compatibility...
[944]: [[0;32m  OK  [0m] Started ACPI event daemon.
[[0;32m  OK  [0m] Started Deferred execution scheduler.
         Starting Accounts Service...
         Starting Virtualbox guest utils...
         Starting Login Service...
         Starting LSB: Record successful boot for GRUB...
[[0;32m  OK  [0m] Started FUSE filesystem for LXC.
         Starting Snap Daemon...
[[0;32m  OK  [0m] Started System Logging Service.
[[0;32m  OK  [0m] Started /etc/rc.local Compatibility.
ci-info: | Route | Destination | Gateway | Interface | Flags |
[[0;32m  OK  [0m] Started iSCSI initiator daemon (iscsid).
         Starting Login to default iSCSI targets...
[   16.535778] cloud-init[944]: ci-info: +-------+-------------+---------+-----------+-------+
[   16.611517] [[0;32m  OK  [0m] Started Login Service.
cloud-init[[0;32m  OK  [0m] Started Unattended Upgrades Shutdown.
[[0;32m  OK  [0m] Started Login to default iSCSI targets.
[[0;32m  OK  [0m] Reached target Remote File Systems (Pre).
[[0;32m  OK  [0m] Reached target Remote File Systems.
         Starting LSB: Set the CPU Frequency Scaling governor to "ondemand"...
[944]:          Starting LSB: daemon to balance interrupts for SMP systems...
         Starting LSB: automatic crash report generation...
ci-info: |   0   |  fe80::/64  |    ::   |   enp0s3  |   U   |         Starting Permit User Sessions...
[[0;32m  OK  [0m] Started Permit User Sessions.

         Starting Hold until boot process finishes up...
         Starting Terminate Plymouth Boot Screen...
[[0;32m  OK  [0m] Started Hold until boot process finishes up.
[[0;32m  OK  [0m] Started LXD - container startup/shutdown.
[[0;32m  OK  [0m] Started Serial Getty on ttyS0.
[[0;32m  OK  [0m] Started Getty on tty1.
[[0;32m  OK  [0m] Reached target Login Prompts.
         Starting Set console scheme...
[[0;32m  OK  [0m] Started LSB: Set the CPU Frequency Scaling governor to "ondemand".
[[0;32m  OK  [0m] Started Terminate Plymouth Boot Screen.
[[0;32m  OK  [0m] Started LSB: MD monitoring daemon.
[[0;32m  OK  [0m] Started Set console scheme.
[[0;32m  OK  [0m] Started LSB: Record successful boot for GRUB.
[   16.758687] cloud-init[944]: ci-info: |   3   |   ff00::/8  |    ::   |   enp0s3  |   U   |
[[0;32m  OK  [0m] Started LSB: daemon to balance interrupts for SMP systems.
[   16.808735] cloud-init[944]: ci-info: +-------+-------------+---------+-----------+-------+
         Starting Authenticate and Authorize Users to Run Privileged Tasks...
[   16.860986] [[0;32m  OK  [0m] Started LSB: automatic crash report generation.
cloud-init[944]: Generating public/private rsa key pair.
[   16.888742] cloud-init[944]: Your identification has been saved in /etc/ssh/ssh_host_rsa_key.
[   16.918633] cloud-init[944]: Your public key has been saved in /etc/ssh/ssh_host_rsa_key.pub.
[   16.937903] cloud-init[944]: The key fingerprint is:
[   16.938026] cloud-init[944]: SHA256:vT4LWVStv9+joHbBoxhIl9Z2sVJuoO8EZb7wB1CLEy0 root@ubuntu-xenial
[   16.938099] cloud-init[944]: The key's randomart image is:
[   16.938727] cloud-init[944]: +---[RSA 2048]----+
[[0;32m  OK  [0m] Started Authenticate and Authorize Users to Run Privileged Tasks.
[[0;32m  OK  [0m] Started Accounts Service.
[   16.940324] cloud-init[944]: |       .o.  ..   |
[   16.976646] cloud-init[944]: |       Eo=.+  .  |
[   16.989540] cloud-init[944]: |       oX.= o.   |
[   16.998462] cloud-init[944]: |     . B.O =.    |
[[0;32m  OK  [0m] Started Virtualbox guest utils.
[   17.027424] cloud-init[944]: |    . + S X  .   |
[   17.038674] cloud-init[944]: |     . . B *  .  |
[   17.051904] cloud-init[944]: |        B +.o  . |
[   17.061893] cloud-init[944]: |       . *o.. ...|
[   17.072904] cloud-init[944]: [[0;32m  OK  [0m] Started Pollinate to seed the pseudo random number generator.
|        ..+o ...+|
[   17.087552] cloud-init         Starting OpenBSD Secure Shell server...
[944]: +----[SHA256]-----+
[   17.103240] cloud-init[944]: Generating public/private dsa key pair.
[   17.111172] cloud-init[944]: Your identification has been saved in /etc/ssh/ssh_host_dsa_key.
[   17.122057] cloud-init[944]: Your public key has been saved in /etc/ssh/ssh_host_dsa_key.pub.
[   17.131449] cloud-init[944]: The key fingerprint is:
[   17.144690] cloud-init[944]: SHA256:0KxEOvmEBmGhB9+vv6qoVT2kmhO0k7SlJ6P78e6Y5/A root@ubuntu-xenial
[   17.154651] cloud-init[944]: The key's randomart image is:
[   17.165651] cloud-init[944]: +---[DSA 1024]----+
[   17.177795] cloud-init[944]: |. =o  .          |
[[0;32m  OK  [0m] Started OpenBSD Secure Shell server.
[   17.189654] cloud-init[944]: | = o = o         |
[   17.199646] cloud-init[944]: |. = O = o        |
[   17.211909] cloud-init[944]: | + B X o         |
[   17.220595] cloud-init[944]: |  X + * S        |
[   17.227249] cloud-init[944]: | . X . .         |
[   17.233390] cloud-init[944]: |. B .            |
[   17.244940] cloud-init[944]: | + O..           |
[   17.256526] cloud-init[944]: |=.=*E.o.         |
[   17.276532] cloud-init[944]: +----[SHA256]-----+
[   17.288586] cloud-init[944]: Generating public/private ecdsa key pair.
[   17.308749] cloud-init[944]: Your identification has been saved in /etc/ssh/ssh_host_ecdsa_key.
[   17.324255] cloud-init[944]: Your public key has been saved in /etc/ssh/ssh_host_ecdsa_key.pub.
[   17.335354] cloud-init[944]: The key fingerprint is:
[   17.344726] cloud-init[944]: SHA256:crbuqQhcgxu6EdeOe68XXep1egm84q7Zl8b0MZSsxEo root@ubuntu-xenial
[   17.352455] [[0;32m  OK  [0m] Created slice User Slice of vagrant.
cloud-init[944]: The key's randomart image is:
[   17.361292] cloud-init[944]: +---[ECDSA 256]---+
[   17.368825] cloud-init[944]: |                 |
[   17.374677]          Starting User Manager for UID 1000...
cloud-init[944]: |                 |
[   17.382833] [[0;32m  OK  [0m] Started Session 1 of user vagrant.
cloud-init[944]: |         . . .   |
[   17.396904] cloud-init[944]: |   o    E + +    |
[   17.404348] cloud-init[944]: |. + + .oS* o     |
[[0;32m  OK  [0m] Started User Manager for UID 1000.
[   17.416907] cloud-init[944]: | = * ..++.* +    |
[   17.429055] cloud-init[944]: |o = .  o.+ B +   |
[   17.438366] cloud-init[944]: | o o...+o.B +    |
[   17.446859] cloud-init[944]: |. ..o+=*B+ .     |
[   17.454494] cloud-init[944]: +----[SHA256]-----+
[   17.466079] cloud-init[944]: Generating public/private ed25519 key pair.
[   17.474090] cloud-init[944]: Your identification has been saved in /etc/ssh/ssh_host_ed25519_key.
[   17.481132] cloud-init[944]: Your public key has been saved in /etc/ssh/ssh_host_ed25519_key.pub.
[   17.488791] cloud-init[944]: The key fingerprint is:
[   17.494455] cloud-init[944]: SHA256:fL2e2Owl+Awoq8UfvIac7RDIpp72P0O1fs1/m8bGzmw root@ubuntu-xenial
[   17.501533] cloud-init[944]: The key's randomart image is:
[   17.507949] cloud-init[944]: +--[ED25519 256]--+
[   17.514071] cloud-init[944]: |                 |
[   17.521445] cloud-init[944]: |                 |
[   17.529004] cloud-init[944]: |                 |
[   17.539932] [[0;32m  OK  [0m] Started Snap Daemon.
cloud-init[944]: |   . . ..  .     |
[   17.549993] cloud-init[944]: |    + ..S.. .    |
[   17.557933] cloud-init[944]: |   o ..o.o . .   |         Starting Wait until snapd is fully seeded...

[   17.578837] cloud-init[944]: |  .  o==+ ooo +  |
[   17.594803] cloud-init[944]: | ... .*=+o.Oo+oEo|
[   17.601114] cloud-init[944]: | .o.ooo=+...O.*B.|
[   17.619462] cloud-init[944]: +----[SHA256]-----+
[[0;32m  OK  [0m] Started Wait until snapd is fully seeded.
         Starting Apply the settings specified in cloud-config...
[[0;32m  OK  [0m] Reached target Multi-User System.
[[0;32m  OK  [0m] Reached target Graphical Interface.
         Starting Update UTMP about System Runlevel Changes...
[[0;32m  OK  [0m] Started Update UTMP about System Runlevel Changes.
[   19.160007] cloud-init[1386]: Generating locales (this might take a while)...
[   20.093018] cloud-init[1386]:   en_US.UTF-8... done
[   20.101374] cloud-init[1386]: Generation complete.
[   20.433093] cloud-init[1386]: Cloud-init v. 21.1-19-gbad84ad4-0ubuntu1~16.04.2 running 'modules:config' at Mon, 06 Mar 2023 13:05:49 +0000. Up 19.06 seconds.
[[0;32m  OK  [0m] Started Apply the settings specified in cloud-config.
         Starting Execute cloud user/final scripts...
ci-info: no authorized SSH keys fingerprints found for user ubuntu.
<14>Mar  6 13:05:51 ec2: 
<14>Mar  6 13:05:51 ec2: #############################################################
<14>Mar  6 13:05:51 ec2: -----BEGIN SSH HOST KEY FINGERPRINTS-----
<14>Mar  6 13:05:51 ec2: 1024 SHA256:0KxEOvmEBmGhB9+vv6qoVT2kmhO0k7SlJ6P78e6Y5/A root@ubuntu-xenial (DSA)
<14>Mar  6 13:05:51 ec2: 256 SHA256:crbuqQhcgxu6EdeOe68XXep1egm84q7Zl8b0MZSsxEo root@ubuntu-xenial (ECDSA)
<14>Mar  6 13:05:51 ec2: 256 SHA256:fL2e2Owl+Awoq8UfvIac7RDIpp72P0O1fs1/m8bGzmw root@ubuntu-xenial (ED25519)
<14>Mar  6 13:05:51 ec2: 2048 SHA256:vT4LWVStv9+joHbBoxhIl9Z2sVJuoO8EZb7wB1CLEy0 root@ubuntu-xenial (RSA)
<14>Mar  6 13:05:51 ec2: -----END SSH HOST KEY FINGERPRINTS-----
<14>Mar  6 13:05:51 ec2: #############################################################
-----BEGIN SSH HOST KEY KEYS-----
ecdsa-sha2-nistp256 AAAAE2VjZHNhLXNoYTItbmlzdHAyNTYAAAAIbmlzdHAyNTYAAABBBLCmO1kgtlwaz1708liW1fp0PZTEc07bT+qu0v4WpfTn46sElc6JRVQAM9lrneLeHpCfaSDvlYp9m+HlLpHekFw= root@ubuntu-xenial
ssh-ed25519 AAAAC3NzaC1lZDI1NTE5AAAAIGSDqk65ETMbjLejUV9eAoa6uEuJN6HEf2qyTfiqrnFV root@ubuntu-xenial
ssh-rsa AAAAB3NzaC1yc2EAAAADAQABAAABAQDQub4ufJFV8dq4786NIiAYnxTWaokp99/RtfxZ5+bZdx1VlEgHfmndcZdFR0Q6nFZlad6gsFFjRT4U7rcrvLsoUXkezhCAtTuXnYcHp6T/zYNbGbjILJt+BceRWn+6ogbHuylsRsAOFhCHuPbtYkjye4XRneVqk9OY1ruIy9aXR0TH02XPjMc7+jGxJXmGrAGNE3XAkiilJzDTvX7Lln4sLd+CVqbrmxb1Rq0wTsYnU03XO5uVHQfMJI9d3P8yYAuVj0yLSUFkEOpxEs23Ck7rm6iVZJtO3EL5RX1Y1ArT5aUD8WkQTRdpuF9vN0veOd2NGLHiDjcWMxSt4hdcgDoB root@ubuntu-xenial
-----END SSH HOST KEY KEYS-----
[   20.904418] cloud-init[1551]: Cloud-init v. 21.1-19-gbad84ad4-0ubuntu1~16.04.2 running 'modules:final' at Mon, 06 Mar 2023 13:05:51 +0000. Up 20.71 seconds.
[   20.914612] cloud-init[1551]: ci-info: no authorized SSH keys fingerprints found for user ubuntu.
[   20.923067] cloud-init[1551]: Cloud-init v. 21.1-19-gbad84ad4-0ubuntu1~16.04.2 finished at Mon, 06 Mar 2023 13:05:51 +0000. Datasource DataSourceNoCloud [seed=/dev/sdb][dsmode=net].  Up 20.89 seconds
[[0;32m  OK  [0m] Started Execute cloud user/final scripts.
[[0;32m  OK  [0m] Reached target Cloud-init target.

Ubuntu 16.04.7 LTS ubuntu-xenial ttyS0

ubuntu-xenial login:          Stopping Authenticate and Authorize Users to Run Privileged Tasks...
         Stopping Session 2 of user vagrant.
[[0;32m  OK  [0m] Closed Load/Save RF Kill Switch Status /dev/rfkill Watch.
         Stopping ACPI event daemon...
[[0;32m  OK  [0m] Stopped target Timers.
[[0;32m  OK  [0m] Stopped Daily apt upgrade and clean activities.
[[0;32m  OK  [0m] Stopped Daily apt download activities.
[[0;32m  OK  [0m] Stopped Message of the Day.
[[0;32m  OK  [0m] Stopped Daily Cleanup of Temporary Directo         Stopping Serial Getty on ttyS0...
[[0;32m  OK  [0m] Stopped Wait until snapd is fully seeded.
         Stopping Regular background program processing daemon...
         Stopping Virtualbox guest utils...
         Stopping LSB: Record successful boot for GRUB...
         Stopping LSB: Set the CPU Frequency Scaling governor to "ondemand"...
         Stopping LSB: MD monitoring daemon...
         Stopping LSB: automatic crash report generation...
         Stopping LSB: daemon to balance interrupts for SMP systems...
         Stopping LXD - container startup/shutdown...
         Stopping A high performance web server and a reverse proxy server...
         Stopping OpenBSD Secure Shell server...
         Stopping System Logging Service...
         Stopping Accounts Service...
         Stopping D-Bus System Message Bus...
         Stopping Getty on tty1...
         Stopping Deferred execution scheduler...
         Stopping Unattended Upgrades Shutdown...
[[0;32m  OK  [0m] Unmounted /var/lib/lxcfs.
[[0;32m  OK  [0m] Stopped Regular background program processing daemon.
[[0;32m  OK  [0m] Stopped System Logging Service.
[[0;32m  OK  [0m] Stopped ACPI event daemon.
[[0;32m  OK  [0m] Stopped Deferred execution scheduler.
[[0;32m  OK  [0m] Stopped Accounts Service.
[[0;32m  OK  [0m] Stopped Unattended Upgrades Shutdown.
[[0;32m  OK  [0m] Stopped Serial Getty on ttyS0.
[[0;32m  OK  [0m] Stopped Getty on tty1.
[[0;32m  OK  [0m] Stopped Authenticate and Authorize Users to Run Privileged Tasks.
[[0;32m  OK  [0m] Stopped OpenBSD Secure Shell server.
[[0;32m  OK  [0m] Stopped User Manager for UID 1000.
[[0;32m  OK  [0m] Stopped Session 2 of user vagrant.
[[0;32m  OK  [0m] Stopped A high performance web server and a reverse proxy server.
[[0;32m  OK  [0m] Stopped D-Bus System Message Bus.
[[0;32m  OK  [0m] Stopped FUSE filesystem for LXC.
[[0;32m  OK  [0m] Stopped LSB: Record successful boot for GRUB.
[[0;32m  OK  [0m] Stopped LXD - container startup/shutdown.
[[0;32m  OK  [0m] Stopped Virtualbox guest utils.
[[0;32m  OK  [0m] Stopped LSB: MD monitoring daemon.
[[0;32m  OK  [0m] Stopped LSB: automatic crash report generation.
[[0;32m  OK  [0m] Stopped LSB: daemon to balance interrupts for SMP systems.
[[0;32m  OK  [0m] Stopped LSB: Set the CPU Frequency Scaling governor to "ondemand".
[[0;32m  OK  [0m] Removed slice User Slice of vagrant.
[[0;32m  OK  [0m] Removed slice system-getty.slice.
[[0;32m  OK  [0m] Removed slice system-serial\x2dgetty.slice.
         Stopping Permit User Sessions...
[[0;32m  OK  [0m] Stopped /etc/rc.local Compatibility.
         Stopping Login Service...
[[0;32m  OK  [0m] Stopped Permit User Sessions.
[[0;32m  OK  [0m] Stopped target Remote File Systems.
         Unmounting /var/www/html...
[[0;32m  OK  [0m] Unmounted /var/www/html.
[[0;32m  OK  [0m] Stopped target Remote File Systems (Pre).
         Stopping Login to default iSCSI targets...
[[0;32m  OK  [0m] Stopped Login Service.
[[0;32m  OK  [0m] Stopped target Basic System.
[[0;32m  OK  [0m] Stopped target Sockets.
[[0;32m  OK  [0m] Closed Syslog Socket.
[[0;32m  OK  [0m] Closed LXD - unix socket.
[[0;32m  OK  [0m] Closed Socket activation for snappy daemon.
[[0;32m  OK  [0m] Closed UUID daemon activation socket.
[[0;32m  OK  [0m] Closed D-Bus System Message Bus Socket.
[[0;32m  OK  [0m] Closed ACPID Listen Socket.
[[0;32m  OK  [0m] Stopped target Paths.
[[0;32m  OK  [0m] Stopped Forward Password Requests to Wall Directory Watch.
[[0;32m  OK  [0m] Stopped ACPI Events Check.
[[0;32m  OK  [0m] Stopped Dispatch Password Requests to Console Directory Watch.
[[0;32m  OK  [0m] Stopped target Slices.
[[0;32m  OK  [0m] Removed slice User and Session Slice.
[[0;32m  OK  [0m] Stopped target System Initialization.
[[0;32m  OK  [0m] Stopped target Encrypted Volumes.
[[0;32m  OK  [0m] Stopped target Swap.
[[0;32m  OK  [0m] Stopped Commit a transient machine-id on disk.
         Stopping Update UTMP about System Boot/Shutdown...
         Stopping Load/Save Random Seed...
[[0;32m  OK  [0m] Stopped target User and Group Name Lookups.
[[0;32m  OK  [0m] Stopped Load/Save Random Seed.
[[0;32m  OK  [0m] Stopped Update UTMP about System Boot/Shutdown.
[[0;32m  OK  [0m] Stopped Create Volatile Files and Directories.
[[0;32m  OK  [0m] Stopped Login to default iSCSI targets.
         Stopping iSCSI initiator daemon (iscsid)...
[[0;32m  OK  [0m] Stopped iSCSI initiator daemon (iscsid).
[[0;32m  OK  [0m] Stopped target Network is Online.
[[0;32m  OK  [0m] Stopped Initial cloud-init job (metadata service crawler).
[[0;32m  OK  [0m] Stopped target Network.
         Stopping Raise network interfaces...
[[0;32m  OK  [0m] Stopped Raise network interfaces.
[[0;32m  OK  [0m] Stopped target Local File Systems.
         Unmounting /run/user/1000...
[[0;32m  OK  [0m] Stopped Apply Kernel Variables.
[[0;32m  OK  [0m] Stopped Load Kernel Modules.
[[0;32m  OK  [0m] Stopped target Network (Pre).
[[0;32m  OK  [0m] Stopped Initial cloud-init job (pre-networking).
[[0;32m  OK  [0m] Unmounted /run/user/1000.
[[0;32m  OK  [0m] Reached target Unmount All Filesystems.
[[0;32m  OK  [0m] Stopped target Local File Systems (Pre).
         Stopping Monitoring of LVM2 mirrors... dmeventd or progress polling...
[[0;32m  OK  [0m] Stopped Remount Root and Kernel File Systems.
[[0;32m  OK  [0m] Stopped Create Static Device Nodes in /dev.
[[0;32m  OK  [0m] Reached target Shutdown.
[   47.538348] reboot: Restarting system
[    0.000000] Initializing cgroup subsys cpuset
[    0.000000] Initializing cgroup subsys cpu
[    0.000000] Initializing cgroup subsys cpuacct
[    0.000000] Linux version 4.4.0-210-generic (buildd@lgw01-amd64-009) (gcc version 5.4.0 20160609 (Ubuntu 5.4.0-6ubuntu1~16.04.12) ) #242-Ubuntu SMP Fri Apr 16 09:57:56 UTC 2021 (Ubuntu 4.4.0-210.242-generic 4.4.262)
[    0.000000] Command line: BOOT_IMAGE=/boot/vmlinuz-4.4.0-210-generic root=LABEL=cloudimg-rootfs ro console=tty1 console=ttyS0
[    0.000000] KERNEL supported cpus:
[    0.000000]   Intel GenuineIntel
[    0.000000]   AMD AuthenticAMD
[    0.000000]   Centaur CentaurHauls
[    0.000000] x86/fpu: Legacy x87 FPU detected.
[    0.000000] e820: BIOS-provided physical RAM map:
[    0.000000] BIOS-e820: [mem 0x0000000000000000-0x000000000009fbff] usable
[    0.000000] BIOS-e820: [mem 0x000000000009fc00-0x000000000009ffff] reserved
[    0.000000] BIOS-e820: [mem 0x00000000000f0000-0x00000000000fffff] reserved
[    0.000000] BIOS-e820: [mem 0x0000000000100000-0x000000001ffeffff] usable
[    0.000000] BIOS-e820: [mem 0x000000001fff0000-0x000000001fffffff] ACPI data
[    0.000000] BIOS-e820: [mem 0x00000000fec00000-0x00000000fec00fff] reserved
[    0.000000] BIOS-e820: [mem 0x00000000fee00000-0x00000000fee00fff] reserved
[    0.000000] BIOS-e820: [mem 0x00000000fffc0000-0x00000000ffffffff] reserved
[    0.000000] NX (Execute Disable) protection: active
[    0.000000] SMBIOS 2.5 present.
[    0.000000] Hypervisor detected: KVM
[    0.000000] e820: last_pfn = 0x1fff0 max_arch_pfn = 0x400000000
[    0.000000] MTRR: Disabled
[    0.000000] x86/PAT: MTRRs disabled, skipping PAT initialization too.
[    0.000000] CPU MTRRs all blank - virtualized system.
[    0.000000] x86/PAT: Configuration [0-7]: WB  WT  UC- UC  WB  WT  UC- UC  
[    0.000000] found SMP MP-table at [mem 0x0009fff0-0x0009ffff] mapped at [ffff88000009fff0]
[    0.000000] Scanning 1 areas for low memory corruption
[    0.000000] RAMDISK: [mem 0x1e8c2000-0x1f74bfff]
[    0.000000] ACPI: Early table checksum verification disabled
[    0.000000] ACPI: RSDP 0x00000000000E0000 000024 (v02 VBOX  )
[    0.000000] ACPI: XSDT 0x000000001FFF0030 00003C (v01 VBOX   VBOXXSDT 00000001 ASL  00000061)
[    0.000000] ACPI: FACP 0x000000001FFF00F0 0000F4 (v04 VBOX   VBOXFACP 00000001 ASL  00000061)
[    0.000000] ACPI: DSDT 0x000000001FFF0610 002353 (v02 VBOX   VBOXBIOS 00000002 INTL 20100528)
[    0.000000] ACPI: FACS 0x000000001FFF0200 000040
[    0.000000] ACPI: FACS 0x000000001FFF0200 000040
[    0.000000] ACPI: APIC 0x000000001FFF0240 00005C (v02 VBOX   VBOXAPIC 00000001 ASL  00000061)
[    0.000000] ACPI: SSDT 0x000000001FFF02A0 00036C (v01 VBOX   VBOXCPUT 00000002 INTL 20100528)
[    0.000000] No NUMA configuration found
[    0.000000] Faking a node at [mem 0x0000000000000000-0x000000001ffeffff]
[    0.000000] NODE_DATA(0) allocated [mem 0x1ffeb000-0x1ffeffff]
[    0.000000] kvm-clock: Using msrs 4b564d01 and 4b564d00
[    0.000000] kvm-clock: cpu 0, msr 0:1ffe3001, primary cpu clock
[    0.000000] kvm-clock: using sched offset of 56020041753 cycles
[    0.000000] clocksource: kvm-clock: mask: 0xffffffffffffffff max_cycles: 0x1cd42e4dffb, max_idle_ns: 881590591483 ns
[    0.000000] Zone ranges:
[    0.000000]   DMA      [mem 0x0000000000001000-0x0000000000ffffff]
[    0.000000]   DMA32    [mem 0x0000000001000000-0x000000001ffeffff]
[    0.000000]   Normal   empty
[    0.000000]   Device   empty
[    0.000000] Movable zone start for each node
[    0.000000] Early memory node ranges
[    0.000000]   node   0: [mem 0x0000000000001000-0x000000000009efff]
[    0.000000]   node   0: [mem 0x0000000000100000-0x000000001ffeffff]
[    0.000000] Initmem setup node 0 [mem 0x0000000000001000-0x000000001ffeffff]
[    0.000000] ACPI: PM-Timer IO Port: 0x4008
[    0.000000] IOAPIC[0]: apic_id 2, version 32, address 0xfec00000, GSI 0-23
[    0.000000] ACPI: INT_SRC_OVR (bus 0 bus_irq 0 global_irq 2 dfl dfl)
[    0.000000] ACPI: INT_SRC_OVR (bus 0 bus_irq 9 global_irq 9 low level)
[    0.000000] Using ACPI (MADT) for SMP configuration information
[    0.000000] smpboot: Allowing 2 CPUs, 0 hotplug CPUs
[    0.000000] PM: Registered nosave memory: [mem 0x00000000-0x00000fff]
[    0.000000] PM: Registered nosave memory: [mem 0x0009f000-0x0009ffff]
[    0.000000] PM: Registered nosave memory: [mem 0x000a0000-0x000effff]
[    0.000000] PM: Registered nosave memory: [mem 0x000f0000-0x000fffff]
[    0.000000] e820: [mem 0x20000000-0xfebfffff] available for PCI devices
[    0.000000] Booting paravirtualized kernel on KVM
[    0.000000] clocksource: refined-jiffies: mask: 0xffffffff max_cycles: 0xffffffff, max_idle_ns: 7645519600211568 ns
[    0.000000] setup_percpu: NR_CPUS:512 nr_cpumask_bits:512 nr_cpu_ids:2 nr_node_ids:1
[    0.000000] PERCPU: Embedded 33 pages/cpu @ffff88001fc00000 s95192 r8192 d31784 u1048576
[    0.000000] Built 1 zonelists in Node order, mobility grouping on.  Total pages: 128888
[    0.000000] Policy zone: DMA32
[    0.000000] Kernel command line: BOOT_IMAGE=/boot/vmlinuz-4.4.0-210-generic root=LABEL=cloudimg-rootfs ro console=tty1 console=ttyS0
[    0.000000] PID hash table entries: 2048 (order: 2, 16384 bytes)
[    0.000000] Memory: 481712K/523832K available (8644K kernel code, 1332K rwdata, 4044K rodata, 1492K init, 1164K bss, 42120K reserved, 0K cma-reserved)
[    0.000000] SLUB: HWalign=64, Order=0-3, MinObjects=0, CPUs=2, Nodes=1
[    0.000000] Kernel/User page tables isolation: enabled
[    0.000000] Hierarchical RCU implementation.
[    0.000000] 	Build-time adjustment of leaf fanout to 64.
[    0.000000] 	RCU restricting CPUs from NR_CPUS=512 to nr_cpu_ids=2.
[    0.000000] RCU: Adjusting geometry for rcu_fanout_leaf=64, nr_cpu_ids=2
[    0.000000] NR_IRQS:33024 nr_irqs:440 16
[    0.000000] Console: colour VGA+ 80x25
[    0.000000] console [tty1] enabled
[    0.000000] console [ttyS0] enabled
[    0.000000] tsc: Detected 2592.004 MHz processor
[    0.607993] Calibrating delay loop (skipped) preset value.. 5184.00 BogoMIPS (lpj=10368016)
[    0.619319] pid_max: default: 32768 minimum: 301
[    0.624184] ACPI: Core revision 20150930
[    0.629457] ACPI: 2 ACPI AML tables successfully acquired and loaded
[    0.638644] Security Framework initialized
[    0.643064] Yama: becoming mindful.
[    0.647251] AppArmor: AppArmor initialized
[    0.651786] Dentry cache hash table entries: 65536 (order: 7, 524288 bytes)
[    0.658898] Inode-cache hash table entries: 32768 (order: 6, 262144 bytes)
[    0.669534] Mount-cache hash table entries: 1024 (order: 1, 8192 bytes)
[    0.678285] Mountpoint-cache hash table entries: 1024 (order: 1, 8192 bytes)
[    0.688176] Initializing cgroup subsys io
[    0.692647] Initializing cgroup subsys memory
[    0.697364] Initializing cgroup subsys devices
[    0.702135] Initializing cgroup subsys freezer
[    0.706897] Initializing cgroup subsys net_cls
[    0.711811] Initializing cgroup subsys perf_event
[    0.718172] Initializing cgroup subsys net_prio
[    0.723155] Initializing cgroup subsys hugetlb
[    0.727952] Initializing cgroup subsys pids
[    0.745774] mce: CPU supports 0 MCE banks
[    0.752326] Last level iTLB entries: 4KB 64, 2MB 8, 4MB 8
[    0.758410] Last level dTLB entries: 4KB 64, 2MB 0, 4MB 0, 1GB 4
[    0.767391] Spectre V1 : Mitigation: usercopy/swapgs barriers and __user pointer sanitization
[    0.776653] Spectre V2 : Mitigation: Full generic retpoline
[    0.783466] Spectre V2 : Spectre v2 / SpectreRSB mitigation: Filling RSB on context switch
[    0.793004] Speculative Store Bypass: Vulnerable
[    0.798343] SRBDS: Unknown: Dependent on hypervisor status
[    0.805292] MDS: Mitigation: Clear CPU buffers
[    0.855179] Freeing SMP alternatives memory: 36K
[    0.953445] ftrace: allocating 32380 entries in 127 pages
[    1.593824] smpboot: APIC(0) Converting physical 0 to logical package 0
[    1.601426] smpboot: Max logical packages: 1
[    1.621086] ..TIMER: vector=0x30 apic1=0 pin1=2 apic2=-1 pin2=-1
[    1.737105] smpboot: CPU0: Intel(R) Core(TM) i7-9750H CPU @ 2.60GHz (family: 0x6, model: 0x9e, stepping: 0xa)
[    1.748849] Performance Events: unsupported p6 CPU model 158 no PMU driver, software events only.
[    1.856184] KVM setup paravirtual spinlock
[    1.861492] x86: Booting SMP configuration:
[    1.865794] .... node  #0, CPUs:      #1
[    1.871266] kvm-clock: cpu 1, msr 0:1ffe3041, secondary cpu clock
[    1.889761] mce: CPU supports 0 MCE banks
[    1.894336] TSC synchronization [CPU#0 -> CPU#1]:
[    1.898991] Measured 47708 cycles TSC warp between CPUs, turning off TSC clock.
[    1.906485] tsc: Marking TSC unstable due to check_tsc_sync_source failed
[    0.601688] x86: Booted up 1 node, 2 CPUs
[    0.604003] smpboot: Total of 2 processors activated (10368.01 BogoMIPS)
[    0.612388] devtmpfs: initialized
[    0.620156] evm: security.selinux
[    0.624004] evm: security.SMACK64
[    0.627319] evm: security.SMACK64EXEC
[    0.628002] evm: security.SMACK64TRANSMUTE
[    0.632002] evm: security.SMACK64MMAP
[    0.636002] evm: security.ima
[    0.640002] evm: security.capability
[    0.648139] clocksource: jiffies: mask: 0xffffffff max_cycles: 0xffffffff, max_idle_ns: 7645041785100000 ns
[    0.652009] futex hash table entries: 512 (order: 3, 32768 bytes)
[    0.656098] pinctrl core: initialized pinctrl subsystem
[    0.660368] RTC time: 13:06:22, date: 03/06/23
[    0.668214] NET: Registered protocol family 16
[    0.684005] cpuidle: using governor ladder
[    0.700005] cpuidle: using governor menu
[    0.704057] PCCT header not found.
[    0.708097] ACPI: bus type PCI registered
[    0.712003] acpiphp: ACPI Hot Plug PCI Controller Driver version: 0.5
[    0.716322] PCI: Using configuration type 1 for base access
[    0.740105] ACPI: Added _OSI(Module Device)
[    0.744002] ACPI: Added _OSI(Processor Device)
[    0.748002] ACPI: Added _OSI(3.0 _SCP Extensions)
[    0.752002] ACPI: Added _OSI(Processor Aggregator Device)
[    0.757230] ACPI: Executed 1 blocks of module-level executable AML code
[    0.768480] ACPI: Interpreter enabled
[    0.772009] ACPI: (supports S0 S5)
[    0.776002] ACPI: Using IOAPIC for interrupt routing
[    0.780342] PCI: Using host bridge windows from ACPI; if necessary, use "pci=nocrs" and report a bug
[    0.791381] ACPI: PCI Root Bridge [PCI0] (domain 0000 [bus 00-ff])
[    0.792006] acpi PNP0A03:00: _OSC: OS supports [ASPM ClockPM Segments MSI]
[    0.796637] acpi PNP0A03:00: _OSC: not requesting OS control; OS requires [ExtendedConfig ASPM ClockPM MSI]
[    0.800008] acpi PNP0A03:00: fail to add MMCONFIG information, can't access extended PCI configuration space under this bridge.
[    0.808438] PCI host bridge to bus 0000:00
[    0.812003] pci_bus 0000:00: root bus resource [io  0x0000-0x0cf7 window]
[    0.816003] pci_bus 0000:00: root bus resource [io  0x0d00-0xffff window]
[    0.820003] pci_bus 0000:00: root bus resource [mem 0x000a0000-0x000bffff window]
[    0.824003] pci_bus 0000:00: root bus resource [mem 0x20000000-0xfdffffff window]
[    0.828006] pci_bus 0000:00: root bus resource [bus 00-ff]
[    0.840645] pci 0000:00:01.1: legacy IDE quirk: reg 0x10: [io  0x01f0-0x01f7]
[    0.844004] pci 0000:00:01.1: legacy IDE quirk: reg 0x14: [io  0x03f6]
[    0.848008] pci 0000:00:01.1: legacy IDE quirk: reg 0x18: [io  0x0170-0x0177]
[    0.852005] pci 0000:00:01.1: legacy IDE quirk: reg 0x1c: [io  0x0376]
[    0.880849] pci 0000:00:07.0: quirk: [io  0x4000-0x403f] claimed by PIIX4 ACPI
[    0.884043] pci 0000:00:07.0: quirk: [io  0x4100-0x410f] claimed by PIIX4 SMB
[    0.895104] ACPI: PCI Interrupt Link [LNKA] (IRQs 5 9 10 *11)
[    0.899687] ACPI: PCI Interrupt Link [LNKB] (IRQs 5 9 *10 11)
[    0.906813] ACPI: PCI Interrupt Link [LNKC] (IRQs 5 *9 10 11)
[    0.913803] ACPI: PCI Interrupt Link [LNKD] (IRQs 5 9 10 *11)
[    0.921682] ACPI: Enabled 2 GPEs in block 00 to 07
[    0.928046] vgaarb: setting as boot device: PCI:0000:00:02.0
[    0.932000] vgaarb: device added: PCI:0000:00:02.0,decodes=io+mem,owns=io+mem,locks=none
[    0.932003] vgaarb: loaded
[    0.936002] vgaarb: bridge control possible 0000:00:02.0
[    0.940224] SCSI subsystem initialized
[    0.948081] ACPI: bus type USB registered
[    0.952000] usbcore: registered new interface driver usbfs
[    0.952011] usbcore: registered new interface driver hub
[    0.956009] usbcore: registered new device driver usb
[    0.964189] PCI: Using ACPI for IRQ routing
[    0.968776] NetLabel: Initializing
[    0.972002] NetLabel:  domain hash size = 128
[    0.976001] NetLabel:  protocols = UNLABELED CIPSOv4
[    0.980012] NetLabel:  unlabeled traffic allowed by default
[    0.984073] amd_nb: Cannot enumerate AMD northbridges
[    0.988138] clocksource: Switched to clocksource kvm-clock
[    0.997749] AppArmor: AppArmor Filesystem Enabled
[    1.003862] pnp: PnP ACPI init
[    1.007780] pnp: PnP ACPI: found 3 devices
[    1.047257] clocksource: acpi_pm: mask: 0xffffff max_cycles: 0xffffff, max_idle_ns: 2085701024 ns
[    1.048700] NET: Registered protocol family 2
[    1.060755] TCP established hash table entries: 4096 (order: 3, 32768 bytes)
[    1.068165] TCP bind hash table entries: 4096 (order: 4, 65536 bytes)
[    1.074819] TCP: Hash tables configured (established 4096 bind 4096)
[    1.078769] UDP hash table entries: 256 (order: 1, 8192 bytes)
[    1.078769] UDP-Lite hash table entries: 256 (order: 1, 8192 bytes)
[    1.078769] NET: Registered protocol family 1
[    1.078769] pci 0000:00:00.0: Limiting direct PCI/PCI transfers
[    1.078769] pci 0000:00:01.0: Activating ISA DMA hang workarounds
[    1.078769] Unpacking initramfs...
[    1.078769] Freeing initrd memory: 14888K
[    1.078769] clocksource: tsc: mask: 0xffffffffffffffff max_cycles: 0x255cbae350f, max_idle_ns: 440795327587 ns
[    1.078769] platform rtc_cmos: registered platform RTC device (no PNP device found)
[    1.078769] Scanning for low memory corruption every 60 seconds
[    1.303674] audit: initializing netlink subsys (disabled)
[    1.309097] audit: type=2000 audit(1678108039.389:1): initialized
[    1.315665] Initialise system trusted keyring
[    1.321837] HugeTLB registered 2 MB page size, pre-allocated 0 pages
[    1.329400] zbud: loaded
[    1.334845] VFS: Disk quotas dquot_6.6.0
[    1.338863] VFS: Dquot-cache hash table entries: 512 (order 0, 4096 bytes)
[    1.346281] squashfs: version 4.0 (2009/01/31) Phillip Lougher
[    1.353107] fuse init (API version 7.23)
[    1.358087] Key type big_key registered
[    1.362479] Allocating IMA MOK and blacklist keyrings.
[    1.375153] Key type asymmetric registered
[    1.379351] Asymmetric key parser 'x509' registered
[    1.384323] Block layer SCSI generic (bsg) driver version 0.4 loaded (major 249)
[    1.392550] io scheduler noop registered
[    1.396992] io scheduler deadline registered (default)
[    1.402083] io scheduler cfq registered
[    1.406148] pci_hotplug: PCI Hot Plug PCI Core version: 0.5
[    1.411712] pciehp: PCI Express Hot Plug Controller Driver version: 0.4
[    1.418301] ACPI: AC Adapter [AC] (on-line)
[    1.422846] input: Power Button as /devices/LNXSYSTM:00/LNXPWRBN:00/input/input0
[    1.430319] ACPI: Power Button [PWRF]
[    1.434889] input: Sleep Button as /devices/LNXSYSTM:00/LNXSLPBN:00/input/input1
[    1.442523] ACPI: Sleep Button [SLPF]
[    1.447283] GHES: HEST is not enabled!
[    1.448683] ACPI: Battery Slot [BAT0] (battery present)
[    1.457966] Serial: 8250/16550 driver, 32 ports, IRQ sharing enabled
[    1.490731] 00:02: ttyS0 at I/O 0x3f8 (irq = 4, base_baud = 115200) is a 16550A
[    1.513465] Linux agpgart interface v0.103
[    1.522980] loop: module loaded
[    1.528721] scsi host0: ata_piix
[    1.533151] scsi host1: ata_piix
[    1.536572] ata1: PATA max UDMA/33 cmd 0x1f0 ctl 0x3f6 bmdma 0xd000 irq 14
[    1.540507] ata2: PATA max UDMA/33 cmd 0x170 ctl 0x376 bmdma 0xd008 irq 15
[    1.550036] libphy: Fixed MDIO Bus: probed
[    1.555379] tun: Universal TUN/TAP device driver, 1.6
[    1.561454] tun: (C) 1999-2004 Max Krasnyansky <maxk@qualcomm.com>
[    1.568587] PPP generic driver version 2.4.2
[    1.574363] ehci_hcd: USB 2.0 'Enhanced' Host Controller (EHCI) Driver
[    1.581195] ehci-pci: EHCI PCI platform driver
[    1.585986] ehci-platform: EHCI generic platform driver
[    1.591310] ohci_hcd: USB 1.1 'Open' Host Controller (OHCI) Driver
[    1.597525] ohci-pci: OHCI PCI platform driver
[    1.602319] ohci-platform: OHCI generic platform driver
[    1.607495] uhci_hcd: USB Universal Host Controller Interface driver
[    1.614846] i8042: PNP: PS/2 Controller [PNP0303:PS2K,PNP0f03:PS2M] at 0x60,0x64 irq 1,12
[    1.627026] serio: i8042 KBD port at 0x60,0x64 irq 1
[    1.632310] serio: i8042 AUX port at 0x60,0x64 irq 12
[    1.638851] mousedev: PS/2 mouse device common for all mice
[    1.648718] rtc_cmos rtc_cmos: rtc core: registered rtc_cmos as rtc0
[    1.656496] input: AT Translated Set 2 keyboard as /devices/platform/i8042/serio0/input/input2
[    1.665970] rtc_cmos rtc_cmos: alarms up to one day, 114 bytes nvram
[    1.673030] i2c /dev entries driver
[    1.677195] device-mapper: uevent: version 1.0.3
[    1.682067] device-mapper: ioctl: 4.34.0-ioctl (2015-10-28) initialised: dm-devel@redhat.com
[    1.690192] ledtrig-cpu: registered to indicate activity on CPUs
[    1.698681] NET: Registered protocol family 10
[    1.704265] NET: Registered protocol family 17
[    1.709427] Key type dns_resolver registered
[    1.765129] registered taskstats version 1
[    1.769819] Loading compiled-in X.509 certificates
[    1.775066] Loaded X.509 cert 'Build time autogenerated kernel key: cf00e047681d67edb2720680708b7d9498083038'
[    1.785133] zswap: loaded using pool lzo/zbud
[    1.793420] Key type trusted registered
[    1.804775] Key type encrypted registered
[    1.809304] AppArmor: AppArmor sha1 policy hashing enabled
[    1.815277] ima: No TPM chip found, activating TPM-bypass!
[    1.822036] ima: Allocated hash algorithm: sha1
[    1.826742] evm: HMAC attrs: 0x1
[    1.831242]   Magic number: 15:872:128
[    1.835651] acpi device:03: hash matches
[    1.839730] acpi PNP0C02:00: hash matches
[    1.844769] rtc_cmos rtc_cmos: setting system clock to 2023-03-06 13:06:24 UTC (1678107984)
[    1.853398] BIOS EDD facility v0.16 2004-Jun-25, 0 devices found
[    1.860101] EDD information not available.
[    1.866769] Freeing unused kernel memory: 1492K
[    1.884357] Write protecting the kernel read-only data: 14336k
[    1.891325] Freeing unused kernel memory: 1584K
[    1.896465] Freeing unused kernel memory: 52K
Loading, please wait...
starting version 229
[    1.924449] random: systemd-udevd: uninitialized urandom read (16 bytes read, 9 bits of entropy available)
[    1.925609] random: udevadm: uninitialized urandom read (16 bytes read, 9 bits of entropy available)
[    1.925631] random: udevadm: uninitialized urandom read (16 bytes read, 9 bits of entropy available)
[    1.933077] random: udevadm: uninitialized urandom read (16 bytes read, 9 bits of entropy available)
[    1.933119] random: udevadm: uninitialized urandom read (16 bytes read, 9 bits of entropy available)
[    1.933234] random: udevadm: uninitialized urandom read (16 bytes read, 9 bits of entropy available)
[    1.933282] random: udevadm: uninitialized urandom read (16 bytes read, 9 bits of entropy available)
[    1.933341] random: udevadm: uninitialized urandom read (16 bytes read, 9 bits of entropy available)
[    1.933405] random: udevadm: uninitialized urandom read (16 bytes read, 9 bits of entropy available)
[    1.933450] random: udevadm: uninitialized urandom read (16 bytes read, 9 bits of entropy available)
[    2.063355] e1000: Intel(R) PRO/1000 Network Driver - version 7.3.21-k8-NAPI
[    2.070325] e1000: Copyright (c) 1999-2006 Intel Corporation.
[    2.106744] Fusion MPT base driver 3.04.20
[    2.114276] Copyright (c) 1999-2008 LSI Corporation
[    2.137794] SSE version of gcm_enc/dec engaged.
[    2.169509] Fusion MPT SPI Host driver 3.04.20
[    2.389338] input: ImExPS/2 Generic Explorer Mouse as /devices/platform/i8042/serio1/input/input4
[    2.773082] e1000 0000:00:03.0 eth0: (PCI:33MHz:32-bit) 02:be:82:6b:cc:1d
[    2.779963] e1000 0000:00:03.0 eth0: Intel(R) PRO/1000 Network Connection
[    2.788807] mptbase: ioc0: Initiating bringup
[    2.789678] e1000 0000:00:03.0 enp0s3: renamed from eth0
[    2.870906] ioc0: LSI53C1030 A0: Capabilities={Initiator}
[    3.048899] scsi host2: ioc0: LSI53C1030 A0, FwRev=00000000h, Ports=1, MaxQ=256, IRQ=20
[    3.170494] scsi 2:0:0:0: Direct-Access     VBOX     HARDDISK         1.0  PQ: 0 ANSI: 5
[    3.178434] scsi target2:0:0: Beginning Domain Validation
[    3.193138] scsi target2:0:0: Domain Validation skipping write tests
[    3.197066] scsi target2:0:0: Ending Domain Validation
[    3.204778] scsi target2:0:0: asynchronous
[    3.212109] scsi 2:0:1:0: Direct-Access     VBOX     HARDDISK         1.0  PQ: 0 ANSI: 5
[    3.219734] scsi target2:0:1: Beginning Domain Validation
[    3.234834] scsi target2:0:1: Domain Validation skipping write tests
[    3.240928] scsi target2:0:1: Ending Domain Validation
[    3.246155] scsi target2:0:1: asynchronous
[    3.283379] sd 2:0:0:0: Attached scsi generic sg0 type 0
[    3.283930] sd 2:0:0:0: [sda] 83886080 512-byte logical blocks: (42.9 GB/40.0 GiB)
[    3.284889] sd 2:0:0:0: [sda] Write Protect is off
[    3.285402] sd 2:0:0:0: [sda] Incomplete mode parameter data
[    3.285403] sd 2:0:0:0: [sda] Assuming drive cache: write through
[    3.317716] sd 2:0:1:0: Attached scsi generic sg1 type 0
[    3.318318] sd 2:0:1:0: [sdb] 20480 512-byte logical blocks: (10.5 MB/10.0 MiB)
[    3.319232] sd 2:0:1:0: [sdb] Write Protect is off
[    3.319799] sd 2:0:1:0: [sdb] Incomplete mode parameter data
[    3.319800] sd 2:0:1:0: [sdb] Assuming drive cache: write through
[    3.321714]  sda: sda1
[    3.336891] sd 2:0:0:0: [sda] Attached SCSI disk
[    3.340250] sd 2:0:1:0: [sdb] Attached SCSI disk
Begin: Loading essential drivers ... [    4.988607] md: linear personality registered for level -1
[    4.998234] md: multipath personality registered for level -4
[    5.007628] md: raid0 personality registered for level 0
[    5.026003] md: raid1 personality registered for level 1
[    5.119667] raid6: sse2x1   gen() 14832 MB/s
[    5.201716] raid6: sse2x1   xor() 11192 MB/s
[    5.273629] raid6: sse2x2   gen() 16022 MB/s
[    5.356545] raid6: sse2x2   xor() 13044 MB/s
[    5.429860] raid6: sse2x4   gen() 18361 MB/s
[    5.501605] raid6: sse2x4   xor() 12135 MB/s
[    5.506163] raid6: using algorithm sse2x4 gen() 18361 MB/s
[    5.511314] raid6: .... xor() 12135 MB/s, rmw enabled
[    5.516331] raid6: using ssse3x2 recovery algorithm
[    5.522726] xor: measuring software checksum speed
[    5.564715]    prefetch64-sse: 18938.000 MB/sec
[    5.608681]    generic_sse: 16911.000 MB/sec
[    5.613877] xor: using function: prefetch64-sse (18938.000 MB/sec)
[    5.622695] async_tx: api initialized (async)
[    5.668958] md: raid6 personality registered for level 6
[    5.674995] md: raid5 personality registered for level 5
[    5.681042] md: raid4 personality registered for level 4
[    5.706018] md: raid10 personality registered for level 10
done.
Begin: Running /scripts/init-premount ... done.
Begin: Mounting root file system ... Begin: Running /scripts/local-top ... done.
Begin: Running /scripts/local-premount ... [    5.792040] Btrfs loaded
Scanning for Btrfs filesystems
done.
Warning: fsck not present, so skipping root file system
[    5.859761] EXT4-fs (sda1): mounted filesystem with ordered data mode. Opts: (null)
done.
Begin: Running /scripts/local-bottom ... done.
Begin: Running /scripts/init-bottom ... done.
[    6.057959] systemd[1]: systemd 229 running in system mode. (+PAM +AUDIT +SELINUX +IMA +APPARMOR +SMACK +SYSVINIT +UTMP +LIBCRYPTSETUP +GCRYPT +GNUTLS +ACL +XZ -LZ4 +SECCOMP +BLKID +ELFUTILS +KMOD -IDN)
[    6.075940] systemd[1]: Detected virtualization oracle.
[    6.081956] systemd[1]: Detected architecture x86-64.

Welcome to [1mUbuntu 16.04.7 LTS[0m!

[    6.097541] systemd[1]: Set hostname to <ubuntu-xenial>.
[    6.312894] systemd[1]: Reached target System Time Synchronized.
[[0;32m  OK  [0m] Reached target System Time Synchronized.
[    6.325574] systemd[1]: Created slice User and Session Slice.
[[0;32m  OK  [0m] Created slice User and Session Slice.
[    6.337421] systemd[1]: Listening on /dev/initctl Compatibility Named Pipe.
[[0;32m  OK  [0m] Listening on /dev/initctl Compatibility Named Pipe.
[    6.350789] systemd[1]: Listening on LVM2 poll daemon socket.
[[0;32m  OK  [0m] Listening on LVM2 poll daemon socket.
[    6.362977] systemd[1]: Listening on Journal Socket (/dev/log).
[[0;32m  OK  [0m] Listening on Journal Socket (/dev/log).
[    6.374874] systemd[1]: Listening on Journal Audit Socket.
[[0;32m  OK  [0m] Listening on Journal Audit Socket.
[    6.386569] systemd[1]: Listening on Journal Socket.
[[0;32m  OK  [0m] Listening on Journal Socket.
[    6.397275] systemd[1]: Reached target Encrypted Volumes.
[[0;32m  OK  [0m] Reached target Encrypted Volumes.
[    6.409183] systemd[1]: Reached target Swap.
[[0;32m  OK  [0m] Reached target Swap.
[    6.419199] systemd[1]: Listening on udev Kernel Socket.
[[0;32m  OK  [0m] Listening on udev Kernel Socket.
[    6.430441] systemd[1]: Reached target User and Group Name Lookups.
[[0;32m  OK  [0m] Reached target User and Group Name Lookups.
[    6.443214] systemd[1]: Started Forward Password Requests to Wall Directory Watch.
[[0;32m  OK  [0m] Started Forward Password Requests to Wall Directory Watch.
[    6.457547] systemd[1]: Listening on Device-mapper event daemon FIFOs.
[[0;32m  OK  [0m] Listening on Device-mapper event daemon FIFOs.
[    6.470537] systemd[1]: Listening on udev Control Socket.
[[0;32m  OK  [0m] Listening on udev Control Socket.
[    6.482098] systemd[1]: Set up automount Arbitrary Executable File Formats File System Automount Point.
[[0;32m  OK  [0m] Set up automount Arbitrary Executab...ats File System Automount Point.
[    6.498382] systemd[1]: Started Trigger resolvconf update for networkd DNS.
[[0;32m  OK  [0m] Started Trigger resolvconf update for networkd DNS.
[    6.511885] systemd[1]: Listening on LVM2 metadata daemon socket.
[[0;32m  OK  [0m] Listening on LVM2 metadata daemon socket.
[    6.524512] systemd[1]: Listening on Syslog Socket.
[[0;32m  OK  [0m] Listening on Syslog Socket.
[    6.535158] systemd[1]: Listening on fsck to fsckd communication Socket.
[[0;32m  OK  [0m] Listening on fsck to fsckd communication Socket.
[    6.548728] systemd[1]: Created slice System Slice.
[[0;32m  OK  [0m] Created slice System Slice.
[    6.576254] systemd[1]: Starting Load Kernel Modules...
         Starting Load Kernel Modules...
[    6.592427] systemd[1]: Starting File System Check on Root Device...
         Starting File System Check on Root Device...[    6.608490] Loading iSCSI transport class v2.0-870.

[    6.613239] systemd[1]: Starting Monitoring of LVM2 mirrors, snapshots etc. using dmeventd or progress polling...
         Starting Monitoring of LVM2 mirrors... dmeventd or progress polling...
[    6.638420] systemd[1]: Starting Create list of required static device nodes for the current kernel...
         Starting Create list of required st... nodes for the current kernel...[    6.656974] iscsi: registered transport (tcp)

[    6.661547] systemd[1]: Starting Journal Service...
         Starting Journal Service...
[    6.678030] systemd[1]: Starting Set console keymap...
         Starting Set console keymap...
[    6.695885] systemd[1]: Mounting POSIX Message Queue File System...
[    6.702007] random: nonblocking pool is initialized
         Mounting POSIX Message Queue File System...
[    6.716847] systemd[1]: Reached target Slices.
[[0;32m  OK  [0m] Reached target Slices.
[    6.744718] systemd[1]: Mounting Huge Pages File System...
         Mounting Huge Pages File System...
[    6.757607] systemd[1]: Starting Uncomplicated firewall...
         Starting Uncomplicated firewall...
[    6.776841] systemd[1]: Mounting Debug File System...
         Mounting Debug File System...
[    6.790650] systemd[1]: Starting Nameserver information manager...
         Starting Nameserver information manager...
[    6.803983] systemd[1]: Created slice system-serial\x2dgetty.slice.
[[0;32m  OK  [0m] Created slice system-serial\x2dgetty.slice.
[    6.820354] systemd[1]: Mounted Huge Pages File System.
[    6.827873] iscsi: registered transport (iser)
[[0;32m  OK  [0m] Mounted Huge Pages File System.
[    6.835746] ip_tables: (C) 2000-2006 Netfilter Core Team
[    6.840008] systemd[1]: Mounted POSIX Message Queue File System.
[[0;32m  OK  [0m] Mounted POSIX Message Queue File System.
[    6.854913] systemd[1]: Mounted Debug File System.
[[0;32m  OK  [0m] Mounted Debug File System.
[    6.867475] systemd[1]: Started Journal Service.
[    6.873211] nf_conntrack version 0.5.0 (3904 buckets, 15616 max)
[[0;32m  OK  [0m] Started Journal Service.
[[0;32m  OK  [0m] Started Load Kernel Modules.
[[0;32m  OK  [0m] Started File System Check on Root Device.
[[0;32m  OK  [0m] Started Create list of required sta...ce nodes for the current kernel.[    6.906978] ip6_tables: (C) 2000-2006 Netfilter Core Team

[[0;32m  OK  [0m] Started Set console keymap.
[[0;32m  OK  [0m] Started LVM2 metadata daemon.
[[0;32m  OK  [0m] Started File System Check Daemon to report status.
         Starting Create Static Device Nodes in /dev...
         Starting Remount Root and Kernel File Systems...
[    6.980953] EXT4-fs (sda1): re-mounted. Opts: (null)
         Mounting FUSE Control File System...
         Starting Apply Kernel Variables...
[[0;32m  OK  [0m] Mounted FUSE Control File System.
[[0;32m  OK  [0m] Started Nameserver information manager.
[[0;32m  OK  [0m] Started Create Static Device Nodes in /dev.
[[0;32m  OK  [0m] Started Remount Root and Kernel File Systems.
[[0;32m  OK  [0m] Started Apply Kernel Variables.
         Starting Flush Journal to Persistent Storage...
         Starting udev Coldplug all Devices...
         Starting Load/Save Random Seed...
         Starting udev Kernel Device Manager...
[[0;32m  OK  [0m] Started Load/Save Random Seed.
[[0;32m  OK  [0m] Started Flush Journal to Persistent Storage.
[[0;32m  OK  [0m] Started udev Kernel Device Manager.
[[0;32m  OK  [0m] Started udev Coldplug all Devices.
[[0;32m  OK  [0m] Started Dispatch Password Requests to Console Directory Watch.
[[0;32m  OK  [0m] Started Uncomplicated firewall.
[[0;32m  OK  [0m] Found device /dev/ttyS0.
[[0;32m  OK  [0m] Listening on Load/Save RF Kill Switch Status /dev/rfkill Watch.
[[0;32m  OK  [0m] Started Monitoring of LVM2 mirrors,...ng dmeventd or progress polling.
[[0;32m  OK  [0m] Reached target Local File Systems (Pre).
[[0;32m  OK  [0m] Reached target Local File Systems.
         Starting Initial cloud-init job (pre-networking)...
         Starting Set console font and keymap...
         Starting LSB: AppArmor initialization...
[    8.705842] cloud-init[599]: Cloud-init v. 21.1-19-gbad84ad4-0ubuntu1~16.04.2 running 'init-local' at Mon, 06 Mar 2023 13:06:30 +0000. Up 8.33 seconds.
         Starting Create Volatile Files and Directories...
         Starting Tell Plymouth To Write Out Runtime Data...
[[0;32m  OK  [0m] Started Create Volatile Files and Directories.
[[0;32m  OK  [0m] Started Tell Plymouth To Write Out Runtime Data.
[[0;32m  OK  [0m] Started Initial cloud-init job (pre-networking).
[[0;32m  OK  [0m] Reached target Network (Pre).
         Starting Update UTMP about System Boot/Shutdown...
[[0;32m  OK  [0m] Started LSB: AppArmor initialization.
         Starting Raise network interfaces...
         Starting Load AppArmor profiles managed internally by snapd...
[[0;32m  OK  [0m] Started ifup for enp0s3.
[[0;32m  OK  [0m] Started Set console font and keymap.
[[0;32m  OK  [0m] Started Update UTMP about System Boot/Shutdown.
[[0;32m  OK  [0m] Started Load AppArmor profiles managed internally by snapd.
[[0;32m  OK  [0m] Created slice system-getty.slice.
[[0;32m  OK  [0m] Started Raise network interfaces.
[[0;32m  OK  [0m] Reached target Network.
         Starting Initial cloud-init job (metadata service crawler)...
[   10.228900] cloud-init[1045]: Cloud-init v. 21.1-19-gbad84ad4-0ubuntu1~16.04.2 running 'init' at Mon, 06 Mar 2023 13:06:32 +0000. Up 10.01 seconds.
[   10.235190] cloud-init[1045]: ci-info: ++++++++++++++++++++++++++++++++++++++Net device info++++++++++++++++++++++++++++++++++++++
[   10.240959] cloud-init[1045]: ci-info: +--------+------+----------------------------+---------------+--------+-------------------+
[   10.246830] cloud-init[1045]: ci-info: | Device |  Up  |          Address           |      Mask     | Scope  |     Hw-Address    |
[   10.253081] cloud-init[1045]: ci-info: +--------+------+----------------------------+---------------+--------+-------------------+
[   10.259082] cloud-init[1045]: ci-info: | enp0s3 | True |         10.0.2.15          | 255.255.255.0 | global | 02:be:82:6b:cc:1d |
[   10.265297] cloud-init[1045]: ci-info: | enp0s3 | True | fe80::be:82ff:fe6b:cc1d/64 |       .       |  link  | 02:be:82:6b:cc:1d |
[   10.270964] cloud-init[1045]: ci-info: |   lo   | True |         127.0.0.1          |   255.0.0.0   |  host  |         .         |
[   10.276844] cloud-init[1045]: ci-info: |   lo   | True |          ::1/128           |       .       |  host  |         .         |
[   10.282972] cloud-init[1045]: ci-info: +--------+------+----------------------------+---------------+--------+-------------------+
[   10.289698] cloud-init[1045]: ci-info: +++++++++++++++++++++++++++Route IPv4 info++++++++++++++++++++++++++++
[   10.295407] cloud-init[1045]: ci-info: +-------+-------------+----------+---------------+-----------+-------+
[   10.301037] cloud-init[1045]: ci-info: | Route | Destination | Gateway  |    Genmask    | Interface | Flags |
[   10.306818] cloud-init[1045]: ci-info: +-------+-------------+----------+---------------+-----------+-------+
[   10.312456] cloud-init[1045]: ci-info: |   0   |   0.0.0.0   | 10.0.2.2 |    0.0.0.0    |   enp0s3  |   UG  |
[   10.318174] cloud-init[1045]: ci-info: |   1   |   10.0.2.0  | 0.0.0.0  | 255.255.255.0 |   enp0s3  |   U   |
[   10.323649] cloud-init[1045]: ci-info: +-------+-------------+----------+---------------+-----------+-------+
[   10.329603] cloud-init[1045]: ci-info: +++++++++++++++++++Route IPv6 info+++++++++++++++++++
[   10.335132] cloud-init[1045]: ci-info: +-------+-------------+---------+-----------+-------+
[   10.336751] cloud-init[1045]: ci-info: | Route | Destination | Gateway | Interface | Flags |
[   10.337261] cloud-init[1045]: ci-info: +-------+-------------+---------+-----------+-------+
[   10.337619] cloud-init[1045]: ci-info: |   0   |  fe80::/64  |    ::   |   enp0s3  |   U   |
[   10.338010] cloud-init[1045]: ci-info: |   3   |   ff00::/8  |    ::   |   enp0s3  |   U   |
[   10.338418] cloud-init[1045]: ci-info: +-------+-------------+---------+-----------+-------+
[[0;32m  OK  [0m] Started Initial cloud-init job (metadata service crawler).
[[0;32m  OK  [0m] Reached target Network is Online.
         Starting iSCSI initiator daemon (iscsid)...
[[0;32m  OK  [0m] Reached target Cloud-config availability.
[[0;32m  OK  [0m] Reached target System Initialization.
[[0;32m  OK  [0m] Started Message of the Day.
[[0;32m  OK  [0m] Started Daily apt download activities.
[[0;32m  OK  [0m] Listening on D-Bus System Message Bus Socket.
[[0;32m  OK  [0m] Started ACPI Events Check.
[[0;32m  OK  [0m] Reached target Paths.
         Starting Socket activation for snappy daemon.
[[0;32m  OK  [0m] Started Daily apt upgrade and clean activities.
[[0;32m  OK  [0m] Listening on ACPID Listen Socket.
[[0;32m  OK  [0m] Started Ubuntu Advantage update messaging.
[[0;32m  OK  [0m] Started Daily Cleanup of Temporary Directories.
[[0;32m  OK  [0m] Reached target Timers.
[[0;32m  OK  [0m] Listening on UUID daemon activation socket.
         Starting LXD - unix socket.
[[0;32m  OK  [0m] Listening on Socket activation for snappy daemon.
[[0;32m  OK  [0m] Listening on LXD - unix socket.
[[0;32m  OK  [0m] Started iSCSI initiator daemon (iscsid).
         Starting Login to default iSCSI targets...
[[0;32m  OK  [0m] Reached target Sockets.
[[0;32m  OK  [0m] Reached target Basic System.
[[0;32m  OK  [0m] Started Regular background program processing daemon.
         Starting Virtualbox guest utils...
[[0;32m  OK  [0m] Started ACPI event daemon.
         Starting /etc/rc.local Compatibility...
         Starting Login Service...
         Starting LSB: Record successful boot for GRUB...
         Starting OpenBSD Secure Shell server...
         Starting System Logging Service...
         Starting LSB: MD monitoring daemon...
         Starting Accounts Service...
[[0;32m  OK  [0m] Started FUSE filesystem for LXC.
[[0;32m  OK  [0m] Started Deferred execution scheduler.
[[0;32m  OK  [0m] Started D-Bus System Message Bus.
         Starting LXD - container startup/shutdown...
         Starting A high performance web server and a reverse proxy server...
         Starting Snap Daemon...
[[0;32m  OK  [0m] Started System Logging Service.
[[0;32m  OK  [0m] Started /etc/rc.local Compatibility.
[[0;32m  OK  [0m] Started Login Service.
[[0;32m  OK  [0m] Started OpenBSD Secure Shell server.
[[0;32m  OK  [0m] Started Unattended Upgrades Shutdown.
         Starting Authenticate and Authorize Users to Run Privileged Tasks...
[[0;32m  OK  [0m] Started Login to default iSCSI targets.
[[0;32m  OK  [0m] Reached target Remote File Systems (Pre).
         Mounting /var/www/html...
[[0;32m  OK  [0m] Started LSB: Record successful boot for GRUB.
[[0;32m  OK  [0m] Started LSB: MD monitoring daemon.
[[0;1;31mFAILED[0m] Failed to mount /var/www/html.
See 'systemctl status var-www-html.mount' for details.
[[0;1;33mDEPEND[0m] Dependency failed for Remote File Systems.
[[0;32m  OK  [0m] Started Authenticate and Authorize Users to Run Privileged Tasks.
[[0;32m  OK  [0m] Started Accounts Service.
         Starting LSB: Set the CPU Frequency Scaling governor to "ondemand"...
         Starting Permit User Sessions...
         Starting LSB: automatic crash report generation...
         Starting LSB: daemon to balance interrupts for SMP systems...
[[0;32m  OK  [0m] Started Permit User Sessions.
         Starting Terminate Plymouth Boot Screen...
         Starting Hold until boot process finishes up...
[[0;32m  OK  [0m] Started Terminate Plymouth Boot Screen.
[[0;32m  OK  [0m] Started Hold until boot process finishes up.
[[0;32m  OK  [0m] Started Getty on tty1.
[[0;32m  OK  [0m] Started Serial Getty on ttyS0.
[[0;32m  OK  [0m] Reached target Login Prompts.
         Starting Set console scheme...
[[0;32m  OK  [0m] Started Set console scheme.
[[0;32m  OK  [0m] Started LSB: Set the CPU Frequency Scaling governor to "ondemand".
[[0;32m  OK  [0m] Started LSB: automatic crash report generation.
[[0;32m  OK  [0m] Started LSB: daemon to balance interrupts for SMP systems.
[[0;32m  OK  [0m] Started A high performance web server and a reverse proxy server.
[[0;32m  OK  [0m] Started Virtualbox guest utils.
[[0;32m  OK  [0m] Started LXD - container startup/shutdown.
[[0;32m  OK  [0m] Started Snap Daemon.
         Starting Wait until snapd is fully seeded...
[[0;32m  OK  [0m] Started Wait until snapd is fully seeded.
         Starting Apply the settings specified in cloud-config...
[[0;32m  OK  [0m] Reached target Multi-User System.
[[0;32m  OK  [0m] Reached target Graphical Interface.
         Starting Update UTMP about System Runlevel Changes...
[[0;32m  OK  [0m] Started Update UTMP about System Runlevel Changes.
[   11.641868] cloud-init[1307]: Cloud-init v. 21.1-19-gbad84ad4-0ubuntu1~16.04.2 running 'modules:config' at Mon, 06 Mar 2023 13:06:34 +0000. Up 11.56 seconds.
[[0;32m  OK  [0m] Started Apply the settings specified in cloud-config.
         Starting Execute cloud user/final scripts...
[   11.961331] cloud-init[1320]: Cloud-init v. 21.1-19-gbad84ad4-0ubuntu1~16.04.2 running 'modules:final' at Mon, 06 Mar 2023 13:06:34 +0000. Up 11.87 seconds.
[   11.967959] cloud-init[1320]: Cloud-init v. 21.1-19-gbad84ad4-0ubuntu1~16.04.2 finished at Mon, 06 Mar 2023 13:06:34 +0000. Datasource DataSourceNoCloud [seed=/dev/sdb][dsmode=net].  Up 11.95 seconds
[[0;32m  OK  [0m] Started Execute cloud user/final scripts.
[[0;32m  OK  [0m] Reached target Cloud-init target.

Ubuntu 16.04.7 LTS ubuntu-xenial ttyS0

ubuntu-xenial login: 