[    0.000000] Initializing cgroup subsys cpuset
[    0.000000] Initializing cgroup subsys cpu
[    0.000000] Initializing cgroup subsys cpuacct
[    0.000000] Linux version 4.4.0-210-generic (buildd@lgw01-amd64-009) (gcc version 5.4.0 20160609 (Ubuntu 5.4.0-6ubuntu1~16.04.12) ) #242-Ubuntu SMP Fri Apr 16 09:57:56 UTC 2021 (Ubuntu 4.4.0-210.242-generic 4.4.262)
[    0.000000] Command line: BOOT_IMAGE=/boot/vmlinuz-4.4.0-210-generic root=LABEL=cloudimg-rootfs ro console=tty1 console=ttyS0
[    0.000000] KERNEL supported cpus:
[    0.000000]   Intel GenuineIntel
[    0.000000]   AMD AuthenticAMD
[    0.000000]   Centaur CentaurHauls
[    0.000000] x86/fpu: Legacy x87 FPU detected.
[    0.000000] e820: BIOS-provided physical RAM map:
[    0.000000] BIOS-e820: [mem 0x0000000000000000-0x000000000009fbff] usable
[    0.000000] BIOS-e820: [mem 0x000000000009fc00-0x000000000009ffff] reserved
[    0.000000] BIOS-e820: [mem 0x00000000000f0000-0x00000000000fffff] reserved
[    0.000000] BIOS-e820: [mem 0x0000000000100000-0x000000001ffeffff] usable
[    0.000000] BIOS-e820: [mem 0x000000001fff0000-0x000000001fffffff] ACPI data
[    0.000000] BIOS-e820: [mem 0x00000000fec00000-0x00000000fec00fff] reserved
[    0.000000] BIOS-e820: [mem 0x00000000fee00000-0x00000000fee00fff] reserved
[    0.000000] BIOS-e820: [mem 0x00000000fffc0000-0x00000000ffffffff] reserved
[    0.000000] NX (Execute Disable) protection: active
[    0.000000] SMBIOS 2.5 present.
[    0.000000] Hypervisor detected: KVM
[    0.000000] e820: last_pfn = 0x1fff0 max_arch_pfn = 0x400000000
[    0.000000] MTRR: Disabled
[    0.000000] x86/PAT: MTRRs disabled, skipping PAT initialization too.
[    0.000000] CPU MTRRs all blank - virtualized system.
[    0.000000] x86/PAT: Configuration [0-7]: WB  WT  UC- UC  WB  WT  UC- UC  
[    0.000000] found SMP MP-table at [mem 0x0009fff0-0x0009ffff] mapped at [ffff88000009fff0]
[    0.000000] Scanning 1 areas for low memory corruption
[    0.000000] RAMDISK: [mem 0x1e8c2000-0x1f74bfff]
[    0.000000] ACPI: Early table checksum verification disabled
[    0.000000] ACPI: RSDP 0x00000000000E0000 000024 (v02 VBOX  )
[    0.000000] ACPI: XSDT 0x000000001FFF0030 00003C (v01 VBOX   VBOXXSDT 00000001 ASL  00000061)
[    0.000000] ACPI: FACP 0x000000001FFF00F0 0000F4 (v04 VBOX   VBOXFACP 00000001 ASL  00000061)
[    0.000000] ACPI: DSDT 0x000000001FFF0610 002353 (v02 VBOX   VBOXBIOS 00000002 INTL 20100528)
[    0.000000] ACPI: FACS 0x000000001FFF0200 000040
[    0.000000] ACPI: FACS 0x000000001FFF0200 000040
[    0.000000] ACPI: APIC 0x000000001FFF0240 00005C (v02 VBOX   VBOXAPIC 00000001 ASL  00000061)
[    0.000000] ACPI: SSDT 0x000000001FFF02A0 00036C (v01 VBOX   VBOXCPUT 00000002 INTL 20100528)
[    0.000000] No NUMA configuration found
[    0.000000] Faking a node at [mem 0x0000000000000000-0x000000001ffeffff]
[    0.000000] NODE_DATA(0) allocated [mem 0x1ffeb000-0x1ffeffff]
[    0.000000] kvm-clock: Using msrs 4b564d01 and 4b564d00
[    0.000000] kvm-clock: cpu 0, msr 0:1ffe3001, primary cpu clock
[    0.000000] kvm-clock: using sched offset of 3557237575 cycles
[    0.000000] clocksource: kvm-clock: mask: 0xffffffffffffffff max_cycles: 0x1cd42e4dffb, max_idle_ns: 881590591483 ns
[    0.000000] Zone ranges:
[    0.000000]   DMA      [mem 0x0000000000001000-0x0000000000ffffff]
[    0.000000]   DMA32    [mem 0x0000000001000000-0x000000001ffeffff]
[    0.000000]   Normal   empty
[    0.000000]   Device   empty
[    0.000000] Movable zone start for each node
[    0.000000] Early memory node ranges
[    0.000000]   node   0: [mem 0x0000000000001000-0x000000000009efff]
[    0.000000]   node   0: [mem 0x0000000000100000-0x000000001ffeffff]
[    0.000000] Initmem setup node 0 [mem 0x0000000000001000-0x000000001ffeffff]
[    0.000000] ACPI: PM-Timer IO Port: 0x4008
[    0.000000] IOAPIC[0]: apic_id 2, version 32, address 0xfec00000, GSI 0-23
[    0.000000] ACPI: INT_SRC_OVR (bus 0 bus_irq 0 global_irq 2 dfl dfl)
[    0.000000] ACPI: INT_SRC_OVR (bus 0 bus_irq 9 global_irq 9 low level)
[    0.000000] Using ACPI (MADT) for SMP configuration information
[    0.000000] smpboot: Allowing 2 CPUs, 0 hotplug CPUs
[    0.000000] PM: Registered nosave memory: [mem 0x00000000-0x00000fff]
[    0.000000] PM: Registered nosave memory: [mem 0x0009f000-0x0009ffff]
[    0.000000] PM: Registered nosave memory: [mem 0x000a0000-0x000effff]
[    0.000000] PM: Registered nosave memory: [mem 0x000f0000-0x000fffff]
[    0.000000] e820: [mem 0x20000000-0xfebfffff] available for PCI devices
[    0.000000] Booting paravirtualized kernel on KVM
[    0.000000] clocksource: refined-jiffies: mask: 0xffffffff max_cycles: 0xffffffff, max_idle_ns: 7645519600211568 ns
[    0.000000] setup_percpu: NR_CPUS:512 nr_cpumask_bits:512 nr_cpu_ids:2 nr_node_ids:1
[    0.000000] PERCPU: Embedded 33 pages/cpu @ffff88001fc00000 s95192 r8192 d31784 u1048576
[    0.000000] Built 1 zonelists in Node order, mobility grouping on.  Total pages: 128888
[    0.000000] Policy zone: DMA32
[    0.000000] Kernel command line: BOOT_IMAGE=/boot/vmlinuz-4.4.0-210-generic root=LABEL=cloudimg-rootfs ro console=tty1 console=ttyS0
[    0.000000] PID hash table entries: 2048 (order: 2, 16384 bytes)
[    0.000000] Memory: 481712K/523832K available (8644K kernel code, 1332K rwdata, 4044K rodata, 1492K init, 1164K bss, 42120K reserved, 0K cma-reserved)
[    0.000000] SLUB: HWalign=64, Order=0-3, MinObjects=0, CPUs=2, Nodes=1
[    0.000000] Kernel/User page tables isolation: enabled
[    0.000000] Hierarchical RCU implementation.
[    0.000000] 	Build-time adjustment of leaf fanout to 64.
[    0.000000] 	RCU restricting CPUs from NR_CPUS=512 to nr_cpu_ids=2.
[    0.000000] RCU: Adjusting geometry for rcu_fanout_leaf=64, nr_cpu_ids=2
[    0.000000] NR_IRQS:33024 nr_irqs:440 16
[    0.000000] Console: colour VGA+ 80x25
[    0.000000] console [tty1] enabled
[    0.000000] console [ttyS0] enabled
[    0.000000] tsc: Detected 2592.004 MHz processor
[    0.533005] Calibrating delay loop (skipped) preset value.. 5184.00 BogoMIPS (lpj=10368016)
[    0.541133] pid_max: default: 32768 minimum: 301
[    0.545484] ACPI: Core revision 20150930
[    0.550144] ACPI: 2 ACPI AML tables successfully acquired and loaded
[    0.557350] Security Framework initialized
[    0.561247] Yama: becoming mindful.
[    0.564652] AppArmor: AppArmor initialized
[    0.568415] Dentry cache hash table entries: 65536 (order: 7, 524288 bytes)
[    0.577613] Inode-cache hash table entries: 32768 (order: 6, 262144 bytes)
[    0.583881] Mount-cache hash table entries: 1024 (order: 1, 8192 bytes)
[    0.592295] Mountpoint-cache hash table entries: 1024 (order: 1, 8192 bytes)
[    0.601420] Initializing cgroup subsys io
[    0.607232] Initializing cgroup subsys memory
[    0.612086] Initializing cgroup subsys devices
[    0.619519] Initializing cgroup subsys freezer
[    0.624261] Initializing cgroup subsys net_cls
[    0.629453] Initializing cgroup subsys perf_event
[    0.636700] Initializing cgroup subsys net_prio
[    0.642783] Initializing cgroup subsys hugetlb
[    0.646806] Initializing cgroup subsys pids
[    0.664595] mce: CPU supports 0 MCE banks
[    0.669066] Last level iTLB entries: 4KB 64, 2MB 8, 4MB 8
[    0.674155] Last level dTLB entries: 4KB 64, 2MB 0, 4MB 0, 1GB 4
[    0.681188] Spectre V1 : Mitigation: usercopy/swapgs barriers and __user pointer sanitization
[    0.690478] Spectre V2 : Mitigation: Full generic retpoline
[    0.696950] Spectre V2 : Spectre v2 / SpectreRSB mitigation: Filling RSB on context switch
[    0.705208] Speculative Store Bypass: Vulnerable
[    0.709851] SRBDS: Unknown: Dependent on hypervisor status
[    0.715827] MDS: Mitigation: Clear CPU buffers
[    0.762824] Freeing SMP alternatives memory: 36K
[    0.849588] ftrace: allocating 32380 entries in 127 pages
[    1.431230] smpboot: APIC(0) Converting physical 0 to logical package 0
[    1.438970] smpboot: Max logical packages: 1
[    1.460337] ..TIMER: vector=0x30 apic1=0 pin1=2 apic2=-1 pin2=-1
[    1.575183] smpboot: CPU0: Intel(R) Core(TM) i7-9750H CPU @ 2.60GHz (family: 0x6, model: 0x9e, stepping: 0xa)
[    1.586824] Performance Events: unsupported p6 CPU model 158 no PMU driver, software events only.
[    1.684203] KVM setup paravirtual spinlock
[    1.689103] x86: Booting SMP configuration:
[    1.692981] .... node  #0, CPUs:      #1
[    1.698294] kvm-clock: cpu 1, msr 0:1ffe3041, secondary cpu clock
[    1.715978] mce: CPU supports 0 MCE banks
[    1.720396] TSC synchronization [CPU#0 -> CPU#1]:
[    1.724894] Measured 93078 cycles TSC warp between CPUs, turning off TSC clock.
[    1.731577] tsc: Marking TSC unstable due to check_tsc_sync_source failed
[    0.546265] x86: Booted up 1 node, 2 CPUs
[    0.548002] smpboot: Total of 2 processors activated (10368.01 BogoMIPS)
[    0.556070] devtmpfs: initialized
[    0.561266] evm: security.selinux
[    0.564004] evm: security.SMACK64
[    0.567069] evm: security.SMACK64EXEC
[    0.568002] evm: security.SMACK64TRANSMUTE
[    0.572001] evm: security.SMACK64MMAP
[    0.576002] evm: security.ima
[    0.580002] evm: security.capability
[    0.584362] clocksource: jiffies: mask: 0xffffffff max_cycles: 0xffffffff, max_idle_ns: 7645041785100000 ns
[    0.588008] futex hash table entries: 512 (order: 3, 32768 bytes)
[    0.596151] pinctrl core: initialized pinctrl subsystem
[    0.600422] RTC time: 12:53:25, date: 03/06/23
[    0.605005] NET: Registered protocol family 16
[    0.620005] cpuidle: using governor ladder
[    0.636017] cpuidle: using governor menu
[    0.640217] PCCT header not found.
[    0.644095] ACPI: bus type PCI registered
[    0.648003] acpiphp: ACPI Hot Plug PCI Controller Driver version: 0.5
[    0.652478] PCI: Using configuration type 1 for base access
[    0.676863] ACPI: Added _OSI(Module Device)
[    0.680003] ACPI: Added _OSI(Processor Device)
[    0.684002] ACPI: Added _OSI(3.0 _SCP Extensions)
[    0.688002] ACPI: Added _OSI(Processor Aggregator Device)
[    0.693109] ACPI: Executed 1 blocks of module-level executable AML code
[    0.704065] ACPI: Interpreter enabled
[    0.707431] ACPI: (supports S0 S5)
[    0.708002] ACPI: Using IOAPIC for interrupt routing
[    0.712313] PCI: Using host bridge windows from ACPI; if necessary, use "pci=nocrs" and report a bug
[    0.725680] ACPI: PCI Root Bridge [PCI0] (domain 0000 [bus 00-ff])
[    0.728005] acpi PNP0A03:00: _OSC: OS supports [ASPM ClockPM Segments MSI]
[    0.732576] acpi PNP0A03:00: _OSC: not requesting OS control; OS requires [ExtendedConfig ASPM ClockPM MSI]
[    0.736007] acpi PNP0A03:00: fail to add MMCONFIG information, can't access extended PCI configuration space under this bridge.
[    0.740661] PCI host bridge to bus 0000:00
[    0.744003] pci_bus 0000:00: root bus resource [io  0x0000-0x0cf7 window]
[    0.748003] pci_bus 0000:00: root bus resource [io  0x0d00-0xffff window]
[    0.752003] pci_bus 0000:00: root bus resource [mem 0x000a0000-0x000bffff window]
[    0.756003] pci_bus 0000:00: root bus resource [mem 0x20000000-0xfdffffff window]
[    0.760004] pci_bus 0000:00: root bus resource [bus 00-ff]
[    0.773879] pci 0000:00:01.1: legacy IDE quirk: reg 0x10: [io  0x01f0-0x01f7]
[    0.776006] pci 0000:00:01.1: legacy IDE quirk: reg 0x14: [io  0x03f6]
[    0.780006] pci 0000:00:01.1: legacy IDE quirk: reg 0x18: [io  0x0170-0x0177]
[    0.784004] pci 0000:00:01.1: legacy IDE quirk: reg 0x1c: [io  0x0376]
[    0.811217] pci 0000:00:07.0: quirk: [io  0x4000-0x403f] claimed by PIIX4 ACPI
[    0.812040] pci 0000:00:07.0: quirk: [io  0x4100-0x410f] claimed by PIIX4 SMB
[    0.824199] ACPI: PCI Interrupt Link [LNKA] (IRQs 5 9 10 *11)
[    0.833356] ACPI: PCI Interrupt Link [LNKB] (IRQs 5 9 *10 11)
[    0.841113] ACPI: PCI Interrupt Link [LNKC] (IRQs 5 *9 10 11)
[    0.848181] ACPI: PCI Interrupt Link [LNKD] (IRQs 5 9 10 *11)
[    0.856216] ACPI: Enabled 2 GPEs in block 00 to 07
[    0.860241] vgaarb: setting as boot device: PCI:0000:00:02.0
[    0.864000] vgaarb: device added: PCI:0000:00:02.0,decodes=io+mem,owns=io+mem,locks=none
[    0.864003] vgaarb: loaded
[    0.868002] vgaarb: bridge control possible 0000:00:02.0
[    0.876109] SCSI subsystem initialized
[    0.880249] ACPI: bus type USB registered
[    0.884015] usbcore: registered new interface driver usbfs
[    0.888032] usbcore: registered new interface driver hub
[    0.892008] usbcore: registered new device driver usb
[    0.896409] PCI: Using ACPI for IRQ routing
[    0.900811] NetLabel: Initializing
[    0.904002] NetLabel:  domain hash size = 128
[    0.908001] NetLabel:  protocols = UNLABELED CIPSOv4
[    0.912011] NetLabel:  unlabeled traffic allowed by default
[    0.916147] amd_nb: Cannot enumerate AMD northbridges
[    0.920430] clocksource: Switched to clocksource kvm-clock
[    0.929206] AppArmor: AppArmor Filesystem Enabled
[    0.929206] pnp: PnP ACPI init
[    0.929206] pnp: PnP ACPI: found 3 devices
[    1.004152] clocksource: acpi_pm: mask: 0xffffff max_cycles: 0xffffff, max_idle_ns: 2085701024 ns
[    1.008100] NET: Registered protocol family 2
[    1.017493] TCP established hash table entries: 4096 (order: 3, 32768 bytes)
[    1.023987] TCP bind hash table entries: 4096 (order: 4, 65536 bytes)
[    1.027807] TCP: Hash tables configured (established 4096 bind 4096)
[    1.027807] UDP hash table entries: 256 (order: 1, 8192 bytes)
[    1.027807] UDP-Lite hash table entries: 256 (order: 1, 8192 bytes)
[    1.027807] NET: Registered protocol family 1
[    1.027807] pci 0000:00:00.0: Limiting direct PCI/PCI transfers
[    1.027807] pci 0000:00:01.0: Activating ISA DMA hang workarounds
[    1.027807] Unpacking initramfs...
[    1.417406] Freeing initrd memory: 14888K
[    1.421790] clocksource: tsc: mask: 0xffffffffffffffff max_cycles: 0x255cbae350f, max_idle_ns: 440795327587 ns
[    1.430627] platform rtc_cmos: registered platform RTC device (no PNP device found)
[    1.437930] Scanning for low memory corruption every 60 seconds
[    1.445090] audit: initializing netlink subsys (disabled)
[    1.450441] audit: type=2000 audit(1678107210.434:1): initialized
[    1.456210] Initialise system trusted keyring
[    1.461443] HugeTLB registered 2 MB page size, pre-allocated 0 pages
[    1.468765] zbud: loaded
[    1.472342] VFS: Disk quotas dquot_6.6.0
[    1.475737] VFS: Dquot-cache hash table entries: 512 (order 0, 4096 bytes)
[    1.482119] squashfs: version 4.0 (2009/01/31) Phillip Lougher
[    1.488556] fuse init (API version 7.23)
[    1.492424] Key type big_key registered
[    1.495730] Allocating IMA MOK and blacklist keyrings.
[    1.514462] Key type asymmetric registered
[    1.518772] Asymmetric key parser 'x509' registered
[    1.524137] Block layer SCSI generic (bsg) driver version 0.4 loaded (major 249)
[    1.532380] io scheduler noop registered
[    1.536558] io scheduler deadline registered (default)
[    1.541091] io scheduler cfq registered
[    1.544857] pci_hotplug: PCI Hot Plug PCI Core version: 0.5
[    1.550820] pciehp: PCI Express Hot Plug Controller Driver version: 0.4
[    1.557241] ACPI: AC Adapter [AC] (on-line)
[    1.561395] input: Power Button as /devices/LNXSYSTM:00/LNXPWRBN:00/input/input0
[    1.568521] ACPI: Power Button [PWRF]
[    1.572521] input: Sleep Button as /devices/LNXSYSTM:00/LNXSLPBN:00/input/input1
[    1.579020] ACPI: Sleep Button [SLPF]
[    1.584146] GHES: HEST is not enabled!
[    1.585202] ACPI: Battery Slot [BAT0] (battery present)
[    1.593566] Serial: 8250/16550 driver, 32 ports, IRQ sharing enabled
[    1.625411] 00:02: ttyS0 at I/O 0x3f8 (irq = 4, base_baud = 115200) is a 16550A
[    1.648419] Linux agpgart interface v0.103
[    1.657440] loop: module loaded
[    1.661950] scsi host0: ata_piix
[    1.665858] scsi host1: ata_piix
[    1.668773] ata1: PATA max UDMA/33 cmd 0x1f0 ctl 0x3f6 bmdma 0xd000 irq 14
[    1.674653] ata2: PATA max UDMA/33 cmd 0x170 ctl 0x376 bmdma 0xd008 irq 15
[    1.681035] libphy: Fixed MDIO Bus: probed
[    1.685446] tun: Universal TUN/TAP device driver, 1.6
[    1.689929] tun: (C) 1999-2004 Max Krasnyansky <maxk@qualcomm.com>
[    1.696570] PPP generic driver version 2.4.2
[    1.702517] ehci_hcd: USB 2.0 'Enhanced' Host Controller (EHCI) Driver
[    1.711371] ehci-pci: EHCI PCI platform driver
[    1.716070] ehci-platform: EHCI generic platform driver
[    1.720577] ohci_hcd: USB 1.1 'Open' Host Controller (OHCI) Driver
[    1.725971] ohci-pci: OHCI PCI platform driver
[    1.730185] ohci-platform: OHCI generic platform driver
[    1.735449] uhci_hcd: USB Universal Host Controller Interface driver
[    1.743982] i8042: PNP: PS/2 Controller [PNP0303:PS2K,PNP0f03:PS2M] at 0x60,0x64 irq 1,12
[    1.759532] serio: i8042 KBD port at 0x60,0x64 irq 1
[    1.765235] serio: i8042 AUX port at 0x60,0x64 irq 12
[    1.770485] mousedev: PS/2 mouse device common for all mice
[    1.777419] input: AT Translated Set 2 keyboard as /devices/platform/i8042/serio0/input/input2
[    1.787639] rtc_cmos rtc_cmos: rtc core: registered rtc_cmos as rtc0
[    1.797378] rtc_cmos rtc_cmos: alarms up to one day, 114 bytes nvram
[    1.803602] i2c /dev entries driver
[    1.807630] device-mapper: uevent: version 1.0.3
[    1.812794] device-mapper: ioctl: 4.34.0-ioctl (2015-10-28) initialised: dm-devel@redhat.com
[    1.820808] ledtrig-cpu: registered to indicate activity on CPUs
[    1.831350] NET: Registered protocol family 10
[    1.837048] NET: Registered protocol family 17
[    1.842029] Key type dns_resolver registered
[    1.846945] registered taskstats version 1
[    1.852117] Loading compiled-in X.509 certificates
[    1.857328] Loaded X.509 cert 'Build time autogenerated kernel key: cf00e047681d67edb2720680708b7d9498083038'
[    1.866899] zswap: loaded using pool lzo/zbud
[    1.907407] Key type trusted registered
[    1.920329] Key type encrypted registered
[    1.924769] AppArmor: AppArmor sha1 policy hashing enabled
[    1.930929] ima: No TPM chip found, activating TPM-bypass!
[    1.936384] ima: Allocated hash algorithm: sha1
[    1.940903] evm: HMAC attrs: 0x1
[    1.945581]   Magic number: 15:43:885
[    1.950732] rtc_cmos rtc_cmos: setting system clock to 2023-03-06 12:53:26 UTC (1678107206)
[    1.959034] BIOS EDD facility v0.16 2004-Jun-25, 0 devices found
[    1.964578] EDD information not available.
[    1.971302] Freeing unused kernel memory: 1492K
[    1.975700] Write protecting the kernel read-only data: 14336k
[    1.982454] Freeing unused kernel memory: 1584K
[    1.987273] Freeing unused kernel memory: 52K
Loading, please wait...
starting version 229
[    2.016759] random: systemd-udevd: uninitialized urandom read (16 bytes read, 9 bits of entropy available)
[    2.016737] random: udevadm: uninitialized urandom read (16 bytes read, 9 bits of entropy available)
[    2.016758] random: udevadm: uninitialized urandom read (16 bytes read, 9 bits of entropy available)
[    2.026643] random: udevadm: uninitialized urandom read (16 bytes read, 9 bits of entropy available)
[    2.026683] random: udevadm: uninitialized urandom read (16 bytes read, 9 bits of entropy available)
[    2.026843] random: udevadm: uninitialized urandom read (16 bytes read, 9 bits of entropy available)
[    2.026891] random: udevadm: uninitialized urandom read (16 bytes read, 9 bits of entropy available)
[    2.026966] random: udevadm: uninitialized urandom read (16 bytes read, 9 bits of entropy available)
[    2.027063] random: udevadm: uninitialized urandom read (16 bytes read, 9 bits of entropy available)
[    2.027109] random: udevadm: uninitialized urandom read (16 bytes read, 9 bits of entropy available)
[    2.151090] e1000: Intel(R) PRO/1000 Network Driver - version 7.3.21-k8-NAPI
[    2.158342] e1000: Copyright (c) 1999-2006 Intel Corporation.
[    2.165743] Fusion MPT base driver 3.04.20
[    2.170332] Copyright (c) 1999-2008 LSI Corporation
[    2.202845] SSE version of gcm_enc/dec engaged.
[    2.233503] Fusion MPT SPI Host driver 3.04.20
[    2.409397] input: ImExPS/2 Generic Explorer Mouse as /devices/platform/i8042/serio1/input/input4
[    2.846300] e1000 0000:00:03.0 eth0: (PCI:33MHz:32-bit) 02:be:82:6b:cc:1d
[    2.853030] e1000 0000:00:03.0 eth0: Intel(R) PRO/1000 Network Connection
[    2.860732] mptbase: ioc0: Initiating bringup
[    2.866429] e1000 0000:00:03.0 enp0s3: renamed from eth0
[    2.942248] ioc0: LSI53C1030 A0: Capabilities={Initiator}
[    3.715943] scsi host2: ioc0: LSI53C1030 A0, FwRev=00000000h, Ports=1, MaxQ=256, IRQ=20
[    4.148003] scsi 2:0:0:0: Direct-Access     VBOX     HARDDISK         1.0  PQ: 0 ANSI: 5
[    4.155983] scsi target2:0:0: Beginning Domain Validation
[    4.168155] scsi target2:0:0: Domain Validation skipping write tests
[    4.174281] scsi target2:0:0: Ending Domain Validation
[    4.179884] scsi target2:0:0: asynchronous
[    4.186787] scsi 2:0:1:0: Direct-Access     VBOX     HARDDISK         1.0  PQ: 0 ANSI: 5
[    4.194683] scsi target2:0:1: Beginning Domain Validation
[    4.206827] scsi target2:0:1: Domain Validation skipping write tests
[    4.214046] scsi target2:0:1: Ending Domain Validation
[    4.219635] scsi target2:0:1: asynchronous
[    4.250981] sd 2:0:0:0: Attached scsi generic sg0 type 0
[    4.250978] sd 2:0:0:0: [sda] 83886080 512-byte logical blocks: (42.9 GB/40.0 GiB)
[    4.264978] sd 2:0:1:0: [sdb] 20480 512-byte logical blocks: (10.5 MB/10.0 MiB)
[    4.290704] sd 2:0:1:0: Attached scsi generic sg1 type 0
[    4.290700] sd 2:0:0:0: [sda] Write Protect is off
[    4.301906] sd 2:0:0:0: [sda] Incomplete mode parameter data
[    4.308133] sd 2:0:0:0: [sda] Assuming drive cache: write through
[    4.308593] sd 2:0:1:0: [sdb] Write Protect is off
[    4.309145] sd 2:0:1:0: [sdb] Incomplete mode parameter data
[    4.309146] sd 2:0:1:0: [sdb] Assuming drive cache: write through
[    4.316736] sd 2:0:1:0: [sdb] Attached SCSI disk
[    4.342804]  sda: sda1
[    4.349763] sd 2:0:0:0: [sda] Attached SCSI disk
Begin: Loading essential drivers ... [    6.064806] md: linear personality registered for level -1
[    6.076643] md: multipath personality registered for level -4
[    6.086143] md: raid0 personality registered for level 0
[    6.105953] md: raid1 personality registered for level 1
