[    0.000000] Initializing cgroup subsys cpuset
[    0.000000] Initializing cgroup subsys cpu
[    0.000000] Initializing cgroup subsys cpuacct
[    0.000000] Linux version 4.4.0-210-generic (buildd@lgw01-amd64-009) (gcc version 5.4.0 20160609 (Ubuntu 5.4.0-6ubuntu1~16.04.12) ) #242-Ubuntu SMP Fri Apr 16 09:57:56 UTC 2021 (Ubuntu 4.4.0-210.242-generic 4.4.262)
[    0.000000] Command line: BOOT_IMAGE=/boot/vmlinuz-4.4.0-210-generic root=LABEL=cloudimg-rootfs ro console=tty1 console=ttyS0
[    0.000000] KERNEL supported cpus:
[    0.000000]   Intel GenuineIntel
[    0.000000]   AMD AuthenticAMD
[    0.000000]   Centaur CentaurHauls
[    0.000000] x86/fpu: Legacy x87 FPU detected.
[    0.000000] e820: BIOS-provided physical RAM map:
[    0.000000] BIOS-e820: [mem 0x0000000000000000-0x000000000009fbff] usable
[    0.000000] BIOS-e820: [mem 0x000000000009fc00-0x000000000009ffff] reserved
[    0.000000] BIOS-e820: [mem 0x00000000000f0000-0x00000000000fffff] reserved
[    0.000000] BIOS-e820: [mem 0x0000000000100000-0x000000003ffeffff] usable
[    0.000000] BIOS-e820: [mem 0x000000003fff0000-0x000000003fffffff] ACPI data
[    0.000000] BIOS-e820: [mem 0x00000000fec00000-0x00000000fec00fff] reserved
[    0.000000] BIOS-e820: [mem 0x00000000fee00000-0x00000000fee00fff] reserved
[    0.000000] BIOS-e820: [mem 0x00000000fffc0000-0x00000000ffffffff] reserved
[    0.000000] NX (Execute Disable) protection: active
[    0.000000] SMBIOS 2.5 present.
[    0.000000] Hypervisor detected: KVM
[    0.000000] e820: last_pfn = 0x3fff0 max_arch_pfn = 0x400000000
[    0.000000] MTRR: Disabled
[    0.000000] x86/PAT: MTRRs disabled, skipping PAT initialization too.
[    0.000000] CPU MTRRs all blank - virtualized system.
[    0.000000] x86/PAT: Configuration [0-7]: WB  WT  UC- UC  WB  WT  UC- UC  
[    0.000000] found SMP MP-table at [mem 0x0009fff0-0x0009ffff] mapped at [ffff88000009fff0]
[    0.000000] Scanning 1 areas for low memory corruption
[    0.000000] RAMDISK: [mem 0x362dc000-0x37165fff]
[    0.000000] ACPI: Early table checksum verification disabled
[    0.000000] ACPI: RSDP 0x00000000000E0000 000024 (v02 VBOX  )
[    0.000000] ACPI: XSDT 0x000000003FFF0030 00003C (v01 VBOX   VBOXXSDT 00000001 ASL  00000061)
[    0.000000] ACPI: FACP 0x000000003FFF00F0 0000F4 (v04 VBOX   VBOXFACP 00000001 ASL  00000061)
[    0.000000] ACPI: DSDT 0x000000003FFF0610 002353 (v02 VBOX   VBOXBIOS 00000002 INTL 20100528)
[    0.000000] ACPI: FACS 0x000000003FFF0200 000040
[    0.000000] ACPI: FACS 0x000000003FFF0200 000040
[    0.000000] ACPI: APIC 0x000000003FFF0240 00005C (v02 VBOX   VBOXAPIC 00000001 ASL  00000061)
[    0.000000] ACPI: SSDT 0x000000003FFF02A0 00036C (v01 VBOX   VBOXCPUT 00000002 INTL 20100528)
[    0.000000] No NUMA configuration found
[    0.000000] Faking a node at [mem 0x0000000000000000-0x000000003ffeffff]
[    0.000000] NODE_DATA(0) allocated [mem 0x3ffeb000-0x3ffeffff]
[    0.000000] kvm-clock: Using msrs 4b564d01 and 4b564d00
[    0.000000] kvm-clock: cpu 0, msr 0:3ffe3001, primary cpu clock
[    0.000000] kvm-clock: using sched offset of 3616362234 cycles
[    0.000000] clocksource: kvm-clock: mask: 0xffffffffffffffff max_cycles: 0x1cd42e4dffb, max_idle_ns: 881590591483 ns
[    0.000000] Zone ranges:
[    0.000000]   DMA      [mem 0x0000000000001000-0x0000000000ffffff]
[    0.000000]   DMA32    [mem 0x0000000001000000-0x000000003ffeffff]
[    0.000000]   Normal   empty
[    0.000000]   Device   empty
[    0.000000] Movable zone start for each node
[    0.000000] Early memory node ranges
[    0.000000]   node   0: [mem 0x0000000000001000-0x000000000009efff]
[    0.000000]   node   0: [mem 0x0000000000100000-0x000000003ffeffff]
[    0.000000] Initmem setup node 0 [mem 0x0000000000001000-0x000000003ffeffff]
[    0.000000] ACPI: PM-Timer IO Port: 0x4008
[    0.000000] IOAPIC[0]: apic_id 2, version 32, address 0xfec00000, GSI 0-23
[    0.000000] ACPI: INT_SRC_OVR (bus 0 bus_irq 0 global_irq 2 dfl dfl)
[    0.000000] ACPI: INT_SRC_OVR (bus 0 bus_irq 9 global_irq 9 low level)
[    0.000000] Using ACPI (MADT) for SMP configuration information
[    0.000000] smpboot: Allowing 2 CPUs, 0 hotplug CPUs
[    0.000000] PM: Registered nosave memory: [mem 0x00000000-0x00000fff]
[    0.000000] PM: Registered nosave memory: [mem 0x0009f000-0x0009ffff]
[    0.000000] PM: Registered nosave memory: [mem 0x000a0000-0x000effff]
[    0.000000] PM: Registered nosave memory: [mem 0x000f0000-0x000fffff]
[    0.000000] e820: [mem 0x40000000-0xfebfffff] available for PCI devices
[    0.000000] Booting paravirtualized kernel on KVM
[    0.000000] clocksource: refined-jiffies: mask: 0xffffffff max_cycles: 0xffffffff, max_idle_ns: 7645519600211568 ns
[    0.000000] setup_percpu: NR_CPUS:512 nr_cpumask_bits:512 nr_cpu_ids:2 nr_node_ids:1
[    0.000000] PERCPU: Embedded 33 pages/cpu @ffff88003fc00000 s95192 r8192 d31784 u1048576
[    0.000000] Built 1 zonelists in Node order, mobility grouping on.  Total pages: 257912
[    0.000000] Policy zone: DMA32
[    0.000000] Kernel command line: BOOT_IMAGE=/boot/vmlinuz-4.4.0-210-generic root=LABEL=cloudimg-rootfs ro console=tty1 console=ttyS0
[    0.000000] PID hash table entries: 4096 (order: 3, 32768 bytes)
[    0.000000] Memory: 997792K/1048120K available (8644K kernel code, 1332K rwdata, 4044K rodata, 1492K init, 1164K bss, 50328K reserved, 0K cma-reserved)
[    0.000000] SLUB: HWalign=64, Order=0-3, MinObjects=0, CPUs=2, Nodes=1
[    0.000000] Kernel/User page tables isolation: enabled
[    0.000000] Hierarchical RCU implementation.
[    0.000000] 	Build-time adjustment of leaf fanout to 64.
[    0.000000] 	RCU restricting CPUs from NR_CPUS=512 to nr_cpu_ids=2.
[    0.000000] RCU: Adjusting geometry for rcu_fanout_leaf=64, nr_cpu_ids=2
[    0.000000] NR_IRQS:33024 nr_irqs:440 16
[    0.000000] Console: colour VGA+ 80x25
[    0.000000] console [tty1] enabled
[    0.000000] console [ttyS0] enabled
[    0.000000] tsc: Detected 2592.008 MHz processor
[    0.593163] Calibrating delay loop (skipped) preset value.. 5184.01 BogoMIPS (lpj=10368032)
[    0.602230] pid_max: default: 32768 minimum: 301
[    0.606851] ACPI: Core revision 20150930
[    0.612245] ACPI: 2 ACPI AML tables successfully acquired and loaded
[    0.619709] Security Framework initialized
[    0.623860] Yama: becoming mindful.
[    0.627758] AppArmor: AppArmor initialized
[    0.632436] Dentry cache hash table entries: 131072 (order: 8, 1048576 bytes)
[    0.646453] Inode-cache hash table entries: 65536 (order: 7, 524288 bytes)
[    0.658081] Mount-cache hash table entries: 2048 (order: 2, 16384 bytes)
[    0.667182] Mountpoint-cache hash table entries: 2048 (order: 2, 16384 bytes)
[    0.679163] Initializing cgroup subsys io
[    0.683650] Initializing cgroup subsys memory
[    0.687876] Initializing cgroup subsys devices
[    0.693254] Initializing cgroup subsys freezer
[    0.699393] Initializing cgroup subsys net_cls
[    0.705156] Initializing cgroup subsys perf_event
[    0.710604] Initializing cgroup subsys net_prio
[    0.717393] Initializing cgroup subsys hugetlb
[    0.722831] Initializing cgroup subsys pids
[    0.743120] mce: CPU supports 0 MCE banks
[    0.748956] Last level iTLB entries: 4KB 64, 2MB 8, 4MB 8
[    0.754162] Last level dTLB entries: 4KB 64, 2MB 0, 4MB 0, 1GB 4
[    0.760954] Spectre V1 : Mitigation: usercopy/swapgs barriers and __user pointer sanitization
[    0.771917] Spectre V2 : Mitigation: Full generic retpoline
[    0.777746] Spectre V2 : Spectre v2 / SpectreRSB mitigation: Filling RSB on context switch
[    0.789098] Speculative Store Bypass: Vulnerable
[    0.796234] SRBDS: Unknown: Dependent on hypervisor status
[    0.804097] MDS: Mitigation: Clear CPU buffers
[    0.855945] Freeing SMP alternatives memory: 36K
[    0.951282] ftrace: allocating 32380 entries in 127 pages
[    1.546959] smpboot: APIC(0) Converting physical 0 to logical package 0
[    1.555950] smpboot: Max logical packages: 1
[    1.576272] ..TIMER: vector=0x30 apic1=0 pin1=2 apic2=-1 pin2=-1
[    1.691265] APIC calibration not consistent with PM-Timer: 97ms instead of 100ms
[    1.699238] APIC delta adjusted to PM-Timer: 6269953 (6112764)
[    1.705888] smpboot: CPU0: Intel(R) Core(TM) i7-9750H CPU @ 2.60GHz (family: 0x6, model: 0x9e, stepping: 0xa)
[    1.716698] Performance Events: unsupported p6 CPU model 158 no PMU driver, software events only.
[    1.817780] KVM setup paravirtual spinlock
[    1.824992] x86: Booting SMP configuration:
[    1.829579] .... node  #0, CPUs:      #1
[    1.834736] kvm-clock: cpu 1, msr 0:3ffe3041, secondary cpu clock
[    1.852959] mce: CPU supports 0 MCE banks
[    1.857648] TSC synchronization [CPU#0 -> CPU#1]:
[    1.862259] Measured 40465 cycles TSC warp between CPUs, turning off TSC clock.
[    1.868497] tsc: Marking TSC unstable due to check_tsc_sync_source failed
[    0.568819] x86: Booted up 1 node, 2 CPUs
[    0.572003] smpboot: Total of 2 processors activated (10368.03 BogoMIPS)
[    0.580750] devtmpfs: initialized
[    0.585777] evm: security.selinux
[    0.588005] evm: security.SMACK64
[    0.592002] evm: security.SMACK64EXEC
[    0.596002] evm: security.SMACK64TRANSMUTE
[    0.600002] evm: security.SMACK64MMAP
[    0.604004] evm: security.ima
[    0.606827] evm: security.capability
[    0.612321] clocksource: jiffies: mask: 0xffffffff max_cycles: 0xffffffff, max_idle_ns: 7645041785100000 ns
[    0.616015] futex hash table entries: 512 (order: 3, 32768 bytes)
[    0.620437] pinctrl core: initialized pinctrl subsystem
[    0.628255] RTC time: 14:37:00, date: 02/20/23
[    0.633364] NET: Registered protocol family 16
[    0.648009] cpuidle: using governor ladder
[    0.664010] cpuidle: using governor menu
[    0.668111] PCCT header not found.
[    0.672135] ACPI: bus type PCI registered
[    0.676004] acpiphp: ACPI Hot Plug PCI Controller Driver version: 0.5
[    0.680511] PCI: Using configuration type 1 for base access
[    0.704225] ACPI: Added _OSI(Module Device)
[    0.708005] ACPI: Added _OSI(Processor Device)
[    0.712003] ACPI: Added _OSI(3.0 _SCP Extensions)
[    0.716003] ACPI: Added _OSI(Processor Aggregator Device)
[    0.721240] ACPI: Executed 1 blocks of module-level executable AML code
[    0.732357] ACPI: Interpreter enabled
[    0.736009] ACPI: (supports S0 S5)
[    0.740002] ACPI: Using IOAPIC for interrupt routing
[    0.744338] PCI: Using host bridge windows from ACPI; if necessary, use "pci=nocrs" and report a bug
[    0.757634] ACPI: PCI Root Bridge [PCI0] (domain 0000 [bus 00-ff])
[    0.760005] acpi PNP0A03:00: _OSC: OS supports [ASPM ClockPM Segments MSI]
[    0.768381] acpi PNP0A03:00: _OSC: not requesting OS control; OS requires [ExtendedConfig ASPM ClockPM MSI]
[    0.772008] acpi PNP0A03:00: fail to add MMCONFIG information, can't access extended PCI configuration space under this bridge.
[    0.776683] PCI host bridge to bus 0000:00
[    0.780005] pci_bus 0000:00: root bus resource [io  0x0000-0x0cf7 window]
[    0.784004] pci_bus 0000:00: root bus resource [io  0x0d00-0xffff window]
[    0.788003] pci_bus 0000:00: root bus resource [mem 0x000a0000-0x000bffff window]
[    0.792003] pci_bus 0000:00: root bus resource [mem 0x40000000-0xfdffffff window]
[    0.796003] pci_bus 0000:00: root bus resource [bus 00-ff]
[    0.806793] pci 0000:00:01.1: legacy IDE quirk: reg 0x10: [io  0x01f0-0x01f7]
[    0.808002] pci 0000:00:01.1: legacy IDE quirk: reg 0x14: [io  0x03f6]
[    0.812003] pci 0000:00:01.1: legacy IDE quirk: reg 0x18: [io  0x0170-0x0177]
[    0.816003] pci 0000:00:01.1: legacy IDE quirk: reg 0x1c: [io  0x0376]
[    0.851135] pci 0000:00:07.0: quirk: [io  0x4000-0x403f] claimed by PIIX4 ACPI
[    0.852041] pci 0000:00:07.0: quirk: [io  0x4100-0x410f] claimed by PIIX4 SMB
[    0.866742] ACPI: PCI Interrupt Link [LNKA] (IRQs 5 9 10 *11)
[    0.874925] ACPI: PCI Interrupt Link [LNKB] (IRQs 5 9 *10 11)
[    0.881737] ACPI: PCI Interrupt Link [LNKC] (IRQs 5 *9 10 11)
[    0.890038] ACPI: PCI Interrupt Link [LNKD] (IRQs 5 9 10 *11)
[    0.895380] ACPI: Enabled 2 GPEs in block 00 to 07
[    0.896224] vgaarb: setting as boot device: PCI:0000:00:02.0
[    0.900000] vgaarb: device added: PCI:0000:00:02.0,decodes=io+mem,owns=io+mem,locks=none
[    0.900004] vgaarb: loaded
[    0.902895] vgaarb: bridge control possible 0000:00:02.0
[    0.904388] SCSI subsystem initialized
[    0.908204] ACPI: bus type USB registered
[    0.912040] usbcore: registered new interface driver usbfs
[    0.916031] usbcore: registered new interface driver hub
[    0.920009] usbcore: registered new device driver usb
[    0.928561] PCI: Using ACPI for IRQ routing
[    0.932808] NetLabel: Initializing
[    0.936002] NetLabel:  domain hash size = 128
[    0.940001] NetLabel:  protocols = UNLABELED CIPSOv4
[    0.944012] NetLabel:  unlabeled traffic allowed by default
[    0.948127] amd_nb: Cannot enumerate AMD northbridges
[    0.952328] clocksource: Switched to clocksource kvm-clock
[    0.978615] AppArmor: AppArmor Filesystem Enabled
[    0.994737] pnp: PnP ACPI init
[    0.998530] pnp: PnP ACPI: found 3 devices
[    1.048509] clocksource: acpi_pm: mask: 0xffffff max_cycles: 0xffffff, max_idle_ns: 2085701024 ns
[    1.052457] NET: Registered protocol family 2
[    1.062842] TCP established hash table entries: 8192 (order: 4, 65536 bytes)
[    1.065975] TCP bind hash table entries: 8192 (order: 5, 131072 bytes)
[    1.065975] TCP: Hash tables configured (established 8192 bind 8192)
[    1.065975] UDP hash table entries: 512 (order: 2, 16384 bytes)
[    1.065975] UDP-Lite hash table entries: 512 (order: 2, 16384 bytes)
[    1.065975] NET: Registered protocol family 1
[    1.065975] pci 0000:00:00.0: Limiting direct PCI/PCI transfers
[    1.065975] pci 0000:00:01.0: Activating ISA DMA hang workarounds
[    1.065975] Unpacking initramfs...
[    1.065975] Freeing initrd memory: 14888K
[    1.065975] clocksource: tsc: mask: 0xffffffffffffffff max_cycles: 0x255cbea3061, max_idle_ns: 440795313801 ns
[    1.065975] platform rtc_cmos: registered platform RTC device (no PNP device found)
[    1.065975] Scanning for low memory corruption every 60 seconds
[    1.494518] audit: initializing netlink subsys (disabled)
[    1.501656] audit: type=2000 audit(1676903825.707:1): initialized
[    1.510709] Initialise system trusted keyring
[    1.517053] HugeTLB registered 2 MB page size, pre-allocated 0 pages
[    1.525308] zbud: loaded
[    1.529604] VFS: Disk quotas dquot_6.6.0
[    1.533296] VFS: Dquot-cache hash table entries: 512 (order 0, 4096 bytes)
[    1.537199] squashfs: version 4.0 (2009/01/31) Phillip Lougher
[    1.546933] fuse init (API version 7.23)
[    1.552601] Key type big_key registered
[    1.557125] Allocating IMA MOK and blacklist keyrings.
[    1.574940] Key type asymmetric registered
[    1.579101] Asymmetric key parser 'x509' registered
[    1.583816] Block layer SCSI generic (bsg) driver version 0.4 loaded (major 249)
[    1.592441] io scheduler noop registered
[    1.597099] io scheduler deadline registered (default)
[    1.602483] io scheduler cfq registered
[    1.606823] pci_hotplug: PCI Hot Plug PCI Core version: 0.5
[    1.613655] pciehp: PCI Express Hot Plug Controller Driver version: 0.4
[    1.620488] ACPI: AC Adapter [AC] (on-line)
[    1.625021] input: Power Button as /devices/LNXSYSTM:00/LNXPWRBN:00/input/input0
[    1.632615] ACPI: Power Button [PWRF]
[    1.637099] input: Sleep Button as /devices/LNXSYSTM:00/LNXSLPBN:00/input/input1
[    1.644295] ACPI: Sleep Button [SLPF]
[    1.649110] GHES: HEST is not enabled!
[    1.650389] ACPI: Battery Slot [BAT0] (battery present)
[    1.659094] Serial: 8250/16550 driver, 32 ports, IRQ sharing enabled
[    1.691514] 00:02: ttyS0 at I/O 0x3f8 (irq = 4, base_baud = 115200) is a 16550A
[    1.716124] Linux agpgart interface v0.103
[    1.732822] loop: module loaded
[    1.738823] scsi host0: ata_piix
[    1.743106] scsi host1: ata_piix
[    1.746396] ata1: PATA max UDMA/33 cmd 0x1f0 ctl 0x3f6 bmdma 0xd000 irq 14
[    1.750335] ata2: PATA max UDMA/33 cmd 0x170 ctl 0x376 bmdma 0xd008 irq 15
[    1.759922] libphy: Fixed MDIO Bus: probed
[    1.764975] tun: Universal TUN/TAP device driver, 1.6
[    1.770534] tun: (C) 1999-2004 Max Krasnyansky <maxk@qualcomm.com>
[    1.776611] PPP generic driver version 2.4.2
[    1.781982] ehci_hcd: USB 2.0 'Enhanced' Host Controller (EHCI) Driver
[    1.788453] ehci-pci: EHCI PCI platform driver
[    1.792894] ehci-platform: EHCI generic platform driver
[    1.797995] ohci_hcd: USB 1.1 'Open' Host Controller (OHCI) Driver
[    1.805073] ohci-pci: OHCI PCI platform driver
[    1.809446] ohci-platform: OHCI generic platform driver
[    1.815137] uhci_hcd: USB Universal Host Controller Interface driver
[    1.821145] i8042: PNP: PS/2 Controller [PNP0303:PS2K,PNP0f03:PS2M] at 0x60,0x64 irq 1,12
[    1.832216] serio: i8042 KBD port at 0x60,0x64 irq 1
[    1.837345] serio: i8042 AUX port at 0x60,0x64 irq 12
[    1.842356] mousedev: PS/2 mouse device common for all mice
[    1.851699] rtc_cmos rtc_cmos: rtc core: registered rtc_cmos as rtc0
[    1.859443] input: AT Translated Set 2 keyboard as /devices/platform/i8042/serio0/input/input2
[    1.868675] rtc_cmos rtc_cmos: alarms up to one day, 114 bytes nvram
[    1.875344] i2c /dev entries driver
[    1.882909] device-mapper: uevent: version 1.0.3
[    1.890561] device-mapper: ioctl: 4.34.0-ioctl (2015-10-28) initialised: dm-devel@redhat.com
[    1.902011] ledtrig-cpu: registered to indicate activity on CPUs
[    1.909723] NET: Registered protocol family 10
[    1.943180] NET: Registered protocol family 17
[    1.948592] Key type dns_resolver registered
[    1.973140] registered taskstats version 1
[    1.977032] Loading compiled-in X.509 certificates
[    1.981755] Loaded X.509 cert 'Build time autogenerated kernel key: cf00e047681d67edb2720680708b7d9498083038'
[    1.985300] zswap: loaded using pool lzo/zbud
[    1.999428] Key type trusted registered
[    2.010849] Key type encrypted registered
[    2.015631] AppArmor: AppArmor sha1 policy hashing enabled
[    2.020934] ima: No TPM chip found, activating TPM-bypass!
[    2.025954] ima: Allocated hash algorithm: sha1
[    2.030511] evm: HMAC attrs: 0x1
[    2.034788]   Magic number: 11:543:637
[    2.039282] rtc_cmos rtc_cmos: setting system clock to 2023-02-20 14:37:02 UTC (1676903822)
[    2.047418] BIOS EDD facility v0.16 2004-Jun-25, 0 devices found
[    2.052909] EDD information not available.
[    2.060375] Freeing unused kernel memory: 1492K
[    2.064306] Write protecting the kernel read-only data: 14336k
[    2.071295] Freeing unused kernel memory: 1584K
[    2.076310] Freeing unused kernel memory: 52K
Loading, please wait...
starting version 229
[    2.105969] random: systemd-udevd: uninitialized urandom read (16 bytes read, 9 bits of entropy available)
[    2.106701] random: udevadm: uninitialized urandom read (16 bytes read, 9 bits of entropy available)
[    2.106721] random: udevadm: uninitialized urandom read (16 bytes read, 9 bits of entropy available)
[    2.117116] random: udevadm: uninitialized urandom read (16 bytes read, 9 bits of entropy available)
[    2.117156] random: udevadm: uninitialized urandom read (16 bytes read, 9 bits of entropy available)
[    2.117318] random: udevadm: uninitialized urandom read (16 bytes read, 9 bits of entropy available)
[    2.117366] random: udevadm: uninitialized urandom read (16 bytes read, 9 bits of entropy available)
[    2.117498] random: udevadm: uninitialized urandom read (16 bytes read, 9 bits of entropy available)
[    2.117577] random: udevadm: uninitialized urandom read (16 bytes read, 9 bits of entropy available)
[    2.117623] random: udevadm: uninitialized urandom read (16 bytes read, 9 bits of entropy available)
[    2.238154] e1000: Intel(R) PRO/1000 Network Driver - version 7.3.21-k8-NAPI
[    2.240817] e1000: Copyright (c) 1999-2006 Intel Corporation.
[    2.274055] Fusion MPT base driver 3.04.20
[    2.279400] Copyright (c) 1999-2008 LSI Corporation
[    2.325964] Fusion MPT SPI Host driver 3.04.20
[    2.337080] SSE version of gcm_enc/dec engaged.
[    2.637613] input: ImExPS/2 Generic Explorer Mouse as /devices/platform/i8042/serio1/input/input4
[    2.978165] e1000 0000:00:03.0 eth0: (PCI:33MHz:32-bit) 02:be:82:6b:cc:1d
[    2.985065] e1000 0000:00:03.0 eth0: Intel(R) PRO/1000 Network Connection
[    2.994056] mptbase: ioc0: Initiating bringup
[    2.994089] e1000 0000:00:03.0 enp0s3: renamed from eth0
[    3.086119] ioc0: LSI53C1030 A0: Capabilities={Initiator}
[    3.266000] scsi host2: ioc0: LSI53C1030 A0, FwRev=00000000h, Ports=1, MaxQ=256, IRQ=20
[    3.387094] scsi 2:0:0:0: Direct-Access     VBOX     HARDDISK         1.0  PQ: 0 ANSI: 5
[    3.395401] scsi target2:0:0: Beginning Domain Validation
[    3.409733] scsi target2:0:0: Domain Validation skipping write tests
[    3.416045] scsi target2:0:0: Ending Domain Validation
[    3.421600] scsi target2:0:0: asynchronous
[    3.429447] scsi 2:0:1:0: Direct-Access     VBOX     HARDDISK         1.0  PQ: 0 ANSI: 5
[    3.433341] scsi target2:0:1: Beginning Domain Validation
[    3.453631] scsi target2:0:1: Domain Validation skipping write tests
[    3.459738] scsi target2:0:1: Ending Domain Validation
[    3.465264] scsi target2:0:1: asynchronous
[    3.499384] sd 2:0:0:0: Attached scsi generic sg0 type 0
[    3.509667] sd 2:0:0:0: [sda] 83886080 512-byte logical blocks: (42.9 GB/40.0 GiB)
[    3.518402] sd 2:0:1:0: Attached scsi generic sg1 type 0
[    3.518505] sd 2:0:1:0: [sdb] 20480 512-byte logical blocks: (10.5 MB/10.0 MiB)
[    3.519325] sd 2:0:1:0: [sdb] Write Protect is off
[    3.519974] sd 2:0:1:0: [sdb] Incomplete mode parameter data
[    3.519975] sd 2:0:1:0: [sdb] Assuming drive cache: write through
[    3.528595] sd 2:0:0:0: [sda] Write Protect is off
[    3.529103] sd 2:0:0:0: [sda] Incomplete mode parameter data
[    3.529104] sd 2:0:0:0: [sda] Assuming drive cache: write through
[    3.529595] sd 2:0:1:0: [sdb] Attached SCSI disk
[    3.532246]  sda: sda1
[    3.534520] sd 2:0:0:0: [sda] Attached SCSI disk
Begin: Loading essential drivers ... [    5.226424] md: linear personality registered for level -1
[    5.235724] md: multipath personality registered for level -4
[    5.245613] md: raid0 personality registered for level 0
[    5.267553] md: raid1 personality registered for level 1
[    5.992184] raid6: sse2x1   gen() 140370 MB/s
[    8.006393] raid6: sse2x1   xor() 152483 MB/s
[    9.007631] raid6: sse2x2   gen() 251628 MB/s
[   11.009298] raid6: sse2x2   xor() 185217 MB/s
[   12.014322] raid6: sse2x4   gen() 282370 MB/s
[   12.088650] raid6: sse2x4   xor() 11495 MB/s
[   12.093424] raid6: using algorithm sse2x4 gen() 282370 MB/s
[   12.099545] raid6: .... xor() 11495 MB/s, rmw enabled
[   12.106627] raid6: using ssse3x2 recovery algorithm
[   12.116987] xor: measuring software checksum speed
[   12.161264]    prefetch64-sse: 21913.000 MB/sec
[   12.204851]    generic_sse: 21027.000 MB/sec
[   12.209162] xor: using function: prefetch64-sse (21913.000 MB/sec)
[   12.218557] async_tx: api initialized (async)
[   12.266247] md: raid6 personality registered for level 6
[   12.272205] md: raid5 personality registered for level 5
[   12.277607] md: raid4 personality registered for level 4
[   12.304543] md: raid10 personality registered for level 10
done.
Begin: Running /scripts/init-premount ... done.
Begin: Mounting root file system ... Begin: Running /scripts/local-top ... done.
Begin: Running /scripts/local-premount ... [   12.396655] Btrfs loaded
Scanning for Btrfs filesystems
done.
Warning: fsck not present, so skipping root file system
[   12.456832] EXT4-fs (sda1): mounted filesystem with ordered data mode. Opts: (null)
done.
Begin: Running /scripts/local-bottom ... done.
Begin: Running /scripts/init-bottom ... done.
[   12.646780] systemd[1]: systemd 229 running in system mode. (+PAM +AUDIT +SELINUX +IMA +APPARMOR +SMACK +SYSVINIT +UTMP +LIBCRYPTSETUP +GCRYPT +GNUTLS +ACL +XZ -LZ4 +SECCOMP +BLKID +ELFUTILS +KMOD -IDN)
[   12.664540] systemd[1]: Detected virtualization oracle.
[   12.670206] systemd[1]: Detected architecture x86-64.

Welcome to [1mUbuntu 16.04.7 LTS[0m!

[   12.685294] systemd[1]: Set hostname to <ubuntu>.
[   12.695904] systemd[1]: Initializing machine ID from random generator.
[   12.703379] systemd[1]: Installed transient /etc/machine-id file.
[   12.921594] systemd[1]: Listening on /dev/initctl Compatibility Named Pipe.
[[0;32m  OK  [0m] Listening on /dev/initctl Compatibility Named Pipe.
[   12.934885] systemd[1]: Listening on Journal Socket (/dev/log).
[[0;32m  OK  [0m] Listening on Journal Socket (/dev/log).
[   12.946183] systemd[1]: Listening on Journal Audit Socket.
[[0;32m  OK  [0m] Listening on Journal Audit Socket.
[   12.957878] systemd[1]: Listening on LVM2 poll daemon socket.
[[0;32m  OK  [0m] Listening on LVM2 poll daemon socket.
[   12.969561] systemd[1]: Listening on udev Kernel Socket.
[[0;32m  OK  [0m] Listening on udev Kernel Socket.
[   12.979983] systemd[1]: Reached target Swap.
[[0;32m  OK  [0m] Reached target Swap.
[   12.989976] systemd[1]: Reached target Encrypted Volumes.
[[0;32m  OK  [0m] Reached target Encrypted Volumes.
[   13.001599] systemd[1]: Listening on fsck to fsckd communication Socket.
[[0;32m  OK  [0m] Listening on fsck to fsckd communication Socket.
[   13.015481] systemd[1]: Listening on udev Control Socket.
[[0;32m  OK  [0m] Listening on udev Control Socket.
[   13.026686] systemd[1]: Listening on Journal Socket.
[[0;32m  OK  [0m] Listening on Journal Socket.
[   13.037317] systemd[1]: Listening on Device-mapper event daemon FIFOs.
[[0;32m  OK  [0m] Listening on Device-mapper event daemon FIFOs.
[   13.049490] systemd[1]: Started Forward Password Requests to Wall Directory Watch.
[[0;32m  OK  [0m] Started Forward Password Requests to Wall Directory Watch.
[   13.063490] systemd[1]: Reached target User and Group Name Lookups.
[[0;32m  OK  [0m] Reached target User and Group Name Lookups.
[   13.075951] systemd[1]: Created slice User and Session Slice.
[[0;32m  OK  [0m] Created slice User and Session Slice.
[   13.087428] systemd[1]: Reached target System Time Synchronized.
[[0;32m  OK  [0m] Reached target System Time Synchronized.
[   13.099125] systemd[1]: Listening on LVM2 metadata daemon socket.
[[0;32m  OK  [0m] Listening on LVM2 metadata daemon socket.
[   13.112432] systemd[1]: Started Trigger resolvconf update for networkd DNS.
[[0;32m  OK  [0m] Started Trigger resolvconf update for networkd DNS.
[   13.126810] systemd[1]: Created slice System Slice.
[[0;32m  OK  [0m] Created slice System Slice.
[   13.137594] systemd[1]: Reached target Slices.
[[0;32m  OK  [0m] Reached target Slices.
[   13.157710] systemd[1]: Starting Nameserver information manager...
         Starting Nameserver information manager...
[   13.169613] systemd[1]: Mounting POSIX Message Queue File System...
[   13.176690] random: nonblocking pool is initialized
         Mounting POSIX Message Queue File System...
[   13.186130] systemd[1]: Starting Monitoring of LVM2 mirrors, snapshots etc. using dmeventd or progress polling...
         Starting Monitoring of LVM2 mirrors... dmeventd or progress polling...
[   13.210692] systemd[1]: Starting Load Kernel Modules...
         Starting Load Kernel Modules...
[   13.240723] systemd[1]: Starting Uncomplicated firewall...
[   13.240897] Loading iSCSI transport class v2.0-870.
         Starting Uncomplicated firewall...
[   13.258764] systemd[1]: Starting File System Check on Root Device...
         Starting File System Check on Root Device...
[   13.273084] systemd[1]: Mounting Debug File System...
[   13.277210] iscsi: registered transport (tcp)
         Mounting Debug File System...
[   13.294792] systemd[1]: Starting Create list of required static device nodes for the current kernel...
         Starting Create list of required st... nodes for the current kernel...
[   13.310887] systemd[1]: Created slice system-serial\x2dgetty.slice.
[[0;32m  OK  [0m] Created slice system-serial\x2dgetty.slice.
[   13.329095] systemd[1]: Starting Set console keymap...
         Starting Set console keymap...
[   13.342488] systemd[1]: Listening on Syslog Socket.
[[0;32m  OK  [0m] Listening on Syslog Socket.
[   13.355195] systemd[1]: Starting Journal Service...
         Starting Journal Service...
[   13.370137] systemd[1]: Set up automount Arbitrary Executable File Formats File System Automount Point.
[[0;32m  OK  [0m] Set up automount Arbitrary Executab...ats File System Automount Point.
[   13.412805] systemd[1]: Mounting Huge Pages File System...
         Mounting Huge Pages File System...
[   13.427693] systemd[1]: Mounted Huge Pages File System.
[[0;32m  OK  [0m] Mounted Huge Pages File System.
[   13.439533] iscsi: registered transport (iser)
[   13.442982] systemd[1]: Mounted POSIX Message Queue File System.
[[0;32m  OK  [0m] Mounted POSIX Message Queue File System.
[   13.456424] systemd[1]: Mounted Debug File System.
[[0;32m  OK  [0m] Mounted Debug File System.
[   13.466592] systemd[1]: Started Journal Service.
[[0;32m  OK  [0m] Started Journal Service.
[[0;32m  OK  [0m] Started Load Kernel Modules.
[[0;32m  OK  [0m] Started Uncomplicated firewall.
[[0;32m  OK  [0m] Started File System Check on Root Device.
[[0;32m  OK  [0m] Started Create list of required sta...ce nodes for the current kernel.
[[0;32m  OK  [0m] Started Set console keymap.
[[0;32m  OK  [0m] Started Nameserver information manager.
[[0;32m  OK  [0m] Started File System Check Daemon to report status.
[[0;32m  OK  [0m] Started LVM2 metadata daemon.
         Starting Create Static Device Nodes in /dev...
         Starting Remount Root and Kernel File Systems...
[   13.579227] EXT4-fs (sda1): re-mounted. Opts: (null)
         Mounting FUSE Control File System...
         Starting Apply Kernel Variables...
[[0;32m  OK  [0m] Mounted FUSE Control File System.
[[0;32m  OK  [0m] Started Create Static Device Nodes in /dev.
[[0;32m  OK  [0m] Started Remount Root and Kernel File Systems.
[[0;32m  OK  [0m] Started Apply Kernel Variables.
         Starting Load/Save Random Seed...
         Starting udev Coldplug all Devices...
         Starting Flush Journal to Persistent Storage...
         Starting udev Kernel Device Manager...
[[0;32m  OK  [0m] Started Load/Save Random Seed.
[[0;32m  OK  [0m] Started Flush Journal to Persistent Storage.
[[0;32m  OK  [0m] Started udev Coldplug all Devices.
[[0;32m  OK  [0m] Started udev Kernel Device Manager.
[[0;32m  OK  [0m] Started Dispatch Password Requests to Console Directory Watch.
[[0;32m  OK  [0m] Started Monitoring of LVM2 mirrors,...ng dmeventd or progress polling.
[[0;32m  OK  [0m] Reached target Local File Systems (Pre).
[[0;32m  OK  [0m] Reached target Local File Systems.
         Starting Initial cloud-init job (pre-networking)...
         Starting LSB: AppArmor initialization...
         Starting Create Volatile Files and Directories...
         Starting Tell Plymouth To Write Out Runtime Data...
         Starting Commit a transient machine-id on disk...
         Starting Set console font and keymap...
[[0;32m  OK  [0m] Started Create Volatile Files and Directories.
         Starting Update UTMP about System Boot/Shutdown...
[[0;32m  OK  [0m] Started Tell Plymouth To Write Out Runtime Data.
[[0;32m  OK  [0m] Started Commit a transient machine-id on disk.
[[0;32m  OK  [0m] Started Update UTMP about System Boot/Shutdown.
[[0;32m  OK  [0m] Found device /dev/ttyS0.
[[0;32m  OK  [0m] Listening on Load/Save RF Kill Switch Status /dev/rfkill Watch.
[[0;32m  OK  [0m] Started LSB: AppArmor initialization.
         Starting Load AppArmor profiles managed internally by snapd...
[   15.471935] cloud-init[483]: Cloud-init v. 21.1-19-gbad84ad4-0ubuntu1~16.04.2 running 'init-local' at Mon, 20 Feb 2023 14:37:15 +0000. Up 15.11 seconds.
[[0;32m  OK  [0m] Started Load AppArmor profiles managed internally by snapd.
[[0;32m  OK  [0m] Started Initial cloud-init job (pre-networking).
[[0;32m  OK  [0m] Reached target Network (Pre).
         Starting Raise network interfaces...
[[0;32m  OK  [0m] Started Set console font and keymap.
[[0;32m  OK  [0m] Created slice system-getty.slice.
[[0;32m  OK  [0m] Started Raise network interfaces.
         Starting Initial cloud-init job (metadata service crawler)...
[[0;32m  OK  [0m] Reached target Network.
[   17.409032] cloud-init[946]: Cloud-init v. 21.1-19-gbad84ad4-0ubuntu1~16.04.2 running 'init' at Mon, 20 Feb 2023 14:37:17 +0000. Up 16.91 seconds.
[   17.414894] cloud-init[946]: ci-info: ++++++++++++++++++++++++++++++++++++++Net device info++++++++++++++++++++++++++++++++++++++
[   17.420259] cloud-init[946]: ci-info: +--------+------+----------------------------+---------------+--------+-------------------+
[   17.425670] cloud-init[946]: ci-info: | Device |  Up  |          Address           |      Mask     | Scope  |     Hw-Address    |
[   17.431092] cloud-init[946]: ci-info: +--------+------+----------------------------+---------------+--------+-------------------+
[   17.437036] cloud-init[946]: ci-info: | enp0s3 | True |         10.0.2.15          | 255.255.255.0 | global | 02:be:82:6b:cc:1d |
[   17.442490] cloud-init[946]: ci-info: | enp0s3 | True | fe80::be:82ff:fe6b:cc1d/64 |       .       |  link  | 02:be:82:6b:cc:1d |
[   17.448907] cloud-init[946]: ci-info: |   lo   | True |         127.0.0.1          |   255.0.0.0   |  host  |         .         |
[   17.454559] cloud-init[946]: ci-info: |   lo   | True |          ::1/128           |       .       |  host  |         .         |
[   17.460345] cloud-init[946]: ci-info: +--------+------+----------------------------+---------------+--------+-------------------+
[   17.465752] cloud-init[946]: ci-info: +++++++++++++++++++++++++++Route IPv4 info++++++++++++++++++++++++++++
[   17.481093] [[0;32m  OK  [0m] Started Initial cloud-init job (metadata service crawler).
[[0;32m  OK  [0m] Reached target System Initialization.
[[0;32m  OK  [0m] Started Daily Cleanup of Temporary Directories.
[[0;32m  OK  [0m] Listening on ACPID Listen Socket.
         Starting Socket activation for snappy daemon.
[[0;32m  OK  [0m] Started Daily apt download activities.
[[0;32m  OK  [0m] Started Ubuntu Advantage update messaging.
[[0;32m  OK  [0m] Listening on UUID daemon activation socket.
[[0;32m  OK  [0m] Listening on D-Bus System Message Bus Socket.
         Starting LXD - unix socket.
[[0;32m  OK  [0m] Started Message of the Day.
[[0;32m  OK  [0m] Started Daily apt upgrade and clean activities.
[[0;32m  OK  [0m] Reached target Timers.
cloud-init[946]: ci-info: +-------+-------------+----------+---------------+-----------+-------+
[   17.509382] cloud-init[946]: ci-info: | Route | Destination | Gateway  |    Genmask    | Interface | Flags |
[   17.515076] cloud-init[946]: ci-info: +-------+-------------+----------+---------------+-----------+-------+
[   17.520904] cloud-init[946]: ci-info: |   0   |   0.0.0.0   | 10.0.2.2 |    0.0.0.0    |   enp0s3  |   UG  |
[   17.526321] cloud-init[946]: ci-info: |   1   |   10.0.2.0  | 0.0.0.0  | 255.255.255.0 |   enp0s3  |   U   |
[   17.531761] cloud-init[946]: ci-info: +-------+-------------+----------+---------------+-----------+-------+
[   17.537353] cloud-init[946]: ci-info: +++++++++++++++++++Route IPv6 info+++++++++++++++++++
[   17.542710] cloud-init[946]: ci-info: +-------+-------------+---------+-----------+-------+
[[0;32m  OK  [0m] Started ACPI Events Check.
[   17.549665] [[0;32m  OK  [0m] Reached target Paths.
[[0;32m  OK  [0m] Reached target Network is Online.
cloud-init[946]: ci-info: | Route | Destination | Gateway | Interface | Flags |
[   17.560982] cloud-init[946]: ci-info: +-------+-------------+---------+-----------+-------+
[   17.567562] cloud-init[946]: ci-info: |   0   |  fe80::/64  |    ::   |   enp0s3  |   U   |         Starting iSCSI initiator daemon (iscsid)...
[[0;32m  OK  [0m] Reached target Cloud-config availability.
[[0;32m  OK  [0m] Listening on Socket activation for snappy daemon.
[[0;32m  OK  [0m] Listening on LXD - unix socket.
[[0;32m  OK  [0m] Reached target Sockets.
[[0;32m  OK  [0m] Reached target Basic System.
         Starting System Logging Service...
         Starting LSB: MD monitoring daemon...
[[0;32m  OK  [0m] Started Deferred execution scheduler.
[[0;32m  OK  [0m] Started FUSE filesystem for LXC.
[[0;32m  OK  [0m] Started Regular background program processing daemon.
[[0;32m  OK  [0m] Started D-Bus System Message Bus.

[   17.602290] cloud-init[946]: ci-info: |   3   |   ff00::/8  |    ::   |   enp0s3  |   U   |
[   17.615121] cloud-init[946]: ci-info: +-------+-------------+---------+-----------+-------+
[   17.625827] cloud-init[946]: Generating public/private rsa key pair.
[   17.634991] cloud-init[946]: Your identification has been saved in /etc/ssh/ssh_host_rsa_key.
[   17.644889] cloud-init[946]: Your public key has been saved in /etc/ssh/ssh_host_rsa_key.pub.
[   17.651769] cloud-init[946]: The key fingerprint is:
[   17.658270] cloud-init[946]: SHA256:z7IepqAG3NHXQ3DAG9ZNjLABLCs6g+I9jMeeddAdQM4 root@ubuntu-xenial         Starting Accounts Service...
         Starting LSB: Record successful boot for GRUB...
         Starting Virtualbox guest utils...
         Starting /etc/rc.local Compatibility...
         Starting Pollinate to seed the pseudo random number generator...
         Starting LXD - container startup/shutdown...

[[0;32m  OK  [0m] Started ACPI event daemon.
         Starting Login Service...
         Starting Snap Daemon...
[[0;32m  OK  [0m] Started System Logging Service.
[[0;32m  OK  [0m] Started /etc/rc.local Compatibility.
[[0;32m  OK  [0m] Started iSCSI initiator daemon (iscsid).
[   17.747320] cloud-init[946]: The key's randomart image is:         Starting Login to default iSCSI targets...
[[0;32m  OK  [0m] Started LSB: MD monitoring daemon.

[[0;32m  OK  [0m] Started Login Service.
[   17.833061] [[0;32m  OK  [0m] Started Unattended Upgrades Shutdown.
cloud-init[946]: +---[RSA 2048]----+
         Starting Authenticate and Authorize Users to Run Privileged Tasks...
[   17.860721] [[0;32m  OK  [0m] Started LSB: Record successful boot for GRUB.
cloud-init[946]: |    ..+B=.=.     |
[   17.929847] cloud-init[946]: [[0;32m  OK  [0m] Started Login to default iSCSI targets.
[[0;32m  OK  [0m] Reached target Remote File Systems (Pre).
[[0;32m  OK  [0m] Reached target Remote File Systems.
         Starting LSB: automatic crash report generation...
         Starting LSB: daemon to balance interrupts for SMP systems...
         Starting LSB: Set the CPU Frequency Scaling governor to "ondemand"...
         Starting Permit User Sessions...
[[0;32m  OK  [0m] Started Permit User Sessions.
         Starting Terminate Plymouth Boot Screen...
         Starting Hold until boot process finishes up...
[[0;32m  OK  [0m] Started Hold until boot process finishes up.
         Starting Set console scheme...
[[0;32m  OK  [0m] Started Serial Getty on ttyS0.
[[0;32m  OK  [0m] Started Getty on tty1.
[[0;32m  OK  [0m] Reached target Login Prompts.
[[0;32m  OK  [0m] Started Terminate Plymouth Boot Screen.
|   . .o+=+ o     |
[   18.026915] [[0;32m  OK  [0m] Started Set console scheme.
cloud-init[[0;32m  OK  [0m] Started LSB: Set the CPU Frequency Scaling governor to "ondemand".
[[0;32m  OK  [0m] Started Authenticate and Authorize Users to Run Privileged Tasks.
[[0;32m  OK  [0m] Started Accounts Service.
[[0;32m  OK  [0m] Started LSB: daemon to balance interrupts for SMP systems.
[946]: |    + .E=.       |
[   18.119407] cloud-init[946]: | . o ..o.o.      |[[0;32m  OK  [0m] Started LXD - container startup/shutdown.

[   18.133292] cloud-init[946]: |+ o ....S..      |
[   18.164509] cloud-init[946]: |B. .  .  o       |
[[0;32m  OK  [0m] Started LSB: automatic crash report generation.
[   18.177366] cloud-init[946]: |o+= .. .+ o      |
[[0;32m  OK  [0m] Started Virtualbox guest utils.
[   18.197998] cloud-init[946]: | o.Bo..o +       |
[   18.214936] cloud-init[946]: | .+o. ..o        |
[   18.226717] cloud-init[946]: +----[SHA256]-----+
[   18.238703] cloud-init[946]: Generating public/private dsa key pair.
[   18.249385] cloud-init[946]: Your identification has been saved in /etc/ssh/ssh_host_dsa_key.
[   18.266623] cloud-init[946]: Your public key has been saved in /etc/ssh/ssh_host_dsa_key.pub.
[   18.280929] cloud-init[946]: The key fingerprint is:
[   18.288674] cloud-init[946]: SHA256:ZAsPwF4g3yGOdSOwRt8CzpF9d4Q6fzZ8/p87wffxGas root@ubuntu-xenial
[   18.294252] cloud-init[946]: The key's randomart image is:
[   18.301288] cloud-init[946]: +---[DSA 1024]----+
[   18.307551] cloud-init[946]: |  *=*.+  o.      |
[   18.314969] cloud-init[946]: | +.@oBooo .      |
[   18.320522] cloud-init[946]: |  *.=o=oo.       |
[   18.329151] cloud-init[946]: | .  ..o* .       |
[   18.337047] cloud-init[946]: |       oS.    .  |
[   18.342692] cloud-init[946]: |        . = .  =.|
[   18.353383] cloud-init[946]: |         o +    X|
[   18.372013] cloud-init[946]: |            .  ++|
[   18.384837] cloud-init[946]: |             Eo++|
[   18.395825] cloud-init[946]: +----[SHA256]-----+
[   18.407945] cloud-init[946]: Generating public/private ecdsa key pair.
[   18.424684] cloud-init[946]: Your identification has been saved in /etc/ssh/ssh_host_ecdsa_key.
[   18.439059] cloud-init[946]: Your public key has been saved in /etc/ssh/ssh_host_ecdsa_key.pub.
[   18.447975] cloud-init[946]: The key fingerprint is:
[   18.453747] cloud-init[946]: SHA256:3sauIolSTk/+i24Fvoi2JQrrBX0c4XBCgBZRDUyxrUs root@ubuntu-xenial
[   18.460241] cloud-init[946]: The key's randomart image is:
[   18.463749] cloud-init[946]: +---[ECDSA 256]---+
[   18.466888] cloud-init[946]: |.+OO+o           |
[   18.471179] cloud-init[946]: |.. .B..          |
[   18.474878] cloud-init[946]: |.  . +           |
[   18.478567] cloud-init[946]: |  . + .          |
[   18.489745] cloud-init[946]: | . E +  S        |
[   18.495415] cloud-init[946]: |  = = .. o       |
[   18.505912] cloud-init[946]: |.* X +  . +      |
[   18.521975] cloud-init[946]: |=oB B..  o       |
[   18.531197] cloud-init[946]: |=+.ooooo...      |
[   18.538874] cloud-init[946]: +----[SHA256]-----+
[   18.550452] cloud-init[946]: Generating public/private ed25519 key pair.
[   18.568988] cloud-init[946]: Your identification has been saved in /etc/ssh/ssh_host_ed25519_key.
[   18.578614] cloud-init[946]: Your public key has been saved in /etc/ssh/ssh_host_ed25519_key.pub.
[   18.588329] cloud-init[946]: The key fingerprint is:[[0;32m  OK  [0m] Started Pollinate to seed the pseudo random number generator.

         Starting OpenBSD Secure Shell server...
[   18.603228] cloud-init[946]: SHA256:wIH4TtwbD7fBXu4maKE1v3h7cDgWf5SXHyrtKp13Cl8 root@ubuntu-xenial
[   18.623322] cloud-init[946]: The key's randomart image is:
[   18.631379] [[0;32m  OK  [0m] Started Snap Daemon.
         Starting Wait until snapd is fully seeded...
cloud-init[946]: +--[ED25519 256]--+[[0;32m  OK  [0m] Started OpenBSD Secure Shell server.

[   18.663259] cloud-init[946]: |   . ..          |
[   18.671275] cloud-init[946]: |  . .. .         |
[   18.682765] cloud-init[946]: |   o .o.     . . |
[   18.690748] cloud-init[946]: |    + +.= . o o. |
[   18.699141] cloud-init[946]: |   o   BSO ......|
[   18.706456] cloud-init[946]: |    . = O +..o  .|
[   18.718958] cloud-init[946]: |     o * =.o+  E |
[   18.735946] cloud-init[946]: |    . o.+.+ooo.. |
[   18.752323] cloud-init[946]: |     ...o*..ooo  |
[   18.760231] cloud-init[946]: +----[SHA256]-----+
[[0;32m  OK  [0m] Created slice User Slice of vagrant.
         Starting User Manager for UID 1000...
[[0;32m  OK  [0m] Started Session 1 of user vagrant.
[[0;32m  OK  [0m] Started User Manager for UID 1000.
[[0;32m  OK  [0m] Started Wait until snapd is fully seeded.
         Starting Apply the settings specified in cloud-config...
[[0;32m  OK  [0m] Reached target Multi-User System.
[[0;32m  OK  [0m] Reached target Graphical Interface.
         Starting Update UTMP about System Runlevel Changes...
[[0;32m  OK  [0m] Started Update UTMP about System Runlevel Changes.
[   19.895814] cloud-init[1366]: Generating locales (this might take a while)...
[   20.969462] cloud-init[1366]:   en_US.UTF-8... done
[   20.981311] cloud-init[1366]: Generation complete.
[   21.321525] cloud-init[1366]: Cloud-init v. 21.1-19-gbad84ad4-0ubuntu1~16.04.2 running 'modules:config' at Mon, 20 Feb 2023 14:37:20 +0000. Up 19.77 seconds.
[[0;32m  OK  [0m] Started Apply the settings specified in cloud-config.
         Starting Execute cloud user/final scripts...
ci-info: no authorized SSH keys fingerprints found for user ubuntu.
<14>Feb 20 14:37:22 ec2: 
<14>Feb 20 14:37:22 ec2: #############################################################
<14>Feb 20 14:37:22 ec2: -----BEGIN SSH HOST KEY FINGERPRINTS-----
<14>Feb 20 14:37:22 ec2: 1024 SHA256:ZAsPwF4g3yGOdSOwRt8CzpF9d4Q6fzZ8/p87wffxGas root@ubuntu-xenial (DSA)
<14>Feb 20 14:37:22 ec2: 256 SHA256:3sauIolSTk/+i24Fvoi2JQrrBX0c4XBCgBZRDUyxrUs root@ubuntu-xenial (ECDSA)
<14>Feb 20 14:37:22 ec2: 256 SHA256:wIH4TtwbD7fBXu4maKE1v3h7cDgWf5SXHyrtKp13Cl8 root@ubuntu-xenial (ED25519)
<14>Feb 20 14:37:22 ec2: 2048 SHA256:z7IepqAG3NHXQ3DAG9ZNjLABLCs6g+I9jMeeddAdQM4 root@ubuntu-xenial (RSA)
<14>Feb 20 14:37:22 ec2: -----END SSH HOST KEY FINGERPRINTS-----
<14>Feb 20 14:37:22 ec2: #############################################################
-----BEGIN SSH HOST KEY KEYS-----
ecdsa-sha2-nistp256 AAAAE2VjZHNhLXNoYTItbmlzdHAyNTYAAAAIbmlzdHAyNTYAAABBBCnB+e5H9gwiaA57aW/pwSIDi6qUHt0MXDssOI6ZkujPecM4nLKvdrAULosG225WQfDJnzrsKz2yxEpQq9x70ok= root@ubuntu-xenial
ssh-ed25519 AAAAC3NzaC1lZDI1NTE5AAAAIN/tJ/1fRxQtu6hU4czWocD7BEusVLGnOjYCQ0/DRA+o root@ubuntu-xenial
ssh-rsa AAAAB3NzaC1yc2EAAAADAQABAAABAQDL+SHC4TpiyVAYSQ0ycIW8ha3nNh5KX6dpsGEduwgW3CihZgfJOvGSo3rGRCg8X/Bx812Gqd88Xmj7lTl1fgrvyh6HMYrKOfXSwWa/UgGKAXDQiJ5gwfMQ44M07WpM6e4lvUUO/mbly5W5284DUCcxSTX8TxfDn766Tw+ACTw5oWol/vF1vW2p2y9ZabaMSZlX/Mfd/BYna8SY/wbAmXFJZpp7AsHhiDWysds4SVZXNd08CrNLmWSlsm+VN/QVIzTKu0P1teCFupzYeOqcX3J/sRD0phRLQRADk+KnZm+mYfI+MNbpuT/MOPvV07vVAHTpoYWSPro69938rOkD/vvh root@ubuntu-xenial
-----END SSH HOST KEY KEYS-----
[   21.835178] cloud-init[1523]: Cloud-init v. 21.1-19-gbad84ad4-0ubuntu1~16.04.2 running 'modules:final' at Mon, 20 Feb 2023 14:37:22 +0000. Up 21.65 seconds.
[   21.848807] cloud-init[1523]: ci-info: no authorized SSH keys fingerprints found for user ubuntu.
[   21.853671] cloud-init[1523]: Cloud-init v. 21.1-19-gbad84ad4-0ubuntu1~16.04.2 finished at Mon, 20 Feb 2023 14:37:22 +0000. Datasource DataSourceNoCloud [seed=/dev/sdb][dsmode=net].  Up 21.82 seconds
[[0;32m  OK  [0m] Started Execute cloud user/final scripts.
[[0;32m  OK  [0m] Reached target Cloud-init target.

Ubuntu 16.04.7 LTS ubuntu-xenial ttyS0

ubuntu-xenial login: 