[    0.000000] Linux version 4.15.0-204-generic (buildd@lcy02-amd64-030) (gcc version 7.5.0 (Ubuntu 7.5.0-3ubuntu1~18.04)) #215-Ubuntu SMP Fri Jan 20 18:24:59 UTC 2023 (Ubuntu 4.15.0-204.215-generic 4.15.18)
[    0.000000] Command line: BOOT_IMAGE=/boot/vmlinuz-4.15.0-204-generic root=LABEL=cloudimg-rootfs ro console=tty1 console=ttyS0
[    0.000000] KERNEL supported cpus:
[    0.000000]   Intel GenuineIntel
[    0.000000]   AMD AuthenticAMD
[    0.000000]   Centaur CentaurHauls
[    0.000000] x86/fpu: x87 FPU will use FXSAVE
[    0.000000] e820: BIOS-provided physical RAM map:
[    0.000000] BIOS-e820: [mem 0x0000000000000000-0x000000000009fbff] usable
[    0.000000] BIOS-e820: [mem 0x000000000009fc00-0x000000000009ffff] reserved
[    0.000000] BIOS-e820: [mem 0x00000000000f0000-0x00000000000fffff] reserved
[    0.000000] BIOS-e820: [mem 0x0000000000100000-0x000000003ffeffff] usable
[    0.000000] BIOS-e820: [mem 0x000000003fff0000-0x000000003fffffff] ACPI data
[    0.000000] BIOS-e820: [mem 0x00000000fec00000-0x00000000fec00fff] reserved
[    0.000000] BIOS-e820: [mem 0x00000000fee00000-0x00000000fee00fff] reserved
[    0.000000] BIOS-e820: [mem 0x00000000fffc0000-0x00000000ffffffff] reserved
[    0.000000] NX (Execute Disable) protection: active
[    0.000000] SMBIOS 2.5 present.
[    0.000000] DMI: innotek GmbH VirtualBox/VirtualBox, BIOS VirtualBox 12/01/2006
[    0.000000] Hypervisor detected: KVM
[    0.000000] e820: last_pfn = 0x3fff0 max_arch_pfn = 0x400000000
[    0.000000] MTRR: Disabled
[    0.000000] x86/PAT: MTRRs disabled, skipping PAT initialization too.
[    0.000000] CPU MTRRs all blank - virtualized system.
[    0.000000] x86/PAT: Configuration [0-7]: WB  WT  UC- UC  WB  WT  UC- UC  
[    0.000000] found SMP MP-table at [mem 0x0009fff0-0x0009ffff]
[    0.000000] Scanning 1 areas for low memory corruption
[    0.000000] RAMDISK: [mem 0x359cb000-0x36cdcfff]
[    0.000000] ACPI: Early table checksum verification disabled
[    0.000000] ACPI: RSDP 0x00000000000E0000 000024 (v02 VBOX  )
[    0.000000] ACPI: XSDT 0x000000003FFF0030 00003C (v01 VBOX   VBOXXSDT 00000001 ASL  00000061)
[    0.000000] ACPI: FACP 0x000000003FFF00F0 0000F4 (v04 VBOX   VBOXFACP 00000001 ASL  00000061)
[    0.000000] ACPI: DSDT 0x000000003FFF0610 002353 (v02 VBOX   VBOXBIOS 00000002 INTL 20100528)
[    0.000000] ACPI: FACS 0x000000003FFF0200 000040
[    0.000000] ACPI: FACS 0x000000003FFF0200 000040
[    0.000000] ACPI: APIC 0x000000003FFF0240 00005C (v02 VBOX   VBOXAPIC 00000001 ASL  00000061)
[    0.000000] ACPI: SSDT 0x000000003FFF02A0 00036C (v01 VBOX   VBOXCPUT 00000002 INTL 20100528)
[    0.000000] ACPI: Reserving FACP table memory at [mem 0x3fff00f0-0x3fff01e3]
[    0.000000] ACPI: Reserving DSDT table memory at [mem 0x3fff0610-0x3fff2962]
[    0.000000] ACPI: Reserving FACS table memory at [mem 0x3fff0200-0x3fff023f]
[    0.000000] ACPI: Reserving FACS table memory at [mem 0x3fff0200-0x3fff023f]
[    0.000000] ACPI: Reserving APIC table memory at [mem 0x3fff0240-0x3fff029b]
[    0.000000] ACPI: Reserving SSDT table memory at [mem 0x3fff02a0-0x3fff060b]
[    0.000000] No NUMA configuration found
[    0.000000] Faking a node at [mem 0x0000000000000000-0x000000003ffeffff]
[    0.000000] NODE_DATA(0) allocated [mem 0x3ffc5000-0x3ffeffff]
[    0.000000] kvm-clock: cpu 0, msr 0:3ff44001, primary cpu clock
[    0.000000] kvm-clock: Using msrs 4b564d01 and 4b564d00
[    0.000000] kvm-clock: using sched offset of 3859468699 cycles
[    0.000000] clocksource: kvm-clock: mask: 0xffffffffffffffff max_cycles: 0x1cd42e4dffb, max_idle_ns: 881590591483 ns
[    0.000000] Zone ranges:
[    0.000000]   DMA      [mem 0x0000000000001000-0x0000000000ffffff]
[    0.000000]   DMA32    [mem 0x0000000001000000-0x000000003ffeffff]
[    0.000000]   Normal   empty
[    0.000000]   Device   empty
[    0.000000] Movable zone start for each node
[    0.000000] Early memory node ranges
[    0.000000]   node   0: [mem 0x0000000000001000-0x000000000009efff]
[    0.000000]   node   0: [mem 0x0000000000100000-0x000000003ffeffff]
[    0.000000] Reserved but unavailable: 104 pages
[    0.000000] Initmem setup node 0 [mem 0x0000000000001000-0x000000003ffeffff]
[    0.000000] ACPI: PM-Timer IO Port: 0x4008
[    0.000000] IOAPIC[0]: apic_id 2, version 32, address 0xfec00000, GSI 0-23
[    0.000000] ACPI: INT_SRC_OVR (bus 0 bus_irq 0 global_irq 2 dfl dfl)
[    0.000000] ACPI: INT_SRC_OVR (bus 0 bus_irq 9 global_irq 9 low level)
[    0.000000] Using ACPI (MADT) for SMP configuration information
[    0.000000] smpboot: Allowing 2 CPUs, 0 hotplug CPUs
[    0.000000] PM: Registered nosave memory: [mem 0x00000000-0x00000fff]
[    0.000000] PM: Registered nosave memory: [mem 0x0009f000-0x0009ffff]
[    0.000000] PM: Registered nosave memory: [mem 0x000a0000-0x000effff]
[    0.000000] PM: Registered nosave memory: [mem 0x000f0000-0x000fffff]
[    0.000000] e820: [mem 0x40000000-0xfebfffff] available for PCI devices
[    0.000000] Booting paravirtualized kernel on KVM
[    0.000000] clocksource: refined-jiffies: mask: 0xffffffff max_cycles: 0xffffffff, max_idle_ns: 7645519600211568 ns
[    0.000000] setup_percpu: NR_CPUS:8192 nr_cpumask_bits:2 nr_cpu_ids:2 nr_node_ids:1
[    0.000000] percpu: Embedded 50 pages/cpu s167936 r8192 d28672 u1048576
[    0.000000] PV qspinlock hash table entries: 256 (order: 0, 4096 bytes)
[    0.000000] Built 1 zonelists, mobility grouping on.  Total pages: 257913
[    0.000000] Policy zone: DMA32
[    0.000000] Kernel command line: BOOT_IMAGE=/boot/vmlinuz-4.15.0-204-generic root=LABEL=cloudimg-rootfs ro console=tty1 console=ttyS0
[    0.000000] Memory: 982644K/1048120K available (12300K kernel code, 2477K rwdata, 4324K rodata, 2480K init, 2720K bss, 65476K reserved, 0K cma-reserved)
[    0.000000] SLUB: HWalign=64, Order=0-3, MinObjects=0, CPUs=2, Nodes=1
[    0.000000] Kernel/User page tables isolation: enabled
[    0.000000] ftrace: allocating 39488 entries in 155 pages
[    0.004000] Hierarchical RCU implementation.
[    0.004000] 	RCU restricting CPUs from NR_CPUS=8192 to nr_cpu_ids=2.
[    0.004000] 	Tasks RCU enabled.
[    0.004000] RCU: Adjusting geometry for rcu_fanout_leaf=16, nr_cpu_ids=2
[    0.004000] NR_IRQS: 524544, nr_irqs: 440, preallocated irqs: 16
[    0.004000] random: crng init done
[    0.004000] Console: colour VGA+ 80x25
[    0.004000] console [tty1] enabled
[    0.004000] console [ttyS0] enabled
[    0.004000] ACPI: Core revision 20170831
[    0.004000] ACPI: 2 ACPI AML tables successfully acquired and loaded
[    0.004000] APIC: Switch to symmetric I/O mode setup
[    0.004000] ..TIMER: vector=0x30 apic1=0 pin1=2 apic2=-1 pin2=-1
[    0.004005] tsc: Detected 2592.004 MHz processor
[    0.008009] Calibrating delay loop (skipped) preset value.. 5184.00 BogoMIPS (lpj=10368016)
[    0.012006] pid_max: default: 32768 minimum: 301
[    0.016084] Security Framework initialized
[    0.020003] Yama: becoming mindful.
[    0.024113] AppArmor: AppArmor initialized
[    0.035163] Dentry cache hash table entries: 131072 (order: 8, 1048576 bytes)
[    0.040716] Inode-cache hash table entries: 65536 (order: 7, 524288 bytes)
[    0.044098] Mount-cache hash table entries: 2048 (order: 2, 16384 bytes)
[    0.048080] Mountpoint-cache hash table entries: 2048 (order: 2, 16384 bytes)
[    0.053724] Last level iTLB entries: 4KB 64, 2MB 8, 4MB 8
[    0.056003] Last level dTLB entries: 4KB 64, 2MB 0, 4MB 0, 1GB 4
[    0.060003] Spectre V1 : Mitigation: usercopy/swapgs barriers and __user pointer sanitization
[    0.064003] Spectre V2 : Mitigation: Retpolines
[    0.068002] Spectre V2 : Spectre v2 / SpectreRSB mitigation: Filling RSB on context switch
[    0.072002] Spectre V2 : Spectre v2 / SpectreRSB : Filling RSB on VMEXIT
[    0.076002] RETBleed: WARNING: Spectre v2 mitigation leaves CPU vulnerable to RETBleed attacks, data leaks possible!
[    0.080002] RETBleed: Vulnerable
[    0.084002] Speculative Store Bypass: Vulnerable
[    0.088080] MDS: Mitigation: Clear CPU buffers
[    0.092002] MMIO Stale Data: Mitigation: Clear CPU buffers
[    0.096002] SRBDS: Unknown: Dependent on hypervisor status
[    0.100152] Freeing SMP alternatives memory: 36K
[    0.222202] APIC calibration not consistent with PM-Timer: 102ms instead of 100ms
[    0.224000] APIC delta adjusted to PM-Timer: 6290842 (6470629)
[    0.228406] smpboot: CPU0: Intel(R) Core(TM) i7-9750H CPU @ 2.60GHz (family: 0x6, model: 0x9e, stepping: 0xa)
[    0.232492] Performance Events: unsupported p6 CPU model 158 no PMU driver, software events only.
[    0.236127] Hierarchical SRCU implementation.
[    0.244722] NMI watchdog: Perf event create on CPU 0 failed with -2
[    0.248002] NMI watchdog: Perf NMI watchdog permanently disabled
[    0.252366] smp: Bringing up secondary CPUs ...
[    0.257090] x86: Booting SMP configuration:
[    0.260002] .... node  #0, CPUs:      #1
[    0.004000] kvm-clock: cpu 1, msr 0:3ff44041, secondary cpu clock
[    0.274239] TSC synchronization [CPU#0 -> CPU#1]:
[    0.276000] Measured 44306 cycles TSC warp between CPUs, turning off TSC clock.
[    0.276000] tsc: Marking TSC unstable due to check_tsc_sync_source failed
[    0.280104] smp: Brought up 1 node, 2 CPUs
[    0.284004] smpboot: Max logical packages: 1
[    0.288003] smpboot: Total of 2 processors activated (10368.01 BogoMIPS)
[    0.292640] devtmpfs: initialized
[    0.296105] x86/mm: Memory block size: 128MB
[    0.300427] evm: security.selinux
[    0.304003] evm: security.SMACK64
[    0.308002] evm: security.SMACK64EXEC
[    0.311294] evm: security.SMACK64TRANSMUTE
[    0.312002] evm: security.SMACK64MMAP
[    0.316002] evm: security.apparmor
[    0.320002] evm: security.ima
[    0.324002] evm: security.capability
[    0.328412] clocksource: jiffies: mask: 0xffffffff max_cycles: 0xffffffff, max_idle_ns: 7645041785100000 ns
[    0.332007] futex hash table entries: 512 (order: 3, 32768 bytes)
[    0.336221] pinctrl core: initialized pinctrl subsystem
[    0.340554] RTC time: 14:21:51, date: 03/06/23
[    0.345210] NET: Registered protocol family 16
[    0.348123] audit: initializing netlink subsys (disabled)
[    0.356050] audit: type=2000 audit(1678112516.772:1): state=initialized audit_enabled=0 res=1
[    0.364005] cpuidle: using governor ladder
[    0.368006] cpuidle: using governor menu
[    0.372053] ACPI: bus type PCI registered
[    0.376003] acpiphp: ACPI Hot Plug PCI Controller Driver version: 0.5
[    0.380591] PCI: Using configuration type 1 for base access
[    0.388383] HugeTLB registered 2.00 MiB page size, pre-allocated 0 pages
[    0.396200] ACPI: Added _OSI(Module Device)
[    0.400008] ACPI: Added _OSI(Processor Device)
[    0.404002] ACPI: Added _OSI(3.0 _SCP Extensions)
[    0.408002] ACPI: Added _OSI(Processor Aggregator Device)
[    0.412003] ACPI: Added _OSI(Linux-Dell-Video)
[    0.416003] ACPI: Added _OSI(Linux-Lenovo-NV-HDMI-Audio)
[    0.420003] ACPI: Added _OSI(Linux-HPI-Hybrid-Graphics)
[    0.424884] ACPI: Executed 1 blocks of module-level executable AML code
[    0.431983] ACPI: Interpreter enabled
[    0.432010] ACPI: (supports S0 S5)
[    0.436002] ACPI: Using IOAPIC for interrupt routing
[    0.440370] PCI: Using host bridge windows from ACPI; if necessary, use "pci=nocrs" and report a bug
[    0.444239] ACPI: Enabled 2 GPEs in block 00 to 07
[    0.460615] ACPI: PCI Root Bridge [PCI0] (domain 0000 [bus 00-ff])
[    0.464006] acpi PNP0A03:00: _OSC: OS supports [ASPM ClockPM Segments MSI]
[    0.468708] acpi PNP0A03:00: _OSC: not requesting OS control; OS requires [ExtendedConfig ASPM ClockPM MSI]
[    0.472010] acpi PNP0A03:00: fail to add MMCONFIG information, can't access extended PCI configuration space under this bridge.
[    0.480297] PCI host bridge to bus 0000:00
[    0.484004] pci_bus 0000:00: root bus resource [io  0x0000-0x0cf7 window]
[    0.488003] pci_bus 0000:00: root bus resource [io  0x0d00-0xffff window]
[    0.492003] pci_bus 0000:00: root bus resource [mem 0x000a0000-0x000bffff window]
[    0.496003] pci_bus 0000:00: root bus resource [mem 0x40000000-0xfdffffff window]
[    0.500003] pci_bus 0000:00: root bus resource [bus 00-ff]
[    0.513215] pci 0000:00:01.1: legacy IDE quirk: reg 0x10: [io  0x01f0-0x01f7]
[    0.516002] pci 0000:00:01.1: legacy IDE quirk: reg 0x14: [io  0x03f6]
[    0.520003] pci 0000:00:01.1: legacy IDE quirk: reg 0x18: [io  0x0170-0x0177]
[    0.524002] pci 0000:00:01.1: legacy IDE quirk: reg 0x1c: [io  0x0376]
[    0.552266] pci 0000:00:07.0: quirk: [io  0x4000-0x403f] claimed by PIIX4 ACPI
[    0.556040] pci 0000:00:07.0: quirk: [io  0x4100-0x410f] claimed by PIIX4 SMB
[    0.568861] ACPI: PCI Interrupt Link [LNKA] (IRQs 5 9 10 *11)
[    0.572552] ACPI: PCI Interrupt Link [LNKB] (IRQs 5 9 *10 11)
[    0.576207] ACPI: PCI Interrupt Link [LNKC] (IRQs 5 *9 10 11)
[    0.580209] ACPI: PCI Interrupt Link [LNKD] (IRQs 5 9 10 *11)
[    0.584840] SCSI subsystem initialized
[    0.588216] pci 0000:00:02.0: vgaarb: setting as boot VGA device
[    0.592000] pci 0000:00:02.0: vgaarb: VGA device added: decodes=io+mem,owns=io+mem,locks=none
[    0.592005] pci 0000:00:02.0: vgaarb: bridge control possible
[    0.596002] vgaarb: loaded
[    0.600083] ACPI: bus type USB registered
[    0.604016] usbcore: registered new interface driver usbfs
[    0.608041] usbcore: registered new interface driver hub
[    0.612015] usbcore: registered new device driver usb
[    0.620115] EDAC MC: Ver: 3.0.0
[    0.624920] PCI: Using ACPI for IRQ routing
[    0.628772] NetLabel: Initializing
[    0.632002] NetLabel:  domain hash size = 128
[    0.636002] NetLabel:  protocols = UNLABELED CIPSOv4 CALIPSO
[    0.640016] NetLabel:  unlabeled traffic allowed by default
[    0.648217] clocksource: Switched to clocksource kvm-clock
[    0.657279] VFS: Disk quotas dquot_6.6.0
[    0.657279] VFS: Dquot-cache hash table entries: 512 (order 0, 4096 bytes)
[    0.657279] AppArmor: AppArmor Filesystem Enabled
[    0.657279] pnp: PnP ACPI init
[    0.657279] pnp: PnP ACPI: found 3 devices
[    0.762776] clocksource: acpi_pm: mask: 0xffffff max_cycles: 0xffffff, max_idle_ns: 2085701024 ns
[    0.764965] NET: Registered protocol family 2
[    0.764965] IP idents hash table entries: 16384 (order: 5, 131072 bytes)
[    0.782959] TCP established hash table entries: 8192 (order: 4, 65536 bytes)
[    0.789909] TCP bind hash table entries: 8192 (order: 5, 131072 bytes)
[    0.793596] TCP: Hash tables configured (established 8192 bind 8192)
[    0.793596] UDP hash table entries: 512 (order: 2, 16384 bytes)
[    0.793596] UDP-Lite hash table entries: 512 (order: 2, 16384 bytes)
[    0.793596] NET: Registered protocol family 1
[    0.793596] pci 0000:00:00.0: Limiting direct PCI/PCI transfers
[    0.793596] pci 0000:00:01.0: Activating ISA DMA hang workarounds
[    0.793596] pci 0000:00:02.0: Video device with shadowed ROM at [mem 0x000c0000-0x000dffff]
[    0.793596] Unpacking initramfs...
[    1.316363] Freeing initrd memory: 19528K
[    1.323159] clocksource: tsc: mask: 0xffffffffffffffff max_cycles: 0x255cbae350f, max_idle_ns: 440795327587 ns
[    1.332335] platform rtc_cmos: registered platform RTC device (no PNP device found)
[    1.340539] Scanning for low memory corruption every 60 seconds
[    1.349099] Initialise system trusted keyrings
[    1.353626] Key type blacklist registered
[    1.358293] workingset: timestamp_bits=36 max_order=18 bucket_order=0
[    1.367773] zbud: loaded
[    1.372706] squashfs: version 4.0 (2009/01/31) Phillip Lougher
[    1.379397] fuse init (API version 7.26)
[    1.430492] Key type asymmetric registered
[    1.435057] Asymmetric key parser 'x509' registered
[    1.441490] Block layer SCSI generic (bsg) driver version 0.4 loaded (major 246)
[    1.449993] io scheduler noop registered
[    1.454321] io scheduler deadline registered
[    1.458857] io scheduler cfq registered (default)
[    1.465895] ACPI: AC Adapter [AC] (on-line)
[    1.470352] input: Power Button as /devices/LNXSYSTM:00/LNXPWRBN:00/input/input0
[    1.478553] ACPI: Power Button [PWRF]
[    1.483748] input: Sleep Button as /devices/LNXSYSTM:00/LNXSLPBN:00/input/input1
[    1.490789] ACPI: Sleep Button [SLPF]
[    1.497577] ACPI: Battery Slot [BAT0] (battery present)
[    1.505053] Serial: 8250/16550 driver, 32 ports, IRQ sharing enabled
[    1.540216] 00:02: ttyS0 at I/O 0x3f8 (irq = 4, base_baud = 115200) is a 16550A
[    1.568225] Linux agpgart interface v0.103
[    1.582853] loop: module loaded
[    1.591311] scsi host0: ata_piix
[    1.595534] scsi host1: ata_piix
[    1.598983] ata1: PATA max UDMA/33 cmd 0x1f0 ctl 0x3f6 bmdma 0xd000 irq 14
[    1.605437] ata2: PATA max UDMA/33 cmd 0x170 ctl 0x376 bmdma 0xd008 irq 15
[    1.612117] tun: Universal TUN/TAP device driver, 1.6
[    1.618136] PPP generic driver version 2.4.2
[    1.622619] ehci_hcd: USB 2.0 'Enhanced' Host Controller (EHCI) Driver
[    1.628882] ehci-pci: EHCI PCI platform driver
[    1.633567] ehci-platform: EHCI generic platform driver
[    1.638923] ohci_hcd: USB 1.1 'Open' Host Controller (OHCI) Driver
[    1.645763] ohci-pci: OHCI PCI platform driver
[    1.650058] ohci-platform: OHCI generic platform driver
[    1.655240] uhci_hcd: USB Universal Host Controller Interface driver
[    1.661353] i8042: PNP: PS/2 Controller [PNP0303:PS2K,PNP0f03:PS2M] at 0x60,0x64 irq 1,12
[    1.672510] serio: i8042 KBD port at 0x60,0x64 irq 1
[    1.677508] serio: i8042 AUX port at 0x60,0x64 irq 12
[    1.683347] mousedev: PS/2 mouse device common for all mice
[    1.692572] rtc_cmos rtc_cmos: rtc core: registered rtc_cmos as rtc0
[    1.699316] input: AT Translated Set 2 keyboard as /devices/platform/i8042/serio0/input/input2
[    1.707897] rtc_cmos rtc_cmos: alarms up to one day, 114 bytes nvram
[    1.714361] i2c /dev entries driver
[    1.718713] device-mapper: uevent: version 1.0.3
[    1.723976] device-mapper: ioctl: 4.37.0-ioctl (2017-09-20) initialised: dm-devel@redhat.com
[    1.732546] ledtrig-cpu: registered to indicate activity on CPUs
[    1.741481] NET: Registered protocol family 10
[    1.756603] Segment Routing with IPv6
[    1.760921] NET: Registered protocol family 17
[    1.766277] Key type dns_resolver registered
[    1.771982] mce: Using 0 MCE banks
[    1.780447] RAS: Correctable Errors collector initialized.
[    1.787496] sched_clock: Marking stable (1787400400, 0)->(2577516775, -790116375)
[    1.836706] registered taskstats version 1
[    1.841964] Loading compiled-in X.509 certificates
[    1.850544] Loaded X.509 cert 'Build time autogenerated kernel key: 449f52b446813ee48ad446aa51a5377584e80c28'
[    1.860359] Loaded X.509 cert 'Canonical Ltd. Live Patch Signing: 14df34d1a87cf37625abec039ef2bf521249b969'
[    1.871257] Loaded X.509 cert 'Canonical Ltd. Kernel Module Signing: 88f752e560a1e0737e31163a466ad7b70a850c19'
[    1.881864] blacklist: Loading compiled-in revocation X.509 certificates
[    1.889179] Loaded X.509 cert 'Canonical Ltd. Secure Boot Signing: 61482aa2830d0ab2ad5af10b7250da9033ddcef0'
[    1.900166] Loaded X.509 cert 'Canonical Ltd. Secure Boot Signing (2017): 242ade75ac4a15e50d50c84b0d45ff3eae707a03'
[    1.910620] Loaded X.509 cert 'Canonical Ltd. Secure Boot Signing (ESM 2018): 365188c1d374d6b07c3c8f240f8ef722433d6a8b'
[    1.921657] Loaded X.509 cert 'Canonical Ltd. Secure Boot Signing (2019): c0746fd6c5da3ae827864651ad66ae47fe24b3e8'
[    1.931858] Loaded X.509 cert 'Canonical Ltd. Secure Boot Signing (2021 v1): a8d54bbb3825cfb94fa13c9f8a594a195c107b8d'
[    1.942593] Loaded X.509 cert 'Canonical Ltd. Secure Boot Signing (2021 v2): 4cf046892d6fd3c9a5b03f98d845f90851dc6a8c'
[    1.953352] Loaded X.509 cert 'Canonical Ltd. Secure Boot Signing (2021 v3): 100437bb6de6e469b581e61cd66bce3ef4ed53af'
[    1.964521] Loaded X.509 cert 'Canonical Ltd. Secure Boot Signing (Ubuntu Core 2019): c1d57b8f6b743f23ee41f4f7ee292f06eecadfb9'
[    1.976038] zswap: loaded using pool lzo/zbud
[    1.990246] Key type big_key registered
[    1.995051] Key type trusted registered
[    2.003879] Key type encrypted registered
[    2.008905] AppArmor: AppArmor sha1 policy hashing enabled
[    2.015296] ima: No TPM chip found, activating TPM-bypass! (rc=-19)
[    2.022809] ima: Allocated hash algorithm: sha1
[    2.029475] evm: HMAC attrs: 0x1
[    2.035144]   Magic number: 15:737:383
[    2.041705] rtc_cmos rtc_cmos: setting system clock to 2023-03-06 14:21:53 UTC (1678112513)
[    2.054930] BIOS EDD facility v0.16 2004-Jun-25, 0 devices found
[    2.062544] EDD information not available.
[    2.072298] Freeing unused kernel image memory: 2480K
[    2.092559] Write protecting the kernel read-only data: 20480k
[    2.100625] Freeing unused kernel image memory: 2008K
[    2.106784] Freeing unused kernel image memory: 1820K
[    2.123329] x86/mm: Checked W+X mappings: passed, no W+X pages found.
[    2.130832] x86/mm: Checking user space page tables
[    2.142292] x86/mm: Checked W+X mappings: passed, no W+X pages found.
Loading, please wait...
starting version 237
[    2.245880] e1000: Intel(R) PRO/1000 Network Driver - version 7.3.21-k8-NAPI
[    2.254082] e1000: Copyright (c) 1999-2006 Intel Corporation.
[    2.272810] Fusion MPT base driver 3.04.20
[    2.277795] Copyright (c) 1999-2008 LSI Corporation
[    2.306568] Fusion MPT SPI Host driver 3.04.20
[    2.320209] SSE version of gcm_enc/dec engaged.
[    2.521240] input: ImExPS/2 Generic Explorer Mouse as /devices/platform/i8042/serio1/input/input4
[    2.950167] e1000 0000:00:03.0 eth0: (PCI:33MHz:32-bit) 02:1d:71:e8:cf:d1
[    2.956307] e1000 0000:00:03.0 eth0: Intel(R) PRO/1000 Network Connection
[    2.965989] mptbase: ioc0: Initiating bringup
[    2.966481] e1000 0000:00:03.0 enp0s3: renamed from eth0
[    3.305302] ioc0: LSI53C1030 A0: Capabilities={Initiator}
[    4.254553] scsi host2: ioc0: LSI53C1030 A0, FwRev=00000000h, Ports=1, MaxQ=256, IRQ=20
[    4.495041] scsi 2:0:0:0: Direct-Access     VBOX     HARDDISK         1.0  PQ: 0 ANSI: 5
[    4.536175] scsi target2:0:0: Beginning Domain Validation
[    4.551984] scsi target2:0:0: Domain Validation skipping write tests
[    4.558561] scsi target2:0:0: Ending Domain Validation
[    4.564065] scsi target2:0:0: asynchronous
[    4.571263] scsi 2:0:1:0: Direct-Access     VBOX     HARDDISK         1.0  PQ: 0 ANSI: 5
[    4.612638] scsi target2:0:1: Beginning Domain Validation
[    4.627371] scsi target2:0:1: Domain Validation skipping write tests
[    4.633509] scsi target2:0:1: Ending Domain Validation
[    4.639275] scsi target2:0:1: asynchronous
[    4.659872] sd 2:0:0:0: Attached scsi generic sg0 type 0
[    4.665763] sd 2:0:1:0: Attached scsi generic sg1 type 0
[    4.673047] sd 2:0:0:0: [sda] 83886080 512-byte logical blocks: (42.9 GB/40.0 GiB)
[    4.680868] sd 2:0:1:0: [sdb] 20480 512-byte logical blocks: (10.5 MB/10.0 MiB)
[    4.688366] sd 2:0:0:0: [sda] Write Protect is off
[    4.693470] sd 2:0:1:0: [sdb] Write Protect is off
[    4.699298] sd 2:0:0:0: [sda] Incomplete mode parameter data
[    4.705489] sd 2:0:0:0: [sda] Assuming drive cache: write through
[    4.711209] sd 2:0:1:0: [sdb] Incomplete mode parameter data
[    4.716760] sd 2:0:1:0: [sdb] Assuming drive cache: write through
[    4.729570]  sda: sda1
[    4.737994] sd 2:0:0:0: [sda] Attached SCSI disk
[    4.738109] sd 2:0:1:0: [sdb] Attached SCSI disk
Begin: Loading essential drivers ... [    6.856821] raid6: sse2x1   gen() 13606 MB/s
[    6.908419] raid6: sse2x1   xor()  9407 MB/s
[    6.960877] raid6: sse2x2   gen() 16253 MB/s
[    7.012669] raid6: sse2x2   xor() 10858 MB/s
[    7.065902] raid6: sse2x4   gen() 18757 MB/s
[    7.116153] raid6: sse2x4   xor() 11489 MB/s
[    7.120726] raid6: using algorithm sse2x4 gen() 18757 MB/s
[    7.125501] raid6: .... xor() 11489 MB/s, rmw enabled
[    7.130430] raid6: using ssse3x2 recovery algorithm
[    7.137876] xor: measuring software checksum speed
[   10.433439]    prefetch64-sse: 802682.704 MB/sec
[   12.495466]    generic_sse: 426003.704 MB/sec
[   12.500159] xor: using function: prefetch64-sse (802682.704 MB/sec)
[   12.509385] async_tx: api initialized (async)
done.
Begin: Running /scripts/init-premount ... done.
Begin: Mounting root file system ... Begin: Running /scripts/local-top ... done.
Begin: Running /scripts/local-premount ... [   12.574237] Btrfs loaded, crc32c=crc32c-intel
Scanning for Btrfs filesystems
done.
Warning: fsck not present, so skipping root file system
[   12.634378] EXT4-fs (sda1): mounted filesystem with ordered data mode. Opts: (null)
done.
Begin: Running /scripts/local-bottom ... done.
Begin: Running /scripts/init-bottom ... done.
[   12.914117] ip_tables: (C) 2000-2006 Netfilter Core Team
[   12.935820] systemd[1]: systemd 237 running in system mode. (+PAM +AUDIT +SELINUX +IMA +APPARMOR +SMACK +SYSVINIT +UTMP +LIBCRYPTSETUP +GCRYPT +GNUTLS +ACL +XZ +LZ4 +SECCOMP +BLKID +ELFUTILS +KMOD -IDN2 +IDN -PCRE2 default-hierarchy=hybrid)
[   12.955282] systemd[1]: Detected virtualization oracle.
[   12.961853] systemd[1]: Detected architecture x86-64.

Welcome to [1mUbuntu 18.04.6 LTS[0m!

[   12.999555] systemd[1]: Set hostname to <ubuntu>.
[   13.009258] systemd[1]: Initializing machine ID from random generator.
[   13.016172] systemd[1]: Installed transient /etc/machine-id file.
[   13.402190] systemd[1]: Set up automount Arbitrary Executable File Formats File System Automount Point.
[[0;32m  OK  [0m] Set up automount Arbitrary Executab…rmats File System Automount Point.
[   13.417281] systemd[1]: Reached target User and Group Name Lookups.
[[0;32m  OK  [0m] Reached target User and Group Name Lookups.
[   13.427881] systemd[1]: Started Forward Password Requests to Wall Directory Watch.
[[0;32m  OK  [0m] Started Forward Password Requests to Wall Directory Watch.
[   13.441039] systemd[1]: Reached target System Time Synchronized.
[[0;32m  OK  [0m] Reached target System Time Synchronized.
[[0;32m  OK  [0m] Created slice System Slice.
[[0;32m  OK  [0m] Listening on Journal Socket (/dev/log).
[[0;32m  OK  [0m] Listening on udev Control Socket.
[[0;32m  OK  [0m] Listening on /dev/initctl Compatibility Named Pipe.
[[0;32m  OK  [0m] Listening on LVM2 poll daemon socket.
[[0;32m  OK  [0m] Listening on udev Kernel Socket.
[[0;32m  OK  [0m] Listening on Network Service Netlink Socket.
[[0;32m  OK  [0m] Created slice User and Session Slice.
[[0;32m  OK  [0m] Reached target Slices.
[[0;32m  OK  [0m] Listening on Journal Socket.
         Starting Uncomplicated firewall...
         Mounting POSIX Message Queue File System...
         Mounting Huge Pages File System...
         Starting Create list of required st…ce nodes for the current kernel...
[[0;32m  OK  [0m] Reached target Mounting snaps.
[[0;32m  OK  [0m] Reached target Mounted snaps.
         Starting udev Coldplug all Devices...
[[0;32m  OK  [0m] Listening on Journal Audit Socket.
[[0;32m  OK  [0m] Listening on fsck to fsckd communication Socket.
[[0;32m  OK  [0m] Reached target Swap.
         Starting Load Kernel Modules...
         Starting File System Check on Root Device...
         Mounting Kernel Debug File System...
[[0;32m  OK  [0m] Listening on Device-mapper event daemon FIFOs.
[[0;32m  OK  [0m] Listening on LVM2 metadata daemon socket.
         Starting Monitoring of LVM2 mirrors…ng dmeventd or progress polling...
[[0;32m  OK  [0m] Created slice system-serial\x2dgetty.slice.
[[0;32m  OK  [0m] Listening on Syslog Socket.
         Starting Journal Service...
         Starting Set the console keyboard layout...
[[0;32m  OK  [0m] Started Uncomplicated firewall.
[[0;32m  OK  [0m] Mounted POSIX Message Queue File System.
[[0;32m  OK  [0m] Mounted Huge Pages File System.
[[0;32m  OK  [0m] Started Create list of required sta…vice nodes for the current kernel.
[[0;32m  OK  [0m] Mounted Kernel Debug File System.
[[0;32m  OK  [0m] Started File System Check Daemon to report status.
         Starting Create Static Device Nodes in /dev...
[[0;32m  OK  [0m] Started LVM2 metadata daemon.
[[0;32m  OK  [0m] Started udev Coldplug all Devices.
[   13.650730] Loading iSCSI transport class v2.0-870.
[[0;32m  OK  [0m] Started Create Static Device Nodes in /dev.
[[0;32m  OK  [0m] Started Journal Service.
[   13.738376] iscsi: registered transport (tcp)
[   13.766355] iscsi: registered transport (iser)
[[0;32m  OK  [0m] Started Load Kernel Modules.
         Mounting Kernel Configuration File System...
         Starting Apply Kernel Variables...
         Mounting FUSE Control File System...
[[0;32m  OK  [0m] Started File System Check on Root Device.
[[0;32m  OK  [0m] Mounted Kernel Configuration File System.
[[0;32m  OK  [0m] Mounted FUSE Control File System.
         Starting Remount Root and Kernel File Systems...
[[0;32m  OK  [0m] Started Monitoring of LVM2 mirrors,…sing dmeventd or progress polling.
[[0;32m  OK  [0m] Started Apply Kernel Variables.
[[0;32m  OK  [0m] Started Remount Root and Kernel File Systems.
         Starting udev Kernel Device Manager...
         Starting Load/Save Random Seed...
         Starting Flush Journal to Persistent Storage...
[[0;32m  OK  [0m] Started udev Kernel Device Manager.
[[0;32m  OK  [0m] Started Load/Save Random Seed.
[[0;32m  OK  [0m] Started Flush Journal to Persistent Storage.
[[0;32m  OK  [0m] Found device /dev/ttyS0.
[[0;32m  OK  [0m] Listening on Load/Save RF Kill Switch Status /dev/rfkill Watch.
[[0;32m  OK  [0m] Started Set the console keyboard layout.
         Mounting Arbitrary Executable File Formats File System...
[[0;32m  OK  [0m] Started Dispatch Password Requests to Console Directory Watch.
[[0;32m  OK  [0m] Reached target Local Encrypted Volumes.
[[0;32m  OK  [0m] Reached target Local File Systems (Pre).
[[0;32m  OK  [0m] Reached target Local File Systems.
         Starting Set console font and keymap...
         Starting AppArmor initialization...
         Starting Tell Plymouth To Write Out Runtime Data...
         Starting ebtables ruleset management...
         Starting Commit a transient machine-id on disk...
         Starting Create Volatile Files and Directories...
[[0;32m  OK  [0m] Mounted Arbitrary Executable File Formats File System.
[[0;32m  OK  [0m] Started Tell Plymouth To Write Out Runtime Data.
[[0;32m  OK  [0m] Started Create Volatile Files and Directories.
         Starting Update UTMP about System Boot/Shutdown...
[[0;32m  OK  [0m] Started Update UTMP about System Boot/Shutdown.
[[0;32m  OK  [0m] Started Commit a transient machine-id on disk.
[[0;32m  OK  [0m] Started ebtables ruleset management.
[[0;32m  OK  [0m] Started AppArmor initialization.
         Starting Load AppArmor profiles managed internally by snapd...
         Starting Initial cloud-init job (pre-networking)...
[[0;32m  OK  [0m] Started Load AppArmor profiles managed internally by snapd.
[[0;32m  OK  [0m] Started Set console font and keymap.
[   17.777602] cloud-init[790]: Cloud-init v. 22.4.2-0ubuntu0~18.04.1 running 'init-local' at Mon, 06 Mar 2023 14:22:08 +0000. Up 17.42 seconds.
[[0;32m  OK  [0m] Started Initial cloud-init job (pre-networking).
[[0;32m  OK  [0m] Reached target Network (Pre).
         Starting Network Service...
[[0;32m  OK  [0m] Started Network Service.
         Starting Network Name Resolution...
         Starting Wait for Network to be Configured...
[[0;32m  OK  [0m] Started Network Name Resolution.
[[0;32m  OK  [0m] Reached target Host and Network Name Lookups.
[[0;32m  OK  [0m] Reached target Network.
[[0;32m  OK  [0m] Started Wait for Network to be Configured.
         Starting Initial cloud-init job (metadata service crawler)...
[   19.939251] cloud-init[939]: Cloud-init v. 22.4.2-0ubuntu0~18.04.1 running 'init' at Mon, 06 Mar 2023 14:22:11 +0000. Up 19.83 seconds.
[   19.948006] cloud-init[939]: ci-info: ++++++++++++++++++++++++++++++++++++++Net device info++++++++++++++++++++++++++++++++++++++
[   19.954297] cloud-init[939]: ci-info: +--------+------+----------------------------+---------------+--------+-------------------+
[   19.960596] cloud-init[939]: ci-info: | Device |  Up  |          Address           |      Mask     | Scope  |     Hw-Address    |
[   19.966705] cloud-init[939]: ci-info: +--------+------+----------------------------+---------------+--------+-------------------+
[   19.972720] cloud-init[939]: ci-info: | enp0s3 | True |         10.0.2.15          | 255.255.255.0 | global | 02:1d:71:e8:cf:d1 |
[   19.978751] cloud-init[939]: ci-info: | enp0s3 | True | fe80::1d:71ff:fee8:cfd1/64 |       .       |  link  | 02:1d:71:e8:cf:d1 |
[   19.985100] cloud-init[939]: ci-info: |   lo   | True |         127.0.0.1          |   255.0.0.0   |  host  |         .         |
[   19.991115] cloud-init[939]: ci-info: |   lo   | True |          ::1/128           |       .       |  host  |         .         |
[   19.998025] cloud-init[939]: ci-info: +--------+------+----------------------------+---------------+--------+-------------------+
[   20.004728] cloud-init[939]: ci-info: ++++++++++++++++++++++++++++Route IPv4 info+++++++++++++++++++++++++++++
[   20.010445] cloud-init[939]: ci-info: +-------+-------------+----------+-----------------+-----------+-------+
[   20.015804] cloud-init[939]: ci-info: | Route | Destination | Gateway  |     Genmask     | Interface | Flags |
[   20.021569] cloud-init[939]: ci-info: +-------+-------------+----------+-----------------+-----------+-------+
[   20.027382] cloud-init[939]: ci-info: |   0   |   0.0.0.0   | 10.0.2.2 |     0.0.0.0     |   enp0s3  |   UG  |
[   20.033123] cloud-init[939]: ci-info: |   1   |   10.0.2.0  | 0.0.0.0  |  255.255.255.0  |   enp0s3  |   U   |
[   20.039151] cloud-init[939]: ci-info: |   2   |   10.0.2.2  | 0.0.0.0  | 255.255.255.255 |   enp0s3  |   UH  |
[   20.044686] cloud-init[939]: ci-info: +-------+-------------+----------+-----------------+-----------+-------+
[   20.050110] cloud-init[939]: ci-info: +++++++++++++++++++Route IPv6 info+++++++++++++++++++
[   20.055101] cloud-init[939]: ci-info: +-------+-------------+---------+-----------+-------+
[   20.060002] cloud-init[939]: ci-info: | Route | Destination | Gateway | Interface | Flags |
[   20.066148] cloud-init[939]: ci-info: +-------+-------------+---------+-----------+-------+
[   20.072403] cloud-init[939]: ci-info: |   1   |  fe80::/64  |    ::   |   enp0s3  |   U   |
[   20.080784] cloud-init[939]: ci-info: |   3   |    local    |    ::   |   enp0s3  |   U   |
[   20.087905] cloud-init[939]: ci-info: |   4   |   ff00::/8  |    ::   |   enp0s3  |   U   |
[   20.095285] cloud-init[939]: ci-info: +-------+-------------+---------+-----------+-------+
[   21.006070] cloud-init[939]: Generating public/private rsa key pair.
[   21.008450] cloud-init[939]: Your identification has been saved in /etc/ssh/ssh_host_rsa_key.
[   21.011260] cloud-init[939]: Your public key has been saved in /etc/ssh/ssh_host_rsa_key.pub.
[   21.014409] cloud-init[939]: The key fingerprint is:
[   21.016085] cloud-init[939]: SHA256:8sw3dDFfJwnJ3MzjNNN6+TO6XiJnuxJh8E5qnfZmjHA root@ubuntu-bionic
[   21.018953] cloud-init[939]: The key's randomart image is:
[   21.021110] cloud-init[939]: +---[RSA 2048]----+
[   21.023190] cloud-init[939]: |           o.= . |
[   21.024911] cloud-init[939]: |         .  +.O..|
[   21.026824] cloud-init[939]: |          o ooo=+|
[   21.028744] cloud-init[939]: |           = +o+o|
[   21.030566] cloud-init[939]: |      . S B + ...|
[   21.032433] cloud-init[939]: |       = = E   o.|
[   21.034413] cloud-init[939]: |        = *.=+..o|
[   21.036008] cloud-init[939]: |         . ++*+  |
[   21.037619] cloud-init[939]: |            ==o  |
[   21.039487] cloud-init[939]: +----[SHA256]-----+
[   21.041158] cloud-init[939]: Generating public/private dsa key pair.
[   21.043403] cloud-init[939]: Your identification has been saved in /etc/ssh/ssh_host_dsa_key.
[   21.046566] cloud-init[939]: Your public key has been saved in /etc/ssh/ssh_host_dsa_key.pub.
[   21.049766] cloud-init[939]: The key fingerprint is:
[   21.051371] cloud-init[939]: SHA256:r7RYSqa4vKJjQnA7gkV/6oDu0OAKIG2ogpMKHrZPrPI root@ubuntu-bionic
[   21.054237] cloud-init[939]: The key's randomart image is:
[   21.056024] cloud-init[939]: +---[DSA 1024]----+
[   21.057847] cloud-init[939]: |                 |
[   21.059442] cloud-init[939]: |  .              |
[   21.061059] cloud-init[939]: | . .             |
[   21.062644] cloud-init[939]: |.oo . .          |
[   21.064546] cloud-init[939]: |B+o. o  S        |
[   21.066178] cloud-init[939]: |X*= .    .       |
[   21.067756] cloud-init[939]: |%=.*  o o .      |
[   21.069449] cloud-init[939]: |#==..+ = o       |
[   21.071016] cloud-init[939]: |XOE+. o o        |
[   21.072618] cloud-init[939]: +----[SHA256]-----+
[   21.074309] cloud-init[939]: Generating public/private ecdsa key pair.
[   21.076525] cloud-init[939]: Your identification has been saved in /etc/ssh/ssh_host_ecdsa_key.
[   21.079361] cloud-init[939]: Your public key has been saved in /etc/ssh/ssh_host_ecdsa_key.pub.
[   21.082179] cloud-init[939]: The key fingerprint is:
[   21.083863] cloud-init[939]: SHA256:khLqAFRhKls00nPghkkL6tjWMSjbBenvbuede0D/EYU root@ubuntu-bionic
[   21.087082] cloud-init[939]: The key's randomart image is:
[   21.088959] cloud-init[939]: +---[ECDSA 256]---+
[   21.090591] cloud-init[939]: |o+**.        .   |
[   21.092332] cloud-init[939]: |=*B+.       E .  |
[   21.093967] cloud-init[939]: |B+=o=        .   |
[   21.095608] cloud-init[939]: |=O.+ + ..   .    |
[   21.097253] cloud-init[939]: |=.=.o o.S.   .   |
[   21.098877] cloud-init[939]: | +  .. .. . .    |
[   21.100867] cloud-init[939]: |  ..     . . .   |
[   21.105483] cloud-init[939]: |    o .. .. .    |
[   21.109309] cloud-init[939]: |   o.o. +o       |
[   21.113358] cloud-init[939]: +----[SHA256]-----+
[   21.117174] cloud-init[939]: Generating public/private ed25519 key pair.
[   21.121565] cloud-init[939]: Your identification has been saved in /etc/ssh/ssh_host_ed25519_key.
[   21.126794] cloud-init[939]: Your public key has been saved in /etc/ssh/ssh_host_ed25519_key.pub.
[   21.131686] cloud-init[939]: The key fingerprint is:[[0;32m  OK  [0m] Started Initial cloud-init job (metadata service crawler).
[
[   21.140301] cloud-init[939]: SHA256:iqyj4S2nOkJLvJ2TyPITrh7S8ezMgd5gz/saz/OsFQM root@ubuntu-bionic
[   21.140480] cloud-init[939]: The key's randomart image is:
[   21.140509] cloud-init[939]: +--[ED25519 256]--+
[   21.140536] cloud-init[939]: |                 |
[   21.140962] cloud-init[939]: |                 |
[   21.141325] cloud-init[939]: |      E          |
[   21.141701] cloud-init[939]: |       .         |
[   21.142077] cloud-init[939]: |. .     S        |
[   21.142463] cloud-init[939]: | =.* . . o       |
[   21.142827] cloud-init[939]: |*oX.X . .        |
[   21.143206] cloud-init[939]: |*X*/ =.o         |
[   21.143606] cloud-init[939]: |OOB+@+=+o        |
[   21.143991] cloud-init[939]: +----[SHA256]-----+
[0;32m  OK  [0m] Reached target System Initialization.
[[0;32m  OK  [0m] Listening on Open-iSCSI iscsid Socket.
         Starting LXD - unix socket.
[[0;32m  OK  [0m] Listening on ACPID Listen Socket.
[[0;32m  OK  [0m] Started Ubuntu Advantage Timer for running repeated jobs.
[[0;32m  OK  [0m] Listening on D-Bus System Message Bus Socket.
[[0;32m  OK  [0m] Started ACPI Events Check.
[[0;32m  OK  [0m] Started Discard unused blocks once a week.
[[0;32m  OK  [0m] Listening on cloud-init hotplug hook socket.
[[0;32m  OK  [0m] Started Daily Cleanup of Temporary Directories.
[[0;32m  OK  [0m] Reached target Paths.
         Starting Socket activation for snappy daemon.
[[0;32m  OK  [0m] Listening on UUID daemon activation socket.
[[0;32m  OK  [0m] Started Daily apt download activities.
[[0;32m  OK  [0m] Started Daily apt upgrade and clean activities.
[[0;32m  OK  [0m] Started Message of the Day.
[[0;32m  OK  [0m] Reached target Timers.
[[0;32m  OK  [0m] Reached target Network is Online.
         Starting Availability of block devices...
[[0;32m  OK  [0m] Reached target Remote File Systems (Pre).
[[0;32m  OK  [0m] Reached target Remote File Systems.
[[0;32m  OK  [0m] Reached target Cloud-config availability.
[[0;32m  OK  [0m] Listening on LXD - unix socket.
[[0;32m  OK  [0m] Listening on Socket activation for snappy daemon.
[[0;32m  OK  [0m] Started Availability of block devices.
[[0;32m  OK  [0m] Reached target Sockets.
[[0;32m  OK  [0m] Reached target Basic System.
         Starting Login Service...
         Starting Pollinate to seed the pseudo random number generator...
         Starting Permit User Sessions...
[[0;32m  OK  [0m] Started Regular background program processing daemon.
         Starting Virtualbox guest utils...
[[0;32m  OK  [0m] Started D-Bus System Message Bus.
[[0;32m  OK  [0m] Started Deferred execution scheduler.
         Starting Accounts Service...
[[0;32m  OK  [0m] Reached target Login Prompts (Pre).
         Starting Dispatcher daemon for systemd-networkd...
[[0;32m  OK  [0m] Started irqbalance daemon.
         Starting Snap Daemon...
         Starting LSB: Record successful boot for GRUB...
[[0;32m  OK  [0m] Started FUSE filesystem for LXC.
         Starting System Logging Service...
         Starting LSB: automatic crash report generation...
         Starting LXD - container startup/shutdown...
[[0;32m  OK  [0m] Started Permit User Sessions.
[[0;32m  OK  [0m] Started Login Service.
[[0;32m  OK  [0m] Started System Logging Service.
         Starting Authorization Manager...
[[0;32m  OK  [0m] Started Unattended Upgrades Shutdown.
         Starting Terminate Plymouth Boot Screen...
         Starting Hold until boot process finishes up...
[[0;32m  OK  [0m] Started Hold until boot process finishes up.
[[0;32m  OK  [0m] Started Terminate Plymouth Boot Screen.
         Starting Set console scheme...
[[0;32m  OK  [0m] Started Serial Getty on ttyS0.
[[0;32m  OK  [0m] Started Set console scheme.
[[0;32m  OK  [0m] Created slice system-getty.slice.
[[0;32m  OK  [0m] Started Getty on tty1.
[[0;32m  OK  [0m] Reached target Login Prompts.
[[0;32m  OK  [0m] Started LSB: automatic crash report generation.
[[0;32m  OK  [0m] Started Authorization Manager.
[[0;32m  OK  [0m] Started Accounts Service.
[[0;32m  OK  [0m] Started LSB: Record successful boot for GRUB.
[[0;32m  OK  [0m] Started Virtualbox guest utils.
[[0;32m  OK  [0m] Started LXD - container startup/shutdown.
[[0;32m  OK  [0m] Started Dispatcher daemon for systemd-networkd.
[[0;32m  OK  [0m] Started Pollinate to seed the pseudo random number generator.
         Starting OpenBSD Secure Shell server...
[[0;32m  OK  [0m] Started OpenBSD Secure Shell server.
[[0;32m  OK  [0m] Started Snap Daemon.
         Starting Wait until snapd is fully seeded...
         Starting Time & Date Service...
[[0;32m  OK  [0m] Started Time & Date Service.
[[0;32m  OK  [0m] Started Wait until snapd is fully seeded.
         Starting Apply the settings specified in cloud-config...
[   24.734277] cloud-init[1470]: Cloud-init v. 22.4.2-0ubuntu0~18.04.1 running 'modules:config' at Mon, 06 Mar 2023 14:22:15 +0000. Up 24.23 seconds.
[[0;32m  OK  [0m] Started Apply the settings specified in cloud-config.
[[0;32m  OK  [0m] Reached target Multi-User System.
[[0;32m  OK  [0m] Reached target Graphical Interface.
         Starting Update UTMP about System Runlevel Changes...
         Starting Execute cloud user/final scripts...
[[0;32m  OK  [0m] Started Update UTMP about System Runlevel Changes.
ci-info: no authorized SSH keys fingerprints found for user ubuntu.
<14>Mar  6 14:22:16 cloud-init: #############################################################
<14>Mar  6 14:22:16 cloud-init: -----BEGIN SSH HOST KEY FINGERPRINTS-----
<14>Mar  6 14:22:16 cloud-init: 1024 SHA256:r7RYSqa4vKJjQnA7gkV/6oDu0OAKIG2ogpMKHrZPrPI root@ubuntu-bionic (DSA)
<14>Mar  6 14:22:16 cloud-init: 256 SHA256:khLqAFRhKls00nPghkkL6tjWMSjbBenvbuede0D/EYU root@ubuntu-bionic (ECDSA)
<14>Mar  6 14:22:16 cloud-init: 256 SHA256:iqyj4S2nOkJLvJ2TyPITrh7S8ezMgd5gz/saz/OsFQM root@ubuntu-bionic (ED25519)
<14>Mar  6 14:22:16 cloud-init: 2048 SHA256:8sw3dDFfJwnJ3MzjNNN6+TO6XiJnuxJh8E5qnfZmjHA root@ubuntu-bionic (RSA)
<14>Mar  6 14:22:16 cloud-init: -----END SSH HOST KEY FINGERPRINTS-----
<14>Mar  6 14:22:16 cloud-init: #############################################################
-----BEGIN SSH HOST KEY KEYS-----
ecdsa-sha2-nistp256 AAAAE2VjZHNhLXNoYTItbmlzdHAyNTYAAAAIbmlzdHAyNTYAAABBBJHTXMmVgDjy7hyZUJDtuE9v+2iHFOXOQCekm+ZkZrrYttFgooNZjGvmGnDjSIs8nbbvM98ePW3/s9BlxpUPLAA= root@ubuntu-bionic
ssh-ed25519 AAAAC3NzaC1lZDI1NTE5AAAAINZHlwfo3OlqNmakOR9hViCRvVxmbQHfgu3XsdqpoLSI root@ubuntu-bionic
ssh-rsa AAAAB3NzaC1yc2EAAAADAQABAAABAQDK1cnZRrh1v4b9+iFKbUAP9sSWYfjb/WHf3dgi973wChUu9qb+Fc+vdaDWpbpR7RL4vUtlE/t0dVYxGf8V1Vn8UVd2xUPdXbrJIOHXHjTIHWAWHhjhY3JMCqsXJi1RvUsztSd0Khz3EDQh6baHnGtfIYJH/atpAENF8JudK7D2n9S2KIn32r1e6zgUg6XQ6KZYGG9O5CxgiYy7pRj8QVQM3AWAo+fGbjJxhrXVFqCCL5/5IFnlYQ2KN4n40y/H8I93KzSmJzeqYxIAPaxGRMEcHtrHHNg2z3/lEGqK9ewzOT28FUUxWLxX9EU+5dmP4HkFTHvvc1cZPhGaXVH7OkuD root@ubuntu-bionic
-----END SSH HOST KEY KEYS-----
[   25.317596] cloud-init[1522]: Cloud-init v. 22.4.2-0ubuntu0~18.04.1 running 'modules:final' at Mon, 06 Mar 2023 14:22:16 +0000. Up 25.11 seconds.
[   25.322021] cloud-init[1522]: Cloud-init v. 22.4.2-0ubuntu0~18.04.1 finished at Mon, 06 Mar 2023 14:22:16 +0000. Datasource DataSourceNoCloud [seed=/dev/sdb][dsmode=net].  Up 25.31 seconds
[[0;32m  OK  [0m] Started Execute cloud user/final scripts.
[[0;32m  OK  [0m] Reached target Cloud-init target.

Ubuntu 18.04.6 LTS ubuntu-bionic ttyS0

ubuntu-bionic login: 